[2025-04-09T07:11:21.938+0000] {local_task_job_runner.py:120} INFO - ::group::Pre task execution logs
[2025-04-09T07:11:21.955+0000] {taskinstance.py:2076} INFO - Dependencies all met for dep_context=non-requeueable deps ti=<TaskInstance: RSS.process_news manual__2025-04-09T07:11:10.398857+00:00 [queued]>
[2025-04-09T07:11:21.962+0000] {taskinstance.py:2076} INFO - Dependencies all met for dep_context=requeueable deps ti=<TaskInstance: RSS.process_news manual__2025-04-09T07:11:10.398857+00:00 [queued]>
[2025-04-09T07:11:21.964+0000] {taskinstance.py:2306} INFO - Starting attempt 1 of 1
[2025-04-09T07:11:21.978+0000] {taskinstance.py:2330} INFO - Executing <Task(PythonOperator): process_news> on 2025-04-09 07:11:10.398857+00:00
[2025-04-09T07:11:21.991+0000] {warnings.py:112} WARNING - /home/***/.local/lib/python3.12/site-packages/***/task/task_runner/standard_task_runner.py:61: DeprecationWarning: This process (pid=1721) is multi-threaded, use of fork() may lead to deadlocks in the child.
  pid = os.fork()

[2025-04-09T07:11:21.995+0000] {standard_task_runner.py:63} INFO - Started process 1722 to run task
[2025-04-09T07:11:21.994+0000] {standard_task_runner.py:90} INFO - Running: ['***', 'tasks', 'run', 'RSS', 'process_news', 'manual__2025-04-09T07:11:10.398857+00:00', '--job-id', '205', '--raw', '--subdir', 'DAGS_FOLDER/RSS_DAG.py', '--cfg-path', '/tmp/tmptqa7yky2']
[2025-04-09T07:11:21.996+0000] {standard_task_runner.py:91} INFO - Job 205: Subtask process_news
[2025-04-09T07:11:22.037+0000] {task_command.py:426} INFO - Running <TaskInstance: RSS.process_news manual__2025-04-09T07:11:10.398857+00:00 [running]> on host 5986bb29e517
[2025-04-09T07:11:22.099+0000] {taskinstance.py:2648} INFO - Exporting env vars: AIRFLOW_CTX_DAG_OWNER='user' AIRFLOW_CTX_DAG_ID='RSS' AIRFLOW_CTX_TASK_ID='process_news' AIRFLOW_CTX_EXECUTION_DATE='2025-04-09T07:11:10.398857+00:00' AIRFLOW_CTX_TRY_NUMBER='1' AIRFLOW_CTX_DAG_RUN_ID='manual__2025-04-09T07:11:10.398857+00:00'
[2025-04-09T07:11:22.100+0000] {taskinstance.py:430} INFO - ::endgroup::
[2025-04-09T07:11:22.115+0000] {base.py:84} INFO - Using connection ID 'mongo_conn' for task execution.
[2025-04-09T07:11:22.116+0000] {RSS_DAG.py:158} INFO - Initializing sentiment analysis model...
[2025-04-09T07:11:22.117+0000] {log.py:232} WARNING - No model was supplied, defaulted to distilbert/distilbert-base-uncased-finetuned-sst-2-english and revision 714eb0f (https://huggingface.co/distilbert/distilbert-base-uncased-finetuned-sst-2-english).
Using a pipeline without specifying a model name and revision in production is not recommended.
[2025-04-09T07:11:24.278+0000] {log.py:232} WARNING - Device set to use cpu
[2025-04-09T07:11:24.279+0000] {RSS_DAG.py:160} INFO - Sentiment analysis model loaded.
[2025-04-09T07:11:24.284+0000] {base.py:84} INFO - Using connection ID 'redis_conn' for task execution.
[2025-04-09T07:11:24.286+0000] {RSS_DAG.py:173} INFO - Expecting 56 messages based on Redis counter.
[2025-04-09T07:11:24.310+0000] {RSS_DAG.py:179} INFO - Connected to MongoDB collection: DB.RSS
[2025-04-09T07:11:24.312+0000] {connection_workflow.py:179} INFO - Pika version 1.3.2 connecting to ('172.28.0.12', 5672)
[2025-04-09T07:11:24.313+0000] {io_services_utils.py:345} INFO - Socket connected: <socket.socket fd=99, family=2, type=1, proto=6, laddr=('172.28.0.16', 53582), raddr=('172.28.0.12', 5672)>
[2025-04-09T07:11:24.314+0000] {connection_workflow.py:428} INFO - Streaming transport linked up: (<pika.adapters.utils.io_services_utils._AsyncPlaintextTransport object at 0x7f737ebc73e0>, _StreamingProtocolShim: <SelectConnection PROTOCOL transport=<pika.adapters.utils.io_services_utils._AsyncPlaintextTransport object at 0x7f737ebc73e0> params=<ConnectionParameters host=rabbitmq port=5672 virtual_host=/ ssl=False>>).
[2025-04-09T07:11:24.317+0000] {connection_workflow.py:293} INFO - AMQPConnector - reporting success: <SelectConnection OPEN transport=<pika.adapters.utils.io_services_utils._AsyncPlaintextTransport object at 0x7f737ebc73e0> params=<ConnectionParameters host=rabbitmq port=5672 virtual_host=/ ssl=False>>
[2025-04-09T07:11:24.318+0000] {connection_workflow.py:725} INFO - AMQPConnectionWorkflow - reporting success: <SelectConnection OPEN transport=<pika.adapters.utils.io_services_utils._AsyncPlaintextTransport object at 0x7f737ebc73e0> params=<ConnectionParameters host=rabbitmq port=5672 virtual_host=/ ssl=False>>
[2025-04-09T07:11:24.319+0000] {blocking_connection.py:453} INFO - Connection workflow succeeded: <SelectConnection OPEN transport=<pika.adapters.utils.io_services_utils._AsyncPlaintextTransport object at 0x7f737ebc73e0> params=<ConnectionParameters host=rabbitmq port=5672 virtual_host=/ ssl=False>>
[2025-04-09T07:11:24.319+0000] {blocking_connection.py:1264} INFO - Created channel=1
[2025-04-09T07:11:24.323+0000] {RSS_DAG.py:190} INFO - Starting RabbitMQ consumer on queue 'RSS'. Expecting 56 messages...
[2025-04-09T07:11:24.423+0000] {RSS_DAG.py:111} INFO - Message with id https://cointelegraph.com/news/bitcoin-odds-outlasting-united-states-dollar-tariffs-crypto-analysts already exists. Skipping.
[2025-04-09T07:11:24.438+0000] {RSS_DAG.py:111} INFO - Message with id https://cointelegraph.com/news/ethereum-whale-sells-eth-after-900-days-missing-27-m-peak-profit already exists. Skipping.
[2025-04-09T07:11:24.452+0000] {RSS_DAG.py:111} INFO - Message with id https://cointelegraph.com/news/eth-outperforms-btc-just-15-percent-of-time-since-launch already exists. Skipping.
[2025-04-09T07:11:24.467+0000] {RSS_DAG.py:111} INFO - Message with id https://cointelegraph.com/news/eu-markets-regulator-warns-crypto-may-bring-broader-stability-issues already exists. Skipping.
[2025-04-09T07:11:24.481+0000] {RSS_DAG.py:111} INFO - Message with id https://cointelegraph.com/news/ai-agents-virtual-revenue-plunge-token-price-decline already exists. Skipping.
[2025-04-09T07:11:24.500+0000] {RSS_DAG.py:111} INFO - Message with id https://cointelegraph.com/news/shaquille-o-neal-gets-ok-11-million-astrals-nft-settlement already exists. Skipping.
[2025-04-09T07:11:24.519+0000] {RSS_DAG.py:111} INFO - Message with id https://cointelegraph.com/news/melania-trump-memecoin-team-sold-30-million-bubblemaps already exists. Skipping.
[2025-04-09T07:11:24.535+0000] {RSS_DAG.py:111} INFO - Message with id https://cointelegraph.com/news/microsoft-office-extension-packages-hide-malware-replaces-crypto-addresses already exists. Skipping.
[2025-04-09T07:11:24.551+0000] {RSS_DAG.py:111} INFO - Message with id https://cointelegraph.com/news/trumps-tariffs-lower-bitcoin-miner-price-outside-us already exists. Skipping.
[2025-04-09T07:11:24.562+0000] {RSS_DAG.py:111} INFO - Message with id https://cointelegraph.com/news/what-happened-in-crypto-today already exists. Skipping.
[2025-04-09T07:11:24.575+0000] {RSS_DAG.py:111} INFO - Message with id https://cointelegraph.com/news/redstone-trading-latency-new-oracle-megaeth already exists. Skipping.
[2025-04-09T07:11:24.591+0000] {RSS_DAG.py:111} INFO - Message with id https://cointelegraph.com/news/bitcoin-price-could-rally-even-as-global-trade-war-rages-on-here-is-why already exists. Skipping.
[2025-04-09T07:11:24.604+0000] {RSS_DAG.py:111} INFO - Message with id https://cointelegraph.com/news/cboe-files-to-list-canary-sui-etf already exists. Skipping.
[2025-04-09T07:11:24.619+0000] {RSS_DAG.py:111} INFO - Message with id https://cointelegraph.com/news/bitcoin-weekly-rsi-hits-bull-market-low-as-trader-sees-70-k-btc-price-bottom already exists. Skipping.
[2025-04-09T07:11:24.636+0000] {RSS_DAG.py:111} INFO - Message with id https://cointelegraph.com/news/china-counters-tariffs-yuan-devaluation-bullish-btc already exists. Skipping.
[2025-04-09T07:11:24.651+0000] {RSS_DAG.py:111} INFO - Message with id https://cointelegraph.com/news/aavegotchi-gaming-nfts-votes-to-ditch-polygon-for-base already exists. Skipping.
[2025-04-09T07:11:24.665+0000] {RSS_DAG.py:111} INFO - Message with id https://cointelegraph.com/news/ethereum-price-data-highlights-1-000-as-the-final-bottom-for-eth already exists. Skipping.
[2025-04-09T07:11:24.678+0000] {RSS_DAG.py:111} INFO - Message with id https://cointelegraph.com/news/blackrock-partners-anchorage-digital-digital-asset-custody already exists. Skipping.
[2025-04-09T07:11:24.693+0000] {RSS_DAG.py:111} INFO - Message with id https://cointelegraph.com/news/bitcoin-futures-divergences-point-to-transitioning-market-are-btc-bulls-accumulating already exists. Skipping.
[2025-04-09T07:11:24.709+0000] {RSS_DAG.py:111} INFO - Message with id https://cointelegraph.com/news/bitcoin-relief-rally-fizzles-as-white-house-confirms-104-china-tariffs-will-btc-fall-to-new-lows already exists. Skipping.
[2025-04-09T07:11:24.722+0000] {RSS_DAG.py:111} INFO - Message with id https://cointelegraph.com/news/binance-delists-14-tokens-vote-to-delist-process already exists. Skipping.
[2025-04-09T07:11:24.740+0000] {RSS_DAG.py:111} INFO - Message with id https://cointelegraph.com/news/bitcoin-rebounds-as-traders-spot-china-weaker-yuan-chart-but-us-trade-war-caps-80-k-btc-rally already exists. Skipping.
[2025-04-09T07:11:24.756+0000] {RSS_DAG.py:111} INFO - Message with id https://cointelegraph.com/news/ripple-acquisition-hidden-road-xrpl-cto already exists. Skipping.
[2025-04-09T07:11:24.770+0000] {RSS_DAG.py:111} INFO - Message with id https://cointelegraph.com/news/scaling-the-evm-requires-an-l1 already exists. Skipping.
[2025-04-09T07:11:24.783+0000] {RSS_DAG.py:111} INFO - Message with id https://cointelegraph.com/news/crypto-banking-adoption-expected-by-end-of-2025 already exists. Skipping.
[2025-04-09T07:11:24.796+0000] {RSS_DAG.py:111} INFO - Message with id https://cointelegraph.com/news/cboe-launches-new-bitcoin-futures-product already exists. Skipping.
[2025-04-09T07:11:24.809+0000] {RSS_DAG.py:111} INFO - Message with id https://cointelegraph.com/news/dubai-land-department-vara-agreement-real-estate-tokenization already exists. Skipping.
[2025-04-09T07:11:24.823+0000] {RSS_DAG.py:111} INFO - Message with id https://cointelegraph.com/news/bitcoin-24-7-liquidity-double-edged-sword-marketturmoil already exists. Skipping.
[2025-04-09T07:11:24.834+0000] {RSS_DAG.py:111} INFO - Message with id https://cointelegraph.com/explained/can-pi-network-succeed-without-listing-on-major-exchanges already exists. Skipping.
[2025-04-09T07:11:24.848+0000] {RSS_DAG.py:111} INFO - Message with id https://cointelegraph.com/news/trump-administration-shutters-doj-crypto-enforcement-team already exists. Skipping.
[2025-04-09T07:11:24.862+0000] {RSS_DAG.py:111} INFO - Message with id https://cointelegraph.com/news/twitter-user-claims-tradingview-has-ignored-a-fibonacci-retracement-bug-for-5-years already exists. Skipping.
[2025-04-09T07:11:24.878+0000] {RSS_DAG.py:111} INFO - Message with id 304cf85e-2285-4fca-8949-b2b7d4910979 already exists. Skipping.
[2025-04-09T07:11:24.890+0000] {RSS_DAG.py:111} INFO - Message with id ffaeaa7c-3f91-46a7-be49-5f9b58bc89db already exists. Skipping.
[2025-04-09T07:11:24.904+0000] {RSS_DAG.py:111} INFO - Message with id 89d5f1ef-ad6b-4580-81b7-f6c6c0ca6283 already exists. Skipping.
[2025-04-09T07:11:24.915+0000] {RSS_DAG.py:111} INFO - Message with id be70a774-74e2-4b2c-8a10-f0664a1d114c already exists. Skipping.
[2025-04-09T07:11:24.929+0000] {RSS_DAG.py:111} INFO - Message with id fea68659-a7cc-4550-8f2f-630a4095c751 already exists. Skipping.
[2025-04-09T07:11:24.942+0000] {RSS_DAG.py:111} INFO - Message with id 75910512-0523-4f38-9a67-f38432898a31 already exists. Skipping.
[2025-04-09T07:11:24.958+0000] {RSS_DAG.py:111} INFO - Message with id 5446fd3c-b230-4aa6-be23-d2abb37267bd already exists. Skipping.
[2025-04-09T07:11:24.971+0000] {RSS_DAG.py:111} INFO - Message with id 94ba8ba9-277e-469f-80a0-fea49c6dd29d already exists. Skipping.
[2025-04-09T07:11:24.982+0000] {RSS_DAG.py:111} INFO - Message with id 483f62d4-a116-4d74-b887-b26b7aa5424b already exists. Skipping.
[2025-04-09T07:11:24.998+0000] {RSS_DAG.py:111} INFO - Message with id 480ae80d-e3b8-46f1-9730-af77fbd6093d already exists. Skipping.
[2025-04-09T07:11:25.011+0000] {RSS_DAG.py:111} INFO - Message with id e56ec2f8-45af-4afc-a11c-d6c2d65de44f already exists. Skipping.
[2025-04-09T07:11:25.026+0000] {RSS_DAG.py:111} INFO - Message with id 2c57ee34-cb82-4f62-830d-95386be991de already exists. Skipping.
[2025-04-09T07:11:25.038+0000] {RSS_DAG.py:111} INFO - Message with id 63e2d0e5-7cb4-4d38-b27c-ee76f7051694 already exists. Skipping.
[2025-04-09T07:11:25.052+0000] {RSS_DAG.py:111} INFO - Message with id 2bd77a4b-fce9-402e-93c1-e5151a38039f already exists. Skipping.
[2025-04-09T07:11:25.065+0000] {RSS_DAG.py:111} INFO - Message with id 7b66d81d-b119-4542-8c07-2cfa442cc00a already exists. Skipping.
[2025-04-09T07:11:25.077+0000] {RSS_DAG.py:111} INFO - Message with id 5c40e5a2-a17f-48ed-8963-3214e076722a already exists. Skipping.
[2025-04-09T07:11:25.091+0000] {RSS_DAG.py:111} INFO - Message with id fd02ee9e-6b95-4a98-b725-ee111289d1d2 already exists. Skipping.
[2025-04-09T07:11:25.105+0000] {RSS_DAG.py:111} INFO - Message with id 77e61cee-c30d-4822-a986-bfc2fccc735d already exists. Skipping.
[2025-04-09T07:11:25.120+0000] {RSS_DAG.py:111} INFO - Message with id fee075dd-2263-45b9-b331-1d0fd64996ae already exists. Skipping.
[2025-04-09T07:11:25.133+0000] {RSS_DAG.py:111} INFO - Message with id e88cd9a6-66ad-4b40-8b4d-230085a32c65 already exists. Skipping.
[2025-04-09T07:11:25.148+0000] {RSS_DAG.py:111} INFO - Message with id 76ab933b-9e80-4ee1-b6cb-1d7fd0465b72 already exists. Skipping.
[2025-04-09T07:11:25.163+0000] {RSS_DAG.py:111} INFO - Message with id f4743c6c-b9c8-41bf-80ab-eed41c7da496 already exists. Skipping.
[2025-04-09T07:11:25.175+0000] {RSS_DAG.py:111} INFO - Message with id 0c544354-8019-4b37-8f57-ccc7d902d33d already exists. Skipping.
[2025-04-09T07:11:25.187+0000] {RSS_DAG.py:111} INFO - Message with id f9ec94be-d4cb-4b5e-b4b1-d8c713318870 already exists. Skipping.
[2025-04-09T07:11:25.200+0000] {RSS_DAG.py:111} INFO - Message with id b873e8dd-df22-4424-8288-5ee3594c0a54 already exists. Skipping.
[2025-04-09T07:11:25.201+0000] {RSS_DAG.py:125} INFO - All expected messages processed or counter reached zero.
[2025-04-09T07:11:25.202+0000] {RSS_DAG.py:147} INFO - No new messages to insert.
[2025-04-09T07:11:25.202+0000] {RSS_DAG.py:150} INFO - Attempting to stop RabbitMQ consumer...
[2025-04-09T07:11:25.204+0000] {RSS_DAG.py:152} INFO - Stopped consuming RabbitMQ messages.
[2025-04-09T07:11:25.204+0000] {RSS_DAG.py:192} INFO - RabbitMQ consumption completed.
[2025-04-09T07:11:25.205+0000] {blocking_connection.py:802} INFO - Closing connection (200): Normal shutdown
[2025-04-09T07:11:25.206+0000] {channel.py:536} INFO - Closing channel (200): 'Normal shutdown' on <Channel number=1 OPEN conn=<SelectConnection OPEN transport=<pika.adapters.utils.io_services_utils._AsyncPlaintextTransport object at 0x7f737ebc73e0> params=<ConnectionParameters host=rabbitmq port=5672 virtual_host=/ ssl=False>>>
[2025-04-09T07:11:25.207+0000] {channel.py:1133} INFO - Received <Channel.CloseOk> on <Channel number=1 CLOSING conn=<SelectConnection OPEN transport=<pika.adapters.utils.io_services_utils._AsyncPlaintextTransport object at 0x7f737ebc73e0> params=<ConnectionParameters host=rabbitmq port=5672 virtual_host=/ ssl=False>>>
[2025-04-09T07:11:25.208+0000] {connection.py:1316} INFO - Closing connection (200): 'Normal shutdown'
[2025-04-09T07:11:25.209+0000] {io_services_utils.py:731} INFO - Aborting transport connection: state=1; <socket.socket fd=99, family=2, type=1, proto=6, laddr=('172.28.0.16', 53582), raddr=('172.28.0.12', 5672)>
[2025-04-09T07:11:25.210+0000] {io_services_utils.py:904} INFO - _AsyncTransportBase._initate_abort(): Initiating abrupt asynchronous transport shutdown: state=1; error=None; <socket.socket fd=99, family=2, type=1, proto=6, laddr=('172.28.0.16', 53582), raddr=('172.28.0.12', 5672)>
[2025-04-09T07:11:25.211+0000] {io_services_utils.py:869} INFO - Deactivating transport: state=1; <socket.socket fd=99, family=2, type=1, proto=6, laddr=('172.28.0.16', 53582), raddr=('172.28.0.12', 5672)>
[2025-04-09T07:11:25.211+0000] {connection.py:2017} INFO - AMQP stack terminated, failed to connect, or aborted: opened=True, error-arg=None; pending-error=ConnectionClosedByClient: (200) 'Normal shutdown'
[2025-04-09T07:11:25.212+0000] {connection.py:2086} INFO - Stack terminated due to ConnectionClosedByClient: (200) 'Normal shutdown'
[2025-04-09T07:11:25.213+0000] {io_services_utils.py:882} INFO - Closing transport socket and unlinking: state=3; <socket.socket fd=99, family=2, type=1, proto=6, laddr=('172.28.0.16', 53582), raddr=('172.28.0.12', 5672)>
[2025-04-09T07:11:25.213+0000] {blocking_connection.py:525} INFO - User-initiated close: result=(<SelectConnection CLOSED transport=None params=<ConnectionParameters host=rabbitmq port=5672 virtual_host=/ ssl=False>>, ConnectionClosedByClient: (200) 'Normal shutdown')
[2025-04-09T07:11:25.224+0000] {python.py:237} INFO - Done. Returned value was: None
[2025-04-09T07:11:25.225+0000] {taskinstance.py:441} INFO - ::group::Post task execution logs
[2025-04-09T07:11:25.232+0000] {taskinstance.py:1206} INFO - Marking task as SUCCESS. dag_id=RSS, task_id=process_news, run_id=manual__2025-04-09T07:11:10.398857+00:00, execution_date=20250409T071110, start_date=20250409T071121, end_date=20250409T071125
[2025-04-09T07:11:25.259+0000] {local_task_job_runner.py:240} INFO - Task exited with return code 0
[2025-04-09T07:11:25.272+0000] {taskinstance.py:3503} INFO - 0 downstream tasks scheduled from follow-on schedule check
[2025-04-09T07:11:25.276+0000] {local_task_job_runner.py:222} INFO - ::endgroup::
