[2025-04-09T05:16:24.657+0000] {local_task_job_runner.py:120} INFO - ::group::Pre task execution logs
[2025-04-09T05:16:24.681+0000] {taskinstance.py:2076} INFO - Dependencies all met for dep_context=non-requeueable deps ti=<TaskInstance: RSS.init.set_variables scheduled__2025-04-09T04:01:00+00:00 [queued]>
[2025-04-09T05:16:24.688+0000] {taskinstance.py:2076} INFO - Dependencies all met for dep_context=requeueable deps ti=<TaskInstance: RSS.init.set_variables scheduled__2025-04-09T04:01:00+00:00 [queued]>
[2025-04-09T05:16:24.689+0000] {taskinstance.py:2306} INFO - Starting attempt 1 of 1
[2025-04-09T05:16:24.703+0000] {taskinstance.py:2330} INFO - Executing <Task(BashOperator): init.set_variables> on 2025-04-09 04:01:00+00:00
[2025-04-09T05:16:24.716+0000] {warnings.py:112} WARNING - /home/***/.local/lib/python3.12/site-packages/***/task/task_runner/standard_task_runner.py:61: DeprecationWarning: This process (pid=68) is multi-threaded, use of fork() may lead to deadlocks in the child.
  pid = os.fork()

[2025-04-09T05:16:24.717+0000] {standard_task_runner.py:63} INFO - Started process 77 to run task
[2025-04-09T05:16:24.719+0000] {standard_task_runner.py:90} INFO - Running: ['***', 'tasks', 'run', 'RSS', 'init.set_variables', 'scheduled__2025-04-09T04:01:00+00:00', '--job-id', '177', '--raw', '--subdir', 'DAGS_FOLDER/RSS_DAG.py', '--cfg-path', '/tmp/tmpf7b4bgte']
[2025-04-09T05:16:24.721+0000] {standard_task_runner.py:91} INFO - Job 177: Subtask init.set_variables
[2025-04-09T05:16:24.769+0000] {task_command.py:426} INFO - Running <TaskInstance: RSS.init.set_variables scheduled__2025-04-09T04:01:00+00:00 [running]> on host 5986bb29e517
[2025-04-09T05:16:24.860+0000] {taskinstance.py:2648} INFO - Exporting env vars: AIRFLOW_CTX_DAG_OWNER='user' AIRFLOW_CTX_DAG_ID='RSS' AIRFLOW_CTX_TASK_ID='init.set_variables' AIRFLOW_CTX_EXECUTION_DATE='2025-04-09T04:01:00+00:00' AIRFLOW_CTX_TRY_NUMBER='1' AIRFLOW_CTX_DAG_RUN_ID='scheduled__2025-04-09T04:01:00+00:00'
[2025-04-09T05:16:24.861+0000] {taskinstance.py:430} INFO - ::endgroup::
[2025-04-09T05:16:24.879+0000] {subprocess.py:63} INFO - Tmp dir root location: /tmp
[2025-04-09T05:16:24.880+0000] {subprocess.py:75} INFO - Running command: ['/usr/bin/bash', '-c', '*** variables import /opt/***/variables.json']
[2025-04-09T05:16:24.905+0000] {subprocess.py:86} INFO - Output:
[2025-04-09T05:16:27.614+0000] {subprocess.py:93} INFO - [[34m2025-04-09T05:16:27.613+0000[0m] {[34mcrypto.py:[0m82} WARNING[0m - empty cryptography key - values will not be stored encrypted.[0m
[2025-04-09T05:16:27.681+0000] {subprocess.py:93} INFO - 11 of 11 variables successfully updated.
[2025-04-09T05:16:28.109+0000] {subprocess.py:97} INFO - Command exited with return code 0
[2025-04-09T05:16:28.110+0000] {taskinstance.py:441} INFO - ::group::Post task execution logs
[2025-04-09T05:16:28.132+0000] {taskinstance.py:1206} INFO - Marking task as SUCCESS. dag_id=RSS, task_id=init.set_variables, run_id=scheduled__2025-04-09T04:01:00+00:00, execution_date=20250409T040100, start_date=20250409T051624, end_date=20250409T051628
[2025-04-09T05:16:28.179+0000] {local_task_job_runner.py:240} INFO - Task exited with return code 0
[2025-04-09T05:16:28.192+0000] {taskinstance.py:3503} INFO - 0 downstream tasks scheduled from follow-on schedule check
[2025-04-09T05:16:28.196+0000] {local_task_job_runner.py:222} INFO - ::endgroup::
