[2025-04-07T14:15:01.602+0000] {local_task_job_runner.py:120} INFO - ::group::Pre task execution logs
[2025-04-07T14:15:01.620+0000] {taskinstance.py:2076} INFO - Dependencies all met for dep_context=non-requeueable deps ti=<TaskInstance: Telegram.init.set_variables manual__2025-04-07T14:14:56.547266+00:00 [queued]>
[2025-04-07T14:15:01.626+0000] {taskinstance.py:2076} INFO - Dependencies all met for dep_context=requeueable deps ti=<TaskInstance: Telegram.init.set_variables manual__2025-04-07T14:14:56.547266+00:00 [queued]>
[2025-04-07T14:15:01.627+0000] {taskinstance.py:2306} INFO - Starting attempt 1 of 1
[2025-04-07T14:15:01.640+0000] {taskinstance.py:2330} INFO - Executing <Task(BashOperator): init.set_variables> on 2025-04-07 14:14:56.547266+00:00
[2025-04-07T14:15:01.649+0000] {warnings.py:112} WARNING - /home/***/.local/lib/python3.12/site-packages/***/task/task_runner/standard_task_runner.py:61: DeprecationWarning: This process (pid=256) is multi-threaded, use of fork() may lead to deadlocks in the child.
  pid = os.fork()

[2025-04-07T14:15:01.651+0000] {standard_task_runner.py:63} INFO - Started process 261 to run task
[2025-04-07T14:15:01.651+0000] {standard_task_runner.py:90} INFO - Running: ['***', 'tasks', 'run', 'Telegram', 'init.set_variables', 'manual__2025-04-07T14:14:56.547266+00:00', '--job-id', '166', '--raw', '--subdir', 'DAGS_FOLDER/TG_MSG_DAG.py', '--cfg-path', '/tmp/tmpyjbo9h8y']
[2025-04-07T14:15:01.654+0000] {standard_task_runner.py:91} INFO - Job 166: Subtask init.set_variables
[2025-04-07T14:15:01.695+0000] {task_command.py:426} INFO - Running <TaskInstance: Telegram.init.set_variables manual__2025-04-07T14:14:56.547266+00:00 [running]> on host 5986bb29e517
[2025-04-07T14:15:01.760+0000] {taskinstance.py:2648} INFO - Exporting env vars: AIRFLOW_CTX_DAG_OWNER='user' AIRFLOW_CTX_DAG_ID='Telegram' AIRFLOW_CTX_TASK_ID='init.set_variables' AIRFLOW_CTX_EXECUTION_DATE='2025-04-07T14:14:56.547266+00:00' AIRFLOW_CTX_TRY_NUMBER='1' AIRFLOW_CTX_DAG_RUN_ID='manual__2025-04-07T14:14:56.547266+00:00'
[2025-04-07T14:15:01.761+0000] {taskinstance.py:430} INFO - ::endgroup::
[2025-04-07T14:15:01.771+0000] {subprocess.py:63} INFO - Tmp dir root location: /tmp
[2025-04-07T14:15:01.772+0000] {subprocess.py:75} INFO - Running command: ['/usr/bin/bash', '-c', '*** variables import /opt/***/variables.json']
[2025-04-07T14:15:01.787+0000] {subprocess.py:86} INFO - Output:
[2025-04-07T14:15:05.151+0000] {subprocess.py:93} INFO - [[34m2025-04-07T14:15:05.150+0000[0m] {[34mcrypto.py:[0m82} WARNING[0m - empty cryptography key - values will not be stored encrypted.[0m
[2025-04-07T14:15:05.200+0000] {subprocess.py:93} INFO - 11 of 11 variables successfully updated.
[2025-04-07T14:15:06.292+0000] {subprocess.py:97} INFO - Command exited with return code 0
[2025-04-07T14:15:06.293+0000] {taskinstance.py:441} INFO - ::group::Post task execution logs
[2025-04-07T14:15:06.312+0000] {taskinstance.py:1206} INFO - Marking task as SUCCESS. dag_id=Telegram, task_id=init.set_variables, run_id=manual__2025-04-07T14:14:56.547266+00:00, execution_date=20250407T141456, start_date=20250407T141501, end_date=20250407T141506
[2025-04-07T14:15:06.335+0000] {local_task_job_runner.py:240} INFO - Task exited with return code 0
[2025-04-07T14:15:06.354+0000] {taskinstance.py:3503} INFO - 1 downstream tasks scheduled from follow-on schedule check
[2025-04-07T14:15:06.358+0000] {local_task_job_runner.py:222} INFO - ::endgroup::
