[2025-04-09T05:16:33.826+0000] {local_task_job_runner.py:120} INFO - ::group::Pre task execution logs
[2025-04-09T05:16:33.844+0000] {taskinstance.py:2076} INFO - Dependencies all met for dep_context=non-requeueable deps ti=<TaskInstance: RSS.process_news scheduled__2025-04-09T04:01:00+00:00 [queued]>
[2025-04-09T05:16:33.851+0000] {taskinstance.py:2076} INFO - Dependencies all met for dep_context=requeueable deps ti=<TaskInstance: RSS.process_news scheduled__2025-04-09T04:01:00+00:00 [queued]>
[2025-04-09T05:16:33.853+0000] {taskinstance.py:2306} INFO - Starting attempt 1 of 1
[2025-04-09T05:16:33.868+0000] {taskinstance.py:2330} INFO - Executing <Task(PythonOperator): process_news> on 2025-04-09 04:01:00+00:00
[2025-04-09T05:16:33.883+0000] {warnings.py:112} WARNING - /home/***/.local/lib/python3.12/site-packages/***/task/task_runner/standard_task_runner.py:61: DeprecationWarning: This process (pid=87) is multi-threaded, use of fork() may lead to deadlocks in the child.
  pid = os.fork()

[2025-04-09T05:16:33.884+0000] {standard_task_runner.py:63} INFO - Started process 94 to run task
[2025-04-09T05:16:33.884+0000] {standard_task_runner.py:90} INFO - Running: ['***', 'tasks', 'run', 'RSS', 'process_news', 'scheduled__2025-04-09T04:01:00+00:00', '--job-id', '181', '--raw', '--subdir', 'DAGS_FOLDER/RSS_DAG.py', '--cfg-path', '/tmp/tmpq15iu8_j']
[2025-04-09T05:16:33.886+0000] {standard_task_runner.py:91} INFO - Job 181: Subtask process_news
[2025-04-09T05:16:33.926+0000] {task_command.py:426} INFO - Running <TaskInstance: RSS.process_news scheduled__2025-04-09T04:01:00+00:00 [running]> on host 5986bb29e517
[2025-04-09T05:16:33.995+0000] {taskinstance.py:2648} INFO - Exporting env vars: AIRFLOW_CTX_DAG_OWNER='user' AIRFLOW_CTX_DAG_ID='RSS' AIRFLOW_CTX_TASK_ID='process_news' AIRFLOW_CTX_EXECUTION_DATE='2025-04-09T04:01:00+00:00' AIRFLOW_CTX_TRY_NUMBER='1' AIRFLOW_CTX_DAG_RUN_ID='scheduled__2025-04-09T04:01:00+00:00'
[2025-04-09T05:16:33.996+0000] {taskinstance.py:430} INFO - ::endgroup::
[2025-04-09T05:16:34.011+0000] {base.py:84} INFO - Using connection ID 'mongo_conn' for task execution.
[2025-04-09T05:16:34.012+0000] {RSS_DAG.py:159} INFO - Инициализация модели анализа тональности...
[2025-04-09T05:16:34.012+0000] {log.py:232} WARNING - No model was supplied, defaulted to distilbert/distilbert-base-uncased-finetuned-sst-2-english and revision 714eb0f (https://huggingface.co/distilbert/distilbert-base-uncased-finetuned-sst-2-english).
Using a pipeline without specifying a model name and revision in production is not recommended.
[2025-04-09T05:16:35.927+0000] {log.py:232} WARNING - Device set to use cpu
[2025-04-09T05:16:35.928+0000] {RSS_DAG.py:161} INFO - Модель анализа тональности загружена.
[2025-04-09T05:16:35.935+0000] {base.py:84} INFO - Using connection ID 'redis_conn' for task execution.
[2025-04-09T05:16:35.937+0000] {RSS_DAG.py:174} INFO - Ожидается 56 сообщений на основе счетчика Redis.
[2025-04-09T05:16:36.049+0000] {RSS_DAG.py:180} INFO - Подключено к коллекции MongoDB: DB.RSS
[2025-04-09T05:16:36.051+0000] {connection_workflow.py:179} INFO - Pika version 1.3.2 connecting to ('172.28.0.12', 5672)
[2025-04-09T05:16:36.052+0000] {io_services_utils.py:345} INFO - Socket connected: <socket.socket fd=98, family=2, type=1, proto=6, laddr=('172.28.0.16', 37330), raddr=('172.28.0.12', 5672)>
[2025-04-09T05:16:36.054+0000] {connection_workflow.py:428} INFO - Streaming transport linked up: (<pika.adapters.utils.io_services_utils._AsyncPlaintextTransport object at 0x7f737ebc5100>, _StreamingProtocolShim: <SelectConnection PROTOCOL transport=<pika.adapters.utils.io_services_utils._AsyncPlaintextTransport object at 0x7f737ebc5100> params=<ConnectionParameters host=rabbitmq port=5672 virtual_host=/ ssl=False>>).
[2025-04-09T05:16:36.058+0000] {connection_workflow.py:293} INFO - AMQPConnector - reporting success: <SelectConnection OPEN transport=<pika.adapters.utils.io_services_utils._AsyncPlaintextTransport object at 0x7f737ebc5100> params=<ConnectionParameters host=rabbitmq port=5672 virtual_host=/ ssl=False>>
[2025-04-09T05:16:36.059+0000] {connection_workflow.py:725} INFO - AMQPConnectionWorkflow - reporting success: <SelectConnection OPEN transport=<pika.adapters.utils.io_services_utils._AsyncPlaintextTransport object at 0x7f737ebc5100> params=<ConnectionParameters host=rabbitmq port=5672 virtual_host=/ ssl=False>>
[2025-04-09T05:16:36.059+0000] {blocking_connection.py:453} INFO - Connection workflow succeeded: <SelectConnection OPEN transport=<pika.adapters.utils.io_services_utils._AsyncPlaintextTransport object at 0x7f737ebc5100> params=<ConnectionParameters host=rabbitmq port=5672 virtual_host=/ ssl=False>>
[2025-04-09T05:16:36.060+0000] {blocking_connection.py:1264} INFO - Created channel=1
[2025-04-09T05:16:36.067+0000] {RSS_DAG.py:191} INFO - Запуск потребителя RabbitMQ в очереди 'RSS'. Ожидание 56 сообщений...
[2025-04-09T05:16:36.068+0000] {RSS_DAG.py:99} WARNING - Не найдено содержимое для анализа тональности в сообщении N/A
[2025-04-09T05:16:36.069+0000] {RSS_DAG.py:107} INFO - Сообщение с guid None.
[2025-04-09T05:16:36.069+0000] {RSS_DAG.py:114} WARNING - Получено сообщение без GUID. Пропускаем проверку дубликатов и добавляем.
[2025-04-09T05:16:36.070+0000] {RSS_DAG.py:99} WARNING - Не найдено содержимое для анализа тональности в сообщении N/A
[2025-04-09T05:16:36.070+0000] {RSS_DAG.py:107} INFO - Сообщение с guid None.
[2025-04-09T05:16:36.071+0000] {RSS_DAG.py:114} WARNING - Получено сообщение без GUID. Пропускаем проверку дубликатов и добавляем.
[2025-04-09T05:16:36.071+0000] {RSS_DAG.py:99} WARNING - Не найдено содержимое для анализа тональности в сообщении N/A
[2025-04-09T05:16:36.072+0000] {RSS_DAG.py:107} INFO - Сообщение с guid None.
[2025-04-09T05:16:36.072+0000] {RSS_DAG.py:114} WARNING - Получено сообщение без GUID. Пропускаем проверку дубликатов и добавляем.
[2025-04-09T05:16:36.073+0000] {RSS_DAG.py:99} WARNING - Не найдено содержимое для анализа тональности в сообщении N/A
[2025-04-09T05:16:36.073+0000] {RSS_DAG.py:107} INFO - Сообщение с guid None.
[2025-04-09T05:16:36.073+0000] {RSS_DAG.py:114} WARNING - Получено сообщение без GUID. Пропускаем проверку дубликатов и добавляем.
[2025-04-09T05:16:36.074+0000] {RSS_DAG.py:99} WARNING - Не найдено содержимое для анализа тональности в сообщении N/A
[2025-04-09T05:16:36.075+0000] {RSS_DAG.py:107} INFO - Сообщение с guid None.
[2025-04-09T05:16:36.075+0000] {RSS_DAG.py:114} WARNING - Получено сообщение без GUID. Пропускаем проверку дубликатов и добавляем.
[2025-04-09T05:16:36.075+0000] {RSS_DAG.py:99} WARNING - Не найдено содержимое для анализа тональности в сообщении N/A
[2025-04-09T05:16:36.076+0000] {RSS_DAG.py:107} INFO - Сообщение с guid None.
[2025-04-09T05:16:36.076+0000] {RSS_DAG.py:114} WARNING - Получено сообщение без GUID. Пропускаем проверку дубликатов и добавляем.
[2025-04-09T05:16:36.077+0000] {RSS_DAG.py:99} WARNING - Не найдено содержимое для анализа тональности в сообщении N/A
[2025-04-09T05:16:36.077+0000] {RSS_DAG.py:107} INFO - Сообщение с guid None.
[2025-04-09T05:16:36.077+0000] {RSS_DAG.py:114} WARNING - Получено сообщение без GUID. Пропускаем проверку дубликатов и добавляем.
[2025-04-09T05:16:36.078+0000] {RSS_DAG.py:99} WARNING - Не найдено содержимое для анализа тональности в сообщении N/A
[2025-04-09T05:16:36.079+0000] {RSS_DAG.py:107} INFO - Сообщение с guid None.
[2025-04-09T05:16:36.079+0000] {RSS_DAG.py:114} WARNING - Получено сообщение без GUID. Пропускаем проверку дубликатов и добавляем.
[2025-04-09T05:16:36.080+0000] {RSS_DAG.py:99} WARNING - Не найдено содержимое для анализа тональности в сообщении N/A
[2025-04-09T05:16:36.082+0000] {RSS_DAG.py:107} INFO - Сообщение с guid None.
[2025-04-09T05:16:36.084+0000] {RSS_DAG.py:114} WARNING - Получено сообщение без GUID. Пропускаем проверку дубликатов и добавляем.
[2025-04-09T05:16:36.085+0000] {RSS_DAG.py:99} WARNING - Не найдено содержимое для анализа тональности в сообщении N/A
[2025-04-09T05:16:36.086+0000] {RSS_DAG.py:107} INFO - Сообщение с guid None.
[2025-04-09T05:16:36.086+0000] {RSS_DAG.py:114} WARNING - Получено сообщение без GUID. Пропускаем проверку дубликатов и добавляем.
[2025-04-09T05:16:36.086+0000] {RSS_DAG.py:99} WARNING - Не найдено содержимое для анализа тональности в сообщении N/A
[2025-04-09T05:16:36.087+0000] {RSS_DAG.py:107} INFO - Сообщение с guid None.
[2025-04-09T05:16:36.087+0000] {RSS_DAG.py:114} WARNING - Получено сообщение без GUID. Пропускаем проверку дубликатов и добавляем.
[2025-04-09T05:16:36.088+0000] {RSS_DAG.py:99} WARNING - Не найдено содержимое для анализа тональности в сообщении N/A
[2025-04-09T05:16:36.088+0000] {RSS_DAG.py:107} INFO - Сообщение с guid None.
[2025-04-09T05:16:36.088+0000] {RSS_DAG.py:114} WARNING - Получено сообщение без GUID. Пропускаем проверку дубликатов и добавляем.
[2025-04-09T05:16:36.089+0000] {RSS_DAG.py:99} WARNING - Не найдено содержимое для анализа тональности в сообщении N/A
[2025-04-09T05:16:36.089+0000] {RSS_DAG.py:107} INFO - Сообщение с guid None.
[2025-04-09T05:16:36.090+0000] {RSS_DAG.py:114} WARNING - Получено сообщение без GUID. Пропускаем проверку дубликатов и добавляем.
[2025-04-09T05:16:36.090+0000] {RSS_DAG.py:99} WARNING - Не найдено содержимое для анализа тональности в сообщении N/A
[2025-04-09T05:16:36.091+0000] {RSS_DAG.py:107} INFO - Сообщение с guid None.
[2025-04-09T05:16:36.093+0000] {RSS_DAG.py:114} WARNING - Получено сообщение без GUID. Пропускаем проверку дубликатов и добавляем.
[2025-04-09T05:16:36.093+0000] {RSS_DAG.py:99} WARNING - Не найдено содержимое для анализа тональности в сообщении N/A
[2025-04-09T05:16:36.094+0000] {RSS_DAG.py:107} INFO - Сообщение с guid None.
[2025-04-09T05:16:36.094+0000] {RSS_DAG.py:114} WARNING - Получено сообщение без GUID. Пропускаем проверку дубликатов и добавляем.
[2025-04-09T05:16:36.095+0000] {RSS_DAG.py:99} WARNING - Не найдено содержимое для анализа тональности в сообщении N/A
[2025-04-09T05:16:36.095+0000] {RSS_DAG.py:107} INFO - Сообщение с guid None.
[2025-04-09T05:16:36.096+0000] {RSS_DAG.py:114} WARNING - Получено сообщение без GUID. Пропускаем проверку дубликатов и добавляем.
[2025-04-09T05:16:36.096+0000] {RSS_DAG.py:99} WARNING - Не найдено содержимое для анализа тональности в сообщении N/A
[2025-04-09T05:16:36.097+0000] {RSS_DAG.py:107} INFO - Сообщение с guid None.
[2025-04-09T05:16:36.097+0000] {RSS_DAG.py:114} WARNING - Получено сообщение без GUID. Пропускаем проверку дубликатов и добавляем.
[2025-04-09T05:16:36.097+0000] {RSS_DAG.py:99} WARNING - Не найдено содержимое для анализа тональности в сообщении N/A
[2025-04-09T05:16:36.098+0000] {RSS_DAG.py:107} INFO - Сообщение с guid None.
[2025-04-09T05:16:36.098+0000] {RSS_DAG.py:114} WARNING - Получено сообщение без GUID. Пропускаем проверку дубликатов и добавляем.
[2025-04-09T05:16:36.099+0000] {RSS_DAG.py:99} WARNING - Не найдено содержимое для анализа тональности в сообщении N/A
[2025-04-09T05:16:36.099+0000] {RSS_DAG.py:107} INFO - Сообщение с guid None.
[2025-04-09T05:16:36.100+0000] {RSS_DAG.py:114} WARNING - Получено сообщение без GUID. Пропускаем проверку дубликатов и добавляем.
[2025-04-09T05:16:36.100+0000] {RSS_DAG.py:99} WARNING - Не найдено содержимое для анализа тональности в сообщении N/A
[2025-04-09T05:16:36.101+0000] {RSS_DAG.py:107} INFO - Сообщение с guid None.
[2025-04-09T05:16:36.102+0000] {RSS_DAG.py:114} WARNING - Получено сообщение без GUID. Пропускаем проверку дубликатов и добавляем.
[2025-04-09T05:16:36.102+0000] {RSS_DAG.py:99} WARNING - Не найдено содержимое для анализа тональности в сообщении N/A
[2025-04-09T05:16:36.103+0000] {RSS_DAG.py:107} INFO - Сообщение с guid None.
[2025-04-09T05:16:36.103+0000] {RSS_DAG.py:114} WARNING - Получено сообщение без GUID. Пропускаем проверку дубликатов и добавляем.
[2025-04-09T05:16:36.104+0000] {RSS_DAG.py:99} WARNING - Не найдено содержимое для анализа тональности в сообщении N/A
[2025-04-09T05:16:36.105+0000] {RSS_DAG.py:107} INFO - Сообщение с guid None.
[2025-04-09T05:16:36.105+0000] {RSS_DAG.py:114} WARNING - Получено сообщение без GUID. Пропускаем проверку дубликатов и добавляем.
[2025-04-09T05:16:36.105+0000] {RSS_DAG.py:99} WARNING - Не найдено содержимое для анализа тональности в сообщении N/A
[2025-04-09T05:16:36.106+0000] {RSS_DAG.py:107} INFO - Сообщение с guid None.
[2025-04-09T05:16:36.106+0000] {RSS_DAG.py:114} WARNING - Получено сообщение без GUID. Пропускаем проверку дубликатов и добавляем.
[2025-04-09T05:16:36.106+0000] {RSS_DAG.py:99} WARNING - Не найдено содержимое для анализа тональности в сообщении N/A
[2025-04-09T05:16:36.107+0000] {RSS_DAG.py:107} INFO - Сообщение с guid None.
[2025-04-09T05:16:36.107+0000] {RSS_DAG.py:114} WARNING - Получено сообщение без GUID. Пропускаем проверку дубликатов и добавляем.
[2025-04-09T05:16:36.108+0000] {RSS_DAG.py:99} WARNING - Не найдено содержимое для анализа тональности в сообщении N/A
[2025-04-09T05:16:36.108+0000] {RSS_DAG.py:107} INFO - Сообщение с guid None.
[2025-04-09T05:16:36.108+0000] {RSS_DAG.py:114} WARNING - Получено сообщение без GUID. Пропускаем проверку дубликатов и добавляем.
[2025-04-09T05:16:36.109+0000] {RSS_DAG.py:99} WARNING - Не найдено содержимое для анализа тональности в сообщении N/A
[2025-04-09T05:16:36.109+0000] {RSS_DAG.py:107} INFO - Сообщение с guid None.
[2025-04-09T05:16:36.110+0000] {RSS_DAG.py:114} WARNING - Получено сообщение без GUID. Пропускаем проверку дубликатов и добавляем.
[2025-04-09T05:16:36.110+0000] {RSS_DAG.py:99} WARNING - Не найдено содержимое для анализа тональности в сообщении N/A
[2025-04-09T05:16:36.111+0000] {RSS_DAG.py:107} INFO - Сообщение с guid None.
[2025-04-09T05:16:36.111+0000] {RSS_DAG.py:114} WARNING - Получено сообщение без GUID. Пропускаем проверку дубликатов и добавляем.
[2025-04-09T05:16:36.112+0000] {RSS_DAG.py:99} WARNING - Не найдено содержимое для анализа тональности в сообщении N/A
[2025-04-09T05:16:36.112+0000] {RSS_DAG.py:107} INFO - Сообщение с guid None.
[2025-04-09T05:16:36.112+0000] {RSS_DAG.py:114} WARNING - Получено сообщение без GUID. Пропускаем проверку дубликатов и добавляем.
[2025-04-09T05:16:36.113+0000] {RSS_DAG.py:99} WARNING - Не найдено содержимое для анализа тональности в сообщении N/A
[2025-04-09T05:16:36.113+0000] {RSS_DAG.py:107} INFO - Сообщение с guid None.
[2025-04-09T05:16:36.114+0000] {RSS_DAG.py:114} WARNING - Получено сообщение без GUID. Пропускаем проверку дубликатов и добавляем.
[2025-04-09T05:16:36.114+0000] {RSS_DAG.py:99} WARNING - Не найдено содержимое для анализа тональности в сообщении N/A
[2025-04-09T05:16:36.115+0000] {RSS_DAG.py:107} INFO - Сообщение с guid None.
[2025-04-09T05:16:36.115+0000] {RSS_DAG.py:114} WARNING - Получено сообщение без GUID. Пропускаем проверку дубликатов и добавляем.
[2025-04-09T05:16:36.115+0000] {RSS_DAG.py:99} WARNING - Не найдено содержимое для анализа тональности в сообщении N/A
[2025-04-09T05:16:36.116+0000] {RSS_DAG.py:107} INFO - Сообщение с guid None.
[2025-04-09T05:16:36.116+0000] {RSS_DAG.py:114} WARNING - Получено сообщение без GUID. Пропускаем проверку дубликатов и добавляем.
[2025-04-09T05:16:36.234+0000] {RSS_DAG.py:107} INFO - Сообщение с guid None.
[2025-04-09T05:16:36.234+0000] {RSS_DAG.py:114} WARNING - Получено сообщение без GUID. Пропускаем проверку дубликатов и добавляем.
[2025-04-09T05:16:36.254+0000] {RSS_DAG.py:107} INFO - Сообщение с guid None.
[2025-04-09T05:16:36.255+0000] {RSS_DAG.py:114} WARNING - Получено сообщение без GUID. Пропускаем проверку дубликатов и добавляем.
[2025-04-09T05:16:36.278+0000] {RSS_DAG.py:107} INFO - Сообщение с guid None.
[2025-04-09T05:16:36.279+0000] {RSS_DAG.py:114} WARNING - Получено сообщение без GUID. Пропускаем проверку дубликатов и добавляем.
[2025-04-09T05:16:36.293+0000] {RSS_DAG.py:107} INFO - Сообщение с guid None.
[2025-04-09T05:16:36.294+0000] {RSS_DAG.py:114} WARNING - Получено сообщение без GUID. Пропускаем проверку дубликатов и добавляем.
[2025-04-09T05:16:36.308+0000] {RSS_DAG.py:107} INFO - Сообщение с guid None.
[2025-04-09T05:16:36.309+0000] {RSS_DAG.py:114} WARNING - Получено сообщение без GUID. Пропускаем проверку дубликатов и добавляем.
[2025-04-09T05:16:36.326+0000] {RSS_DAG.py:107} INFO - Сообщение с guid None.
[2025-04-09T05:16:36.326+0000] {RSS_DAG.py:114} WARNING - Получено сообщение без GUID. Пропускаем проверку дубликатов и добавляем.
[2025-04-09T05:16:36.341+0000] {RSS_DAG.py:107} INFO - Сообщение с guid None.
[2025-04-09T05:16:36.342+0000] {RSS_DAG.py:114} WARNING - Получено сообщение без GUID. Пропускаем проверку дубликатов и добавляем.
[2025-04-09T05:16:36.356+0000] {RSS_DAG.py:107} INFO - Сообщение с guid None.
[2025-04-09T05:16:36.357+0000] {RSS_DAG.py:114} WARNING - Получено сообщение без GUID. Пропускаем проверку дубликатов и добавляем.
[2025-04-09T05:16:36.370+0000] {RSS_DAG.py:107} INFO - Сообщение с guid None.
[2025-04-09T05:16:36.371+0000] {RSS_DAG.py:114} WARNING - Получено сообщение без GUID. Пропускаем проверку дубликатов и добавляем.
[2025-04-09T05:16:36.383+0000] {RSS_DAG.py:107} INFO - Сообщение с guid None.
[2025-04-09T05:16:36.384+0000] {RSS_DAG.py:114} WARNING - Получено сообщение без GUID. Пропускаем проверку дубликатов и добавляем.
[2025-04-09T05:16:36.401+0000] {RSS_DAG.py:107} INFO - Сообщение с guid None.
[2025-04-09T05:16:36.402+0000] {RSS_DAG.py:114} WARNING - Получено сообщение без GUID. Пропускаем проверку дубликатов и добавляем.
[2025-04-09T05:16:36.416+0000] {RSS_DAG.py:107} INFO - Сообщение с guid None.
[2025-04-09T05:16:36.417+0000] {RSS_DAG.py:114} WARNING - Получено сообщение без GUID. Пропускаем проверку дубликатов и добавляем.
[2025-04-09T05:16:36.432+0000] {RSS_DAG.py:107} INFO - Сообщение с guid None.
[2025-04-09T05:16:36.433+0000] {RSS_DAG.py:114} WARNING - Получено сообщение без GUID. Пропускаем проверку дубликатов и добавляем.
[2025-04-09T05:16:36.447+0000] {RSS_DAG.py:107} INFO - Сообщение с guid None.
[2025-04-09T05:16:36.448+0000] {RSS_DAG.py:114} WARNING - Получено сообщение без GUID. Пропускаем проверку дубликатов и добавляем.
[2025-04-09T05:16:36.461+0000] {RSS_DAG.py:107} INFO - Сообщение с guid None.
[2025-04-09T05:16:36.462+0000] {RSS_DAG.py:114} WARNING - Получено сообщение без GUID. Пропускаем проверку дубликатов и добавляем.
[2025-04-09T05:16:36.474+0000] {RSS_DAG.py:107} INFO - Сообщение с guid None.
[2025-04-09T05:16:36.475+0000] {RSS_DAG.py:114} WARNING - Получено сообщение без GUID. Пропускаем проверку дубликатов и добавляем.
[2025-04-09T05:16:36.491+0000] {RSS_DAG.py:107} INFO - Сообщение с guid None.
[2025-04-09T05:16:36.491+0000] {RSS_DAG.py:114} WARNING - Получено сообщение без GUID. Пропускаем проверку дубликатов и добавляем.
[2025-04-09T05:16:36.504+0000] {RSS_DAG.py:107} INFO - Сообщение с guid None.
[2025-04-09T05:16:36.504+0000] {RSS_DAG.py:114} WARNING - Получено сообщение без GUID. Пропускаем проверку дубликатов и добавляем.
[2025-04-09T05:16:36.515+0000] {RSS_DAG.py:107} INFO - Сообщение с guid None.
[2025-04-09T05:16:36.516+0000] {RSS_DAG.py:114} WARNING - Получено сообщение без GUID. Пропускаем проверку дубликатов и добавляем.
[2025-04-09T05:16:36.531+0000] {RSS_DAG.py:107} INFO - Сообщение с guid None.
[2025-04-09T05:16:36.532+0000] {RSS_DAG.py:114} WARNING - Получено сообщение без GUID. Пропускаем проверку дубликатов и добавляем.
[2025-04-09T05:16:36.548+0000] {RSS_DAG.py:107} INFO - Сообщение с guid None.
[2025-04-09T05:16:36.548+0000] {RSS_DAG.py:114} WARNING - Получено сообщение без GUID. Пропускаем проверку дубликатов и добавляем.
[2025-04-09T05:16:36.561+0000] {RSS_DAG.py:107} INFO - Сообщение с guid None.
[2025-04-09T05:16:36.561+0000] {RSS_DAG.py:114} WARNING - Получено сообщение без GUID. Пропускаем проверку дубликатов и добавляем.
[2025-04-09T05:16:36.576+0000] {RSS_DAG.py:107} INFO - Сообщение с guid None.
[2025-04-09T05:16:36.577+0000] {RSS_DAG.py:114} WARNING - Получено сообщение без GUID. Пропускаем проверку дубликатов и добавляем.
[2025-04-09T05:16:36.592+0000] {RSS_DAG.py:107} INFO - Сообщение с guid None.
[2025-04-09T05:16:36.593+0000] {RSS_DAG.py:114} WARNING - Получено сообщение без GUID. Пропускаем проверку дубликатов и добавляем.
[2025-04-09T05:16:36.607+0000] {RSS_DAG.py:107} INFO - Сообщение с guid None.
[2025-04-09T05:16:36.608+0000] {RSS_DAG.py:114} WARNING - Получено сообщение без GUID. Пропускаем проверку дубликатов и добавляем.
[2025-04-09T05:16:36.608+0000] {RSS_DAG.py:126} INFO - Обработаны все ожидаемые сообщения или счетчик достиг нуля.
[2025-04-09T05:16:36.609+0000] {RSS_DAG.py:129} INFO - Вставка 56 новых сообщений в MongoDB.
[2025-04-09T05:16:36.626+0000] {RSS_DAG.py:151} INFO - Попытка остановить потребителя RabbitMQ...
[2025-04-09T05:16:36.627+0000] {RSS_DAG.py:153} INFO - Остановлено потребление сообщений RabbitMQ.
[2025-04-09T05:16:36.628+0000] {RSS_DAG.py:193} INFO - Потребление RabbitMQ завершено.
[2025-04-09T05:16:36.628+0000] {blocking_connection.py:802} INFO - Closing connection (200): Normal shutdown
[2025-04-09T05:16:36.628+0000] {channel.py:536} INFO - Closing channel (200): 'Normal shutdown' on <Channel number=1 OPEN conn=<SelectConnection OPEN transport=<pika.adapters.utils.io_services_utils._AsyncPlaintextTransport object at 0x7f737ebc5100> params=<ConnectionParameters host=rabbitmq port=5672 virtual_host=/ ssl=False>>>
[2025-04-09T05:16:36.629+0000] {channel.py:1133} INFO - Received <Channel.CloseOk> on <Channel number=1 CLOSING conn=<SelectConnection OPEN transport=<pika.adapters.utils.io_services_utils._AsyncPlaintextTransport object at 0x7f737ebc5100> params=<ConnectionParameters host=rabbitmq port=5672 virtual_host=/ ssl=False>>>
[2025-04-09T05:16:36.630+0000] {connection.py:1316} INFO - Closing connection (200): 'Normal shutdown'
[2025-04-09T05:16:36.631+0000] {io_services_utils.py:731} INFO - Aborting transport connection: state=1; <socket.socket fd=98, family=2, type=1, proto=6, laddr=('172.28.0.16', 37330), raddr=('172.28.0.12', 5672)>
[2025-04-09T05:16:36.631+0000] {io_services_utils.py:904} INFO - _AsyncTransportBase._initate_abort(): Initiating abrupt asynchronous transport shutdown: state=1; error=None; <socket.socket fd=98, family=2, type=1, proto=6, laddr=('172.28.0.16', 37330), raddr=('172.28.0.12', 5672)>
[2025-04-09T05:16:36.632+0000] {io_services_utils.py:869} INFO - Deactivating transport: state=1; <socket.socket fd=98, family=2, type=1, proto=6, laddr=('172.28.0.16', 37330), raddr=('172.28.0.12', 5672)>
[2025-04-09T05:16:36.632+0000] {connection.py:2017} INFO - AMQP stack terminated, failed to connect, or aborted: opened=True, error-arg=None; pending-error=ConnectionClosedByClient: (200) 'Normal shutdown'
[2025-04-09T05:16:36.633+0000] {connection.py:2086} INFO - Stack terminated due to ConnectionClosedByClient: (200) 'Normal shutdown'
[2025-04-09T05:16:36.633+0000] {io_services_utils.py:882} INFO - Closing transport socket and unlinking: state=3; <socket.socket fd=98, family=2, type=1, proto=6, laddr=('172.28.0.16', 37330), raddr=('172.28.0.12', 5672)>
[2025-04-09T05:16:36.634+0000] {blocking_connection.py:525} INFO - User-initiated close: result=(<SelectConnection CLOSED transport=None params=<ConnectionParameters host=rabbitmq port=5672 virtual_host=/ ssl=False>>, ConnectionClosedByClient: (200) 'Normal shutdown')
[2025-04-09T05:16:36.643+0000] {python.py:237} INFO - Done. Returned value was: None
[2025-04-09T05:16:36.644+0000] {taskinstance.py:441} INFO - ::group::Post task execution logs
[2025-04-09T05:16:36.651+0000] {taskinstance.py:1206} INFO - Marking task as SUCCESS. dag_id=RSS, task_id=process_news, run_id=scheduled__2025-04-09T04:01:00+00:00, execution_date=20250409T040100, start_date=20250409T051633, end_date=20250409T051636
[2025-04-09T05:16:36.703+0000] {local_task_job_runner.py:240} INFO - Task exited with return code 0
[2025-04-09T05:16:36.716+0000] {taskinstance.py:3503} INFO - 0 downstream tasks scheduled from follow-on schedule check
[2025-04-09T05:16:36.719+0000] {local_task_job_runner.py:222} INFO - ::endgroup::
