[2025-04-09T06:01:16.762+0000] {local_task_job_runner.py:120} INFO - ::group::Pre task execution logs
[2025-04-09T06:01:16.778+0000] {taskinstance.py:2076} INFO - Dependencies all met for dep_context=non-requeueable deps ti=<TaskInstance: RSS.process_news scheduled__2025-04-09T05:01:00+00:00 [queued]>
[2025-04-09T06:01:16.784+0000] {taskinstance.py:2076} INFO - Dependencies all met for dep_context=requeueable deps ti=<TaskInstance: RSS.process_news scheduled__2025-04-09T05:01:00+00:00 [queued]>
[2025-04-09T06:01:16.784+0000] {taskinstance.py:2306} INFO - Starting attempt 1 of 1
[2025-04-09T06:01:16.795+0000] {taskinstance.py:2330} INFO - Executing <Task(PythonOperator): process_news> on 2025-04-09 05:01:00+00:00
[2025-04-09T06:01:16.808+0000] {warnings.py:112} WARNING - /home/***/.local/lib/python3.12/site-packages/***/task/task_runner/standard_task_runner.py:61: DeprecationWarning: This process (pid=703) is multi-threaded, use of fork() may lead to deadlocks in the child.
  pid = os.fork()

[2025-04-09T06:01:16.809+0000] {standard_task_runner.py:63} INFO - Started process 704 to run task
[2025-04-09T06:01:16.809+0000] {standard_task_runner.py:90} INFO - Running: ['***', 'tasks', 'run', 'RSS', 'process_news', 'scheduled__2025-04-09T05:01:00+00:00', '--job-id', '189', '--raw', '--subdir', 'DAGS_FOLDER/RSS_DAG.py', '--cfg-path', '/tmp/tmp2j4a5xsy']
[2025-04-09T06:01:16.811+0000] {standard_task_runner.py:91} INFO - Job 189: Subtask process_news
[2025-04-09T06:01:16.844+0000] {task_command.py:426} INFO - Running <TaskInstance: RSS.process_news scheduled__2025-04-09T05:01:00+00:00 [running]> on host 5986bb29e517
[2025-04-09T06:01:16.910+0000] {taskinstance.py:2648} INFO - Exporting env vars: AIRFLOW_CTX_DAG_OWNER='user' AIRFLOW_CTX_DAG_ID='RSS' AIRFLOW_CTX_TASK_ID='process_news' AIRFLOW_CTX_EXECUTION_DATE='2025-04-09T05:01:00+00:00' AIRFLOW_CTX_TRY_NUMBER='1' AIRFLOW_CTX_DAG_RUN_ID='scheduled__2025-04-09T05:01:00+00:00'
[2025-04-09T06:01:16.911+0000] {taskinstance.py:430} INFO - ::endgroup::
[2025-04-09T06:01:16.926+0000] {base.py:84} INFO - Using connection ID 'mongo_conn' for task execution.
[2025-04-09T06:01:16.926+0000] {RSS_DAG.py:159} INFO - Инициализация модели анализа тональности...
[2025-04-09T06:01:16.927+0000] {log.py:232} WARNING - No model was supplied, defaulted to distilbert/distilbert-base-uncased-finetuned-sst-2-english and revision 714eb0f (https://huggingface.co/distilbert/distilbert-base-uncased-finetuned-sst-2-english).
Using a pipeline without specifying a model name and revision in production is not recommended.
[2025-04-09T06:01:18.318+0000] {log.py:232} WARNING - Device set to use cpu
[2025-04-09T06:01:18.319+0000] {RSS_DAG.py:161} INFO - Модель анализа тональности загружена.
[2025-04-09T06:01:18.323+0000] {base.py:84} INFO - Using connection ID 'redis_conn' for task execution.
[2025-04-09T06:01:18.326+0000] {RSS_DAG.py:174} INFO - Ожидается 56 сообщений на основе счетчика Redis.
[2025-04-09T06:01:18.377+0000] {RSS_DAG.py:180} INFO - Подключено к коллекции MongoDB: DB.RSS
[2025-04-09T06:01:18.379+0000] {connection_workflow.py:179} INFO - Pika version 1.3.2 connecting to ('172.28.0.12', 5672)
[2025-04-09T06:01:18.380+0000] {io_services_utils.py:345} INFO - Socket connected: <socket.socket fd=98, family=2, type=1, proto=6, laddr=('172.28.0.16', 59112), raddr=('172.28.0.12', 5672)>
[2025-04-09T06:01:18.381+0000] {connection_workflow.py:428} INFO - Streaming transport linked up: (<pika.adapters.utils.io_services_utils._AsyncPlaintextTransport object at 0x7f737eac7ad0>, _StreamingProtocolShim: <SelectConnection PROTOCOL transport=<pika.adapters.utils.io_services_utils._AsyncPlaintextTransport object at 0x7f737eac7ad0> params=<ConnectionParameters host=rabbitmq port=5672 virtual_host=/ ssl=False>>).
[2025-04-09T06:01:18.385+0000] {connection_workflow.py:293} INFO - AMQPConnector - reporting success: <SelectConnection OPEN transport=<pika.adapters.utils.io_services_utils._AsyncPlaintextTransport object at 0x7f737eac7ad0> params=<ConnectionParameters host=rabbitmq port=5672 virtual_host=/ ssl=False>>
[2025-04-09T06:01:18.385+0000] {connection_workflow.py:725} INFO - AMQPConnectionWorkflow - reporting success: <SelectConnection OPEN transport=<pika.adapters.utils.io_services_utils._AsyncPlaintextTransport object at 0x7f737eac7ad0> params=<ConnectionParameters host=rabbitmq port=5672 virtual_host=/ ssl=False>>
[2025-04-09T06:01:18.386+0000] {blocking_connection.py:453} INFO - Connection workflow succeeded: <SelectConnection OPEN transport=<pika.adapters.utils.io_services_utils._AsyncPlaintextTransport object at 0x7f737eac7ad0> params=<ConnectionParameters host=rabbitmq port=5672 virtual_host=/ ssl=False>>
[2025-04-09T06:01:18.386+0000] {blocking_connection.py:1264} INFO - Created channel=1
[2025-04-09T06:01:18.391+0000] {RSS_DAG.py:191} INFO - Запуск потребителя RabbitMQ в очереди 'RSS'. Ожидание 56 сообщений...
[2025-04-09T06:01:18.392+0000] {RSS_DAG.py:99} WARNING - Не найдено содержимое для анализа тональности в сообщении N/A
[2025-04-09T06:01:18.392+0000] {RSS_DAG.py:107} INFO - Сообщение с guid None.
[2025-04-09T06:01:18.393+0000] {RSS_DAG.py:114} WARNING - Получено сообщение без GUID. Пропускаем проверку дубликатов и добавляем.
[2025-04-09T06:01:18.393+0000] {RSS_DAG.py:99} WARNING - Не найдено содержимое для анализа тональности в сообщении N/A
[2025-04-09T06:01:18.393+0000] {RSS_DAG.py:107} INFO - Сообщение с guid None.
[2025-04-09T06:01:18.394+0000] {RSS_DAG.py:114} WARNING - Получено сообщение без GUID. Пропускаем проверку дубликатов и добавляем.
[2025-04-09T06:01:18.394+0000] {RSS_DAG.py:99} WARNING - Не найдено содержимое для анализа тональности в сообщении N/A
[2025-04-09T06:01:18.395+0000] {RSS_DAG.py:107} INFO - Сообщение с guid None.
[2025-04-09T06:01:18.395+0000] {RSS_DAG.py:114} WARNING - Получено сообщение без GUID. Пропускаем проверку дубликатов и добавляем.
[2025-04-09T06:01:18.396+0000] {RSS_DAG.py:99} WARNING - Не найдено содержимое для анализа тональности в сообщении N/A
[2025-04-09T06:01:18.396+0000] {RSS_DAG.py:107} INFO - Сообщение с guid None.
[2025-04-09T06:01:18.396+0000] {RSS_DAG.py:114} WARNING - Получено сообщение без GUID. Пропускаем проверку дубликатов и добавляем.
[2025-04-09T06:01:18.397+0000] {RSS_DAG.py:99} WARNING - Не найдено содержимое для анализа тональности в сообщении N/A
[2025-04-09T06:01:18.398+0000] {RSS_DAG.py:107} INFO - Сообщение с guid None.
[2025-04-09T06:01:18.398+0000] {RSS_DAG.py:114} WARNING - Получено сообщение без GUID. Пропускаем проверку дубликатов и добавляем.
[2025-04-09T06:01:18.398+0000] {RSS_DAG.py:99} WARNING - Не найдено содержимое для анализа тональности в сообщении N/A
[2025-04-09T06:01:18.399+0000] {RSS_DAG.py:107} INFO - Сообщение с guid None.
[2025-04-09T06:01:18.399+0000] {RSS_DAG.py:114} WARNING - Получено сообщение без GUID. Пропускаем проверку дубликатов и добавляем.
[2025-04-09T06:01:18.399+0000] {RSS_DAG.py:99} WARNING - Не найдено содержимое для анализа тональности в сообщении N/A
[2025-04-09T06:01:18.400+0000] {RSS_DAG.py:107} INFO - Сообщение с guid None.
[2025-04-09T06:01:18.400+0000] {RSS_DAG.py:114} WARNING - Получено сообщение без GUID. Пропускаем проверку дубликатов и добавляем.
[2025-04-09T06:01:18.400+0000] {RSS_DAG.py:99} WARNING - Не найдено содержимое для анализа тональности в сообщении N/A
[2025-04-09T06:01:18.401+0000] {RSS_DAG.py:107} INFO - Сообщение с guid None.
[2025-04-09T06:01:18.401+0000] {RSS_DAG.py:114} WARNING - Получено сообщение без GUID. Пропускаем проверку дубликатов и добавляем.
[2025-04-09T06:01:18.402+0000] {RSS_DAG.py:99} WARNING - Не найдено содержимое для анализа тональности в сообщении N/A
[2025-04-09T06:01:18.402+0000] {RSS_DAG.py:107} INFO - Сообщение с guid None.
[2025-04-09T06:01:18.402+0000] {RSS_DAG.py:114} WARNING - Получено сообщение без GUID. Пропускаем проверку дубликатов и добавляем.
[2025-04-09T06:01:18.403+0000] {RSS_DAG.py:99} WARNING - Не найдено содержимое для анализа тональности в сообщении N/A
[2025-04-09T06:01:18.403+0000] {RSS_DAG.py:107} INFO - Сообщение с guid None.
[2025-04-09T06:01:18.403+0000] {RSS_DAG.py:114} WARNING - Получено сообщение без GUID. Пропускаем проверку дубликатов и добавляем.
[2025-04-09T06:01:18.404+0000] {RSS_DAG.py:99} WARNING - Не найдено содержимое для анализа тональности в сообщении N/A
[2025-04-09T06:01:18.404+0000] {RSS_DAG.py:107} INFO - Сообщение с guid None.
[2025-04-09T06:01:18.404+0000] {RSS_DAG.py:114} WARNING - Получено сообщение без GUID. Пропускаем проверку дубликатов и добавляем.
[2025-04-09T06:01:18.405+0000] {RSS_DAG.py:99} WARNING - Не найдено содержимое для анализа тональности в сообщении N/A
[2025-04-09T06:01:18.405+0000] {RSS_DAG.py:107} INFO - Сообщение с guid None.
[2025-04-09T06:01:18.405+0000] {RSS_DAG.py:114} WARNING - Получено сообщение без GUID. Пропускаем проверку дубликатов и добавляем.
[2025-04-09T06:01:18.405+0000] {RSS_DAG.py:99} WARNING - Не найдено содержимое для анализа тональности в сообщении N/A
[2025-04-09T06:01:18.406+0000] {RSS_DAG.py:107} INFO - Сообщение с guid None.
[2025-04-09T06:01:18.406+0000] {RSS_DAG.py:114} WARNING - Получено сообщение без GUID. Пропускаем проверку дубликатов и добавляем.
[2025-04-09T06:01:18.406+0000] {RSS_DAG.py:99} WARNING - Не найдено содержимое для анализа тональности в сообщении N/A
[2025-04-09T06:01:18.406+0000] {RSS_DAG.py:107} INFO - Сообщение с guid None.
[2025-04-09T06:01:18.406+0000] {RSS_DAG.py:114} WARNING - Получено сообщение без GUID. Пропускаем проверку дубликатов и добавляем.
[2025-04-09T06:01:18.407+0000] {RSS_DAG.py:99} WARNING - Не найдено содержимое для анализа тональности в сообщении N/A
[2025-04-09T06:01:18.407+0000] {RSS_DAG.py:107} INFO - Сообщение с guid None.
[2025-04-09T06:01:18.407+0000] {RSS_DAG.py:114} WARNING - Получено сообщение без GUID. Пропускаем проверку дубликатов и добавляем.
[2025-04-09T06:01:18.408+0000] {RSS_DAG.py:99} WARNING - Не найдено содержимое для анализа тональности в сообщении N/A
[2025-04-09T06:01:18.408+0000] {RSS_DAG.py:107} INFO - Сообщение с guid None.
[2025-04-09T06:01:18.408+0000] {RSS_DAG.py:114} WARNING - Получено сообщение без GUID. Пропускаем проверку дубликатов и добавляем.
[2025-04-09T06:01:18.409+0000] {RSS_DAG.py:99} WARNING - Не найдено содержимое для анализа тональности в сообщении N/A
[2025-04-09T06:01:18.409+0000] {RSS_DAG.py:107} INFO - Сообщение с guid None.
[2025-04-09T06:01:18.409+0000] {RSS_DAG.py:114} WARNING - Получено сообщение без GUID. Пропускаем проверку дубликатов и добавляем.
[2025-04-09T06:01:18.410+0000] {RSS_DAG.py:99} WARNING - Не найдено содержимое для анализа тональности в сообщении N/A
[2025-04-09T06:01:18.410+0000] {RSS_DAG.py:107} INFO - Сообщение с guid None.
[2025-04-09T06:01:18.411+0000] {RSS_DAG.py:114} WARNING - Получено сообщение без GUID. Пропускаем проверку дубликатов и добавляем.
[2025-04-09T06:01:18.411+0000] {RSS_DAG.py:99} WARNING - Не найдено содержимое для анализа тональности в сообщении N/A
[2025-04-09T06:01:18.411+0000] {RSS_DAG.py:107} INFO - Сообщение с guid None.
[2025-04-09T06:01:18.411+0000] {RSS_DAG.py:114} WARNING - Получено сообщение без GUID. Пропускаем проверку дубликатов и добавляем.
[2025-04-09T06:01:18.412+0000] {RSS_DAG.py:99} WARNING - Не найдено содержимое для анализа тональности в сообщении N/A
[2025-04-09T06:01:18.412+0000] {RSS_DAG.py:107} INFO - Сообщение с guid None.
[2025-04-09T06:01:18.412+0000] {RSS_DAG.py:114} WARNING - Получено сообщение без GUID. Пропускаем проверку дубликатов и добавляем.
[2025-04-09T06:01:18.412+0000] {RSS_DAG.py:99} WARNING - Не найдено содержимое для анализа тональности в сообщении N/A
[2025-04-09T06:01:18.412+0000] {RSS_DAG.py:107} INFO - Сообщение с guid None.
[2025-04-09T06:01:18.413+0000] {RSS_DAG.py:114} WARNING - Получено сообщение без GUID. Пропускаем проверку дубликатов и добавляем.
[2025-04-09T06:01:18.413+0000] {RSS_DAG.py:99} WARNING - Не найдено содержимое для анализа тональности в сообщении N/A
[2025-04-09T06:01:18.413+0000] {RSS_DAG.py:107} INFO - Сообщение с guid None.
[2025-04-09T06:01:18.413+0000] {RSS_DAG.py:114} WARNING - Получено сообщение без GUID. Пропускаем проверку дубликатов и добавляем.
[2025-04-09T06:01:18.414+0000] {RSS_DAG.py:99} WARNING - Не найдено содержимое для анализа тональности в сообщении N/A
[2025-04-09T06:01:18.414+0000] {RSS_DAG.py:107} INFO - Сообщение с guid None.
[2025-04-09T06:01:18.414+0000] {RSS_DAG.py:114} WARNING - Получено сообщение без GUID. Пропускаем проверку дубликатов и добавляем.
[2025-04-09T06:01:18.415+0000] {RSS_DAG.py:99} WARNING - Не найдено содержимое для анализа тональности в сообщении N/A
[2025-04-09T06:01:18.415+0000] {RSS_DAG.py:107} INFO - Сообщение с guid None.
[2025-04-09T06:01:18.415+0000] {RSS_DAG.py:114} WARNING - Получено сообщение без GUID. Пропускаем проверку дубликатов и добавляем.
[2025-04-09T06:01:18.415+0000] {RSS_DAG.py:99} WARNING - Не найдено содержимое для анализа тональности в сообщении N/A
[2025-04-09T06:01:18.416+0000] {RSS_DAG.py:107} INFO - Сообщение с guid None.
[2025-04-09T06:01:18.416+0000] {RSS_DAG.py:114} WARNING - Получено сообщение без GUID. Пропускаем проверку дубликатов и добавляем.
[2025-04-09T06:01:18.416+0000] {RSS_DAG.py:99} WARNING - Не найдено содержимое для анализа тональности в сообщении N/A
[2025-04-09T06:01:18.416+0000] {RSS_DAG.py:107} INFO - Сообщение с guid None.
[2025-04-09T06:01:18.417+0000] {RSS_DAG.py:114} WARNING - Получено сообщение без GUID. Пропускаем проверку дубликатов и добавляем.
[2025-04-09T06:01:18.417+0000] {RSS_DAG.py:99} WARNING - Не найдено содержимое для анализа тональности в сообщении N/A
[2025-04-09T06:01:18.417+0000] {RSS_DAG.py:107} INFO - Сообщение с guid None.
[2025-04-09T06:01:18.417+0000] {RSS_DAG.py:114} WARNING - Получено сообщение без GUID. Пропускаем проверку дубликатов и добавляем.
[2025-04-09T06:01:18.418+0000] {RSS_DAG.py:99} WARNING - Не найдено содержимое для анализа тональности в сообщении N/A
[2025-04-09T06:01:18.418+0000] {RSS_DAG.py:107} INFO - Сообщение с guid None.
[2025-04-09T06:01:18.418+0000] {RSS_DAG.py:114} WARNING - Получено сообщение без GUID. Пропускаем проверку дубликатов и добавляем.
[2025-04-09T06:01:18.419+0000] {RSS_DAG.py:99} WARNING - Не найдено содержимое для анализа тональности в сообщении N/A
[2025-04-09T06:01:18.419+0000] {RSS_DAG.py:107} INFO - Сообщение с guid None.
[2025-04-09T06:01:18.419+0000] {RSS_DAG.py:114} WARNING - Получено сообщение без GUID. Пропускаем проверку дубликатов и добавляем.
[2025-04-09T06:01:18.420+0000] {RSS_DAG.py:99} WARNING - Не найдено содержимое для анализа тональности в сообщении N/A
[2025-04-09T06:01:18.420+0000] {RSS_DAG.py:107} INFO - Сообщение с guid None.
[2025-04-09T06:01:18.420+0000] {RSS_DAG.py:114} WARNING - Получено сообщение без GUID. Пропускаем проверку дубликатов и добавляем.
[2025-04-09T06:01:18.421+0000] {RSS_DAG.py:99} WARNING - Не найдено содержимое для анализа тональности в сообщении N/A
[2025-04-09T06:01:18.421+0000] {RSS_DAG.py:107} INFO - Сообщение с guid None.
[2025-04-09T06:01:18.421+0000] {RSS_DAG.py:114} WARNING - Получено сообщение без GUID. Пропускаем проверку дубликатов и добавляем.
[2025-04-09T06:01:18.589+0000] {RSS_DAG.py:107} INFO - Сообщение с guid None.
[2025-04-09T06:01:18.590+0000] {RSS_DAG.py:114} WARNING - Получено сообщение без GUID. Пропускаем проверку дубликатов и добавляем.
[2025-04-09T06:01:18.612+0000] {RSS_DAG.py:107} INFO - Сообщение с guid None.
[2025-04-09T06:01:18.613+0000] {RSS_DAG.py:114} WARNING - Получено сообщение без GUID. Пропускаем проверку дубликатов и добавляем.
[2025-04-09T06:01:18.630+0000] {RSS_DAG.py:107} INFO - Сообщение с guid None.
[2025-04-09T06:01:18.631+0000] {RSS_DAG.py:114} WARNING - Получено сообщение без GUID. Пропускаем проверку дубликатов и добавляем.
[2025-04-09T06:01:18.655+0000] {RSS_DAG.py:107} INFO - Сообщение с guid None.
[2025-04-09T06:01:18.655+0000] {RSS_DAG.py:114} WARNING - Получено сообщение без GUID. Пропускаем проверку дубликатов и добавляем.
[2025-04-09T06:01:18.671+0000] {RSS_DAG.py:107} INFO - Сообщение с guid None.
[2025-04-09T06:01:18.672+0000] {RSS_DAG.py:114} WARNING - Получено сообщение без GUID. Пропускаем проверку дубликатов и добавляем.
[2025-04-09T06:01:18.688+0000] {RSS_DAG.py:107} INFO - Сообщение с guid None.
[2025-04-09T06:01:18.689+0000] {RSS_DAG.py:114} WARNING - Получено сообщение без GUID. Пропускаем проверку дубликатов и добавляем.
[2025-04-09T06:01:18.711+0000] {RSS_DAG.py:107} INFO - Сообщение с guid None.
[2025-04-09T06:01:18.712+0000] {RSS_DAG.py:114} WARNING - Получено сообщение без GUID. Пропускаем проверку дубликатов и добавляем.
[2025-04-09T06:01:18.734+0000] {RSS_DAG.py:107} INFO - Сообщение с guid None.
[2025-04-09T06:01:18.735+0000] {RSS_DAG.py:114} WARNING - Получено сообщение без GUID. Пропускаем проверку дубликатов и добавляем.
[2025-04-09T06:01:18.752+0000] {RSS_DAG.py:107} INFO - Сообщение с guid None.
[2025-04-09T06:01:18.752+0000] {RSS_DAG.py:114} WARNING - Получено сообщение без GUID. Пропускаем проверку дубликатов и добавляем.
[2025-04-09T06:01:18.770+0000] {RSS_DAG.py:107} INFO - Сообщение с guid None.
[2025-04-09T06:01:18.771+0000] {RSS_DAG.py:114} WARNING - Получено сообщение без GUID. Пропускаем проверку дубликатов и добавляем.
[2025-04-09T06:01:18.787+0000] {RSS_DAG.py:107} INFO - Сообщение с guid None.
[2025-04-09T06:01:18.787+0000] {RSS_DAG.py:114} WARNING - Получено сообщение без GUID. Пропускаем проверку дубликатов и добавляем.
[2025-04-09T06:01:18.805+0000] {RSS_DAG.py:107} INFO - Сообщение с guid None.
[2025-04-09T06:01:18.806+0000] {RSS_DAG.py:114} WARNING - Получено сообщение без GUID. Пропускаем проверку дубликатов и добавляем.
[2025-04-09T06:01:18.823+0000] {RSS_DAG.py:107} INFO - Сообщение с guid None.
[2025-04-09T06:01:18.824+0000] {RSS_DAG.py:114} WARNING - Получено сообщение без GUID. Пропускаем проверку дубликатов и добавляем.
[2025-04-09T06:01:18.843+0000] {RSS_DAG.py:107} INFO - Сообщение с guid None.
[2025-04-09T06:01:18.844+0000] {RSS_DAG.py:114} WARNING - Получено сообщение без GUID. Пропускаем проверку дубликатов и добавляем.
[2025-04-09T06:01:18.863+0000] {RSS_DAG.py:107} INFO - Сообщение с guid None.
[2025-04-09T06:01:18.863+0000] {RSS_DAG.py:114} WARNING - Получено сообщение без GUID. Пропускаем проверку дубликатов и добавляем.
[2025-04-09T06:01:18.878+0000] {RSS_DAG.py:107} INFO - Сообщение с guid None.
[2025-04-09T06:01:18.878+0000] {RSS_DAG.py:114} WARNING - Получено сообщение без GUID. Пропускаем проверку дубликатов и добавляем.
[2025-04-09T06:01:18.897+0000] {RSS_DAG.py:107} INFO - Сообщение с guid None.
[2025-04-09T06:01:18.897+0000] {RSS_DAG.py:114} WARNING - Получено сообщение без GUID. Пропускаем проверку дубликатов и добавляем.
[2025-04-09T06:01:18.923+0000] {RSS_DAG.py:107} INFO - Сообщение с guid None.
[2025-04-09T06:01:18.923+0000] {RSS_DAG.py:114} WARNING - Получено сообщение без GUID. Пропускаем проверку дубликатов и добавляем.
[2025-04-09T06:01:18.945+0000] {RSS_DAG.py:107} INFO - Сообщение с guid None.
[2025-04-09T06:01:18.945+0000] {RSS_DAG.py:114} WARNING - Получено сообщение без GUID. Пропускаем проверку дубликатов и добавляем.
[2025-04-09T06:01:18.961+0000] {RSS_DAG.py:107} INFO - Сообщение с guid None.
[2025-04-09T06:01:18.961+0000] {RSS_DAG.py:114} WARNING - Получено сообщение без GUID. Пропускаем проверку дубликатов и добавляем.
[2025-04-09T06:01:18.982+0000] {RSS_DAG.py:107} INFO - Сообщение с guid None.
[2025-04-09T06:01:18.983+0000] {RSS_DAG.py:114} WARNING - Получено сообщение без GUID. Пропускаем проверку дубликатов и добавляем.
[2025-04-09T06:01:19.000+0000] {RSS_DAG.py:107} INFO - Сообщение с guid None.
[2025-04-09T06:01:19.000+0000] {RSS_DAG.py:114} WARNING - Получено сообщение без GUID. Пропускаем проверку дубликатов и добавляем.
[2025-04-09T06:01:19.018+0000] {RSS_DAG.py:107} INFO - Сообщение с guid None.
[2025-04-09T06:01:19.019+0000] {RSS_DAG.py:114} WARNING - Получено сообщение без GUID. Пропускаем проверку дубликатов и добавляем.
[2025-04-09T06:01:19.036+0000] {RSS_DAG.py:107} INFO - Сообщение с guid None.
[2025-04-09T06:01:19.036+0000] {RSS_DAG.py:114} WARNING - Получено сообщение без GUID. Пропускаем проверку дубликатов и добавляем.
[2025-04-09T06:01:19.053+0000] {RSS_DAG.py:107} INFO - Сообщение с guid None.
[2025-04-09T06:01:19.053+0000] {RSS_DAG.py:114} WARNING - Получено сообщение без GUID. Пропускаем проверку дубликатов и добавляем.
[2025-04-09T06:01:19.054+0000] {RSS_DAG.py:126} INFO - Обработаны все ожидаемые сообщения или счетчик достиг нуля.
[2025-04-09T06:01:19.055+0000] {RSS_DAG.py:129} INFO - Вставка 56 новых сообщений в MongoDB.
[2025-04-09T06:01:19.078+0000] {RSS_DAG.py:151} INFO - Попытка остановить потребителя RabbitMQ...
[2025-04-09T06:01:19.080+0000] {RSS_DAG.py:153} INFO - Остановлено потребление сообщений RabbitMQ.
[2025-04-09T06:01:19.081+0000] {RSS_DAG.py:193} INFO - Потребление RabbitMQ завершено.
[2025-04-09T06:01:19.081+0000] {blocking_connection.py:802} INFO - Closing connection (200): Normal shutdown
[2025-04-09T06:01:19.082+0000] {channel.py:536} INFO - Closing channel (200): 'Normal shutdown' on <Channel number=1 OPEN conn=<SelectConnection OPEN transport=<pika.adapters.utils.io_services_utils._AsyncPlaintextTransport object at 0x7f737eac7ad0> params=<ConnectionParameters host=rabbitmq port=5672 virtual_host=/ ssl=False>>>
[2025-04-09T06:01:19.083+0000] {channel.py:1133} INFO - Received <Channel.CloseOk> on <Channel number=1 CLOSING conn=<SelectConnection OPEN transport=<pika.adapters.utils.io_services_utils._AsyncPlaintextTransport object at 0x7f737eac7ad0> params=<ConnectionParameters host=rabbitmq port=5672 virtual_host=/ ssl=False>>>
[2025-04-09T06:01:19.083+0000] {connection.py:1316} INFO - Closing connection (200): 'Normal shutdown'
[2025-04-09T06:01:19.084+0000] {io_services_utils.py:731} INFO - Aborting transport connection: state=1; <socket.socket fd=98, family=2, type=1, proto=6, laddr=('172.28.0.16', 59112), raddr=('172.28.0.12', 5672)>
[2025-04-09T06:01:19.085+0000] {io_services_utils.py:904} INFO - _AsyncTransportBase._initate_abort(): Initiating abrupt asynchronous transport shutdown: state=1; error=None; <socket.socket fd=98, family=2, type=1, proto=6, laddr=('172.28.0.16', 59112), raddr=('172.28.0.12', 5672)>
[2025-04-09T06:01:19.085+0000] {io_services_utils.py:869} INFO - Deactivating transport: state=1; <socket.socket fd=98, family=2, type=1, proto=6, laddr=('172.28.0.16', 59112), raddr=('172.28.0.12', 5672)>
[2025-04-09T06:01:19.086+0000] {connection.py:2017} INFO - AMQP stack terminated, failed to connect, or aborted: opened=True, error-arg=None; pending-error=ConnectionClosedByClient: (200) 'Normal shutdown'
[2025-04-09T06:01:19.086+0000] {connection.py:2086} INFO - Stack terminated due to ConnectionClosedByClient: (200) 'Normal shutdown'
[2025-04-09T06:01:19.087+0000] {io_services_utils.py:882} INFO - Closing transport socket and unlinking: state=3; <socket.socket fd=98, family=2, type=1, proto=6, laddr=('172.28.0.16', 59112), raddr=('172.28.0.12', 5672)>
[2025-04-09T06:01:19.088+0000] {blocking_connection.py:525} INFO - User-initiated close: result=(<SelectConnection CLOSED transport=None params=<ConnectionParameters host=rabbitmq port=5672 virtual_host=/ ssl=False>>, ConnectionClosedByClient: (200) 'Normal shutdown')
[2025-04-09T06:01:19.097+0000] {python.py:237} INFO - Done. Returned value was: None
[2025-04-09T06:01:19.098+0000] {taskinstance.py:441} INFO - ::group::Post task execution logs
[2025-04-09T06:01:19.104+0000] {taskinstance.py:1206} INFO - Marking task as SUCCESS. dag_id=RSS, task_id=process_news, run_id=scheduled__2025-04-09T05:01:00+00:00, execution_date=20250409T050100, start_date=20250409T060116, end_date=20250409T060119
[2025-04-09T06:01:19.147+0000] {local_task_job_runner.py:240} INFO - Task exited with return code 0
[2025-04-09T06:01:19.160+0000] {taskinstance.py:3503} INFO - 0 downstream tasks scheduled from follow-on schedule check
[2025-04-09T06:01:19.165+0000] {local_task_job_runner.py:222} INFO - ::endgroup::
