[2025-04-07T10:31:59.585+0000] {local_task_job_runner.py:120} INFO - ::group::Pre task execution logs
[2025-04-07T10:31:59.602+0000] {taskinstance.py:2076} INFO - Dependencies all met for dep_context=non-requeueable deps ti=<TaskInstance: RSS.process_news manual__2025-04-07T10:31:48.143555+00:00 [queued]>
[2025-04-07T10:31:59.608+0000] {taskinstance.py:2076} INFO - Dependencies all met for dep_context=requeueable deps ti=<TaskInstance: RSS.process_news manual__2025-04-07T10:31:48.143555+00:00 [queued]>
[2025-04-07T10:31:59.609+0000] {taskinstance.py:2306} INFO - Starting attempt 1 of 1
[2025-04-07T10:31:59.622+0000] {taskinstance.py:2330} INFO - Executing <Task(PythonOperator): process_news> on 2025-04-07 10:31:48.143555+00:00
[2025-04-07T10:31:59.629+0000] {warnings.py:112} WARNING - /home/***/.local/lib/python3.12/site-packages/***/task/task_runner/standard_task_runner.py:61: DeprecationWarning: This process (pid=86) is multi-threaded, use of fork() may lead to deadlocks in the child.
  pid = os.fork()

[2025-04-07T10:31:59.631+0000] {standard_task_runner.py:90} INFO - Running: ['***', 'tasks', 'run', 'RSS', 'process_news', 'manual__2025-04-07T10:31:48.143555+00:00', '--job-id', '133', '--raw', '--subdir', 'DAGS_FOLDER/RSS_DAG - Copy.py', '--cfg-path', '/tmp/tmpji1_2i3g']
[2025-04-07T10:31:59.631+0000] {standard_task_runner.py:63} INFO - Started process 87 to run task
[2025-04-07T10:31:59.632+0000] {standard_task_runner.py:91} INFO - Job 133: Subtask process_news
[2025-04-07T10:31:59.666+0000] {task_command.py:426} INFO - Running <TaskInstance: RSS.process_news manual__2025-04-07T10:31:48.143555+00:00 [running]> on host f8bbb4dc99be
[2025-04-07T10:31:59.730+0000] {taskinstance.py:2648} INFO - Exporting env vars: AIRFLOW_CTX_DAG_OWNER='user' AIRFLOW_CTX_DAG_ID='RSS' AIRFLOW_CTX_TASK_ID='process_news' AIRFLOW_CTX_EXECUTION_DATE='2025-04-07T10:31:48.143555+00:00' AIRFLOW_CTX_TRY_NUMBER='1' AIRFLOW_CTX_DAG_RUN_ID='manual__2025-04-07T10:31:48.143555+00:00'
[2025-04-07T10:31:59.731+0000] {taskinstance.py:430} INFO - ::endgroup::
[2025-04-07T10:31:59.739+0000] {log.py:232} WARNING - No model was supplied, defaulted to distilbert/distilbert-base-uncased-finetuned-sst-2-english and revision 714eb0f (https://huggingface.co/distilbert/distilbert-base-uncased-finetuned-sst-2-english).
Using a pipeline without specifying a model name and revision in production is not recommended.
[2025-04-07T10:32:00.502+0000] {taskinstance.py:441} INFO - ::group::Post task execution logs
[2025-04-07T10:32:00.503+0000] {taskinstance.py:2905} ERROR - Task failed with exception
Traceback (most recent call last):
  File "/home/airflow/.local/lib/python3.12/site-packages/airflow/models/taskinstance.py", line 465, in _execute_task
    result = _execute_callable(context=context, **execute_callable_kwargs)
             ^^^^^^^^^^^^^^^^^^^^^^^^^^^^^^^^^^^^^^^^^^^^^^^^^^^^^^^^^^^^^
  File "/home/airflow/.local/lib/python3.12/site-packages/airflow/models/taskinstance.py", line 432, in _execute_callable
    return execute_callable(context=context, **execute_callable_kwargs)
           ^^^^^^^^^^^^^^^^^^^^^^^^^^^^^^^^^^^^^^^^^^^^^^^^^^^^^^^^^^^^
  File "/home/airflow/.local/lib/python3.12/site-packages/airflow/models/baseoperator.py", line 401, in wrapper
    return func(self, *args, **kwargs)
           ^^^^^^^^^^^^^^^^^^^^^^^^^^^
  File "/home/airflow/.local/lib/python3.12/site-packages/airflow/operators/python.py", line 235, in execute
    return_value = self.execute_callable()
                   ^^^^^^^^^^^^^^^^^^^^^^^
  File "/home/airflow/.local/lib/python3.12/site-packages/airflow/operators/python.py", line 252, in execute_callable
    return self.python_callable(*self.op_args, **self.op_kwargs)
           ^^^^^^^^^^^^^^^^^^^^^^^^^^^^^^^^^^^^^^^^^^^^^^^^^^^^^
  File "/opt/airflow/dags/RSS_DAG - Copy.py", line 57, in process_news
    sentiment_model = pipeline('sentiment-analysis')
                      ^^^^^^^^^^^^^^^^^^^^^^^^^^^^^^
  File "/home/airflow/.local/lib/python3.12/site-packages/transformers/pipelines/__init__.py", line 940, in pipeline
    framework, model = infer_framework_load_model(
                       ^^^^^^^^^^^^^^^^^^^^^^^^^^^
  File "/home/airflow/.local/lib/python3.12/site-packages/transformers/pipelines/base.py", line 241, in infer_framework_load_model
    raise RuntimeError(
RuntimeError: At least one of TensorFlow 2.0 or PyTorch should be installed. To install TensorFlow 2.0, read the instructions at https://www.tensorflow.org/install/ To install PyTorch, read the instructions at https://pytorch.org/.
[2025-04-07T10:32:00.515+0000] {taskinstance.py:1206} INFO - Marking task as FAILED. dag_id=RSS, task_id=process_news, run_id=manual__2025-04-07T10:31:48.143555+00:00, execution_date=20250407T103148, start_date=20250407T103159, end_date=20250407T103200
[2025-04-07T10:32:00.528+0000] {standard_task_runner.py:110} ERROR - Failed to execute job 133 for task process_news (At least one of TensorFlow 2.0 or PyTorch should be installed. To install TensorFlow 2.0, read the instructions at https://www.tensorflow.org/install/ To install PyTorch, read the instructions at https://pytorch.org/.; 87)
[2025-04-07T10:32:00.567+0000] {local_task_job_runner.py:240} INFO - Task exited with return code 1
[2025-04-07T10:32:00.583+0000] {taskinstance.py:3503} INFO - 0 downstream tasks scheduled from follow-on schedule check
[2025-04-07T10:32:00.591+0000] {local_task_job_runner.py:222} INFO - ::endgroup::
