[2025-04-07T14:08:31.433+0000] {local_task_job_runner.py:120} INFO - ::group::Pre task execution logs
[2025-04-07T14:08:31.457+0000] {taskinstance.py:2076} INFO - Dependencies all met for dep_context=non-requeueable deps ti=<TaskInstance: RSS.init.set_variables scheduled__2025-04-07T13:01:00+00:00 [queued]>
[2025-04-07T14:08:31.464+0000] {taskinstance.py:2076} INFO - Dependencies all met for dep_context=requeueable deps ti=<TaskInstance: RSS.init.set_variables scheduled__2025-04-07T13:01:00+00:00 [queued]>
[2025-04-07T14:08:31.465+0000] {taskinstance.py:2306} INFO - Starting attempt 1 of 1
[2025-04-07T14:08:31.482+0000] {taskinstance.py:2330} INFO - Executing <Task(BashOperator): init.set_variables> on 2025-04-07 13:01:00+00:00
[2025-04-07T14:08:31.494+0000] {warnings.py:112} WARNING - /home/***/.local/lib/python3.12/site-packages/***/task/task_runner/standard_task_runner.py:61: DeprecationWarning: This process (pid=76) is multi-threaded, use of fork() may lead to deadlocks in the child.
  pid = os.fork()

[2025-04-07T14:08:31.496+0000] {standard_task_runner.py:63} INFO - Started process 79 to run task
[2025-04-07T14:08:31.496+0000] {standard_task_runner.py:90} INFO - Running: ['***', 'tasks', 'run', 'RSS', 'init.set_variables', 'scheduled__2025-04-07T13:01:00+00:00', '--job-id', '156', '--raw', '--subdir', 'DAGS_FOLDER/RSS_DAG.py', '--cfg-path', '/tmp/tmp546d3u36']
[2025-04-07T14:08:31.498+0000] {standard_task_runner.py:91} INFO - Job 156: Subtask init.set_variables
[2025-04-07T14:08:31.554+0000] {task_command.py:426} INFO - Running <TaskInstance: RSS.init.set_variables scheduled__2025-04-07T13:01:00+00:00 [running]> on host 5986bb29e517
[2025-04-07T14:08:31.638+0000] {taskinstance.py:2648} INFO - Exporting env vars: AIRFLOW_CTX_DAG_OWNER='user' AIRFLOW_CTX_DAG_ID='RSS' AIRFLOW_CTX_TASK_ID='init.set_variables' AIRFLOW_CTX_EXECUTION_DATE='2025-04-07T13:01:00+00:00' AIRFLOW_CTX_TRY_NUMBER='1' AIRFLOW_CTX_DAG_RUN_ID='scheduled__2025-04-07T13:01:00+00:00'
[2025-04-07T14:08:31.639+0000] {taskinstance.py:430} INFO - ::endgroup::
[2025-04-07T14:08:31.661+0000] {subprocess.py:63} INFO - Tmp dir root location: /tmp
[2025-04-07T14:08:31.662+0000] {subprocess.py:75} INFO - Running command: ['/usr/bin/bash', '-c', '*** variables import /opt/***/variables.json']
[2025-04-07T14:08:31.681+0000] {subprocess.py:86} INFO - Output:
[2025-04-07T14:08:34.541+0000] {subprocess.py:93} INFO - [[34m2025-04-07T14:08:34.540+0000[0m] {[34mcrypto.py:[0m82} WARNING[0m - empty cryptography key - values will not be stored encrypted.[0m
[2025-04-07T14:08:34.591+0000] {subprocess.py:93} INFO - 11 of 11 variables successfully updated.
[2025-04-07T14:08:34.933+0000] {subprocess.py:97} INFO - Command exited with return code 0
[2025-04-07T14:08:34.934+0000] {taskinstance.py:441} INFO - ::group::Post task execution logs
[2025-04-07T14:08:34.951+0000] {taskinstance.py:1206} INFO - Marking task as SUCCESS. dag_id=RSS, task_id=init.set_variables, run_id=scheduled__2025-04-07T13:01:00+00:00, execution_date=20250407T130100, start_date=20250407T140831, end_date=20250407T140834
[2025-04-07T14:08:34.999+0000] {local_task_job_runner.py:240} INFO - Task exited with return code 0
[2025-04-07T14:08:35.010+0000] {taskinstance.py:3503} INFO - 0 downstream tasks scheduled from follow-on schedule check
[2025-04-07T14:08:35.022+0000] {local_task_job_runner.py:222} INFO - ::endgroup::
