[2025-04-09T07:22:53.285+0000] {local_task_job_runner.py:120} INFO - ::group::Pre task execution logs
[2025-04-09T07:22:53.300+0000] {taskinstance.py:2076} INFO - Dependencies all met for dep_context=non-requeueable deps ti=<TaskInstance: RSS.process_news manual__2025-04-09T07:22:37.927872+00:00 [queued]>
[2025-04-09T07:22:53.306+0000] {taskinstance.py:2076} INFO - Dependencies all met for dep_context=requeueable deps ti=<TaskInstance: RSS.process_news manual__2025-04-09T07:22:37.927872+00:00 [queued]>
[2025-04-09T07:22:53.307+0000] {taskinstance.py:2306} INFO - Starting attempt 1 of 1
[2025-04-09T07:22:53.317+0000] {taskinstance.py:2330} INFO - Executing <Task(PythonOperator): process_news> on 2025-04-09 07:22:37.927872+00:00
[2025-04-09T07:22:53.329+0000] {warnings.py:112} WARNING - /home/***/.local/lib/python3.12/site-packages/***/task/task_runner/standard_task_runner.py:61: DeprecationWarning: This process (pid=1906) is multi-threaded, use of fork() may lead to deadlocks in the child.
  pid = os.fork()

[2025-04-09T07:22:53.331+0000] {standard_task_runner.py:63} INFO - Started process 1907 to run task
[2025-04-09T07:22:53.331+0000] {standard_task_runner.py:90} INFO - Running: ['***', 'tasks', 'run', 'RSS', 'process_news', 'manual__2025-04-09T07:22:37.927872+00:00', '--job-id', '209', '--raw', '--subdir', 'DAGS_FOLDER/RSS_DAG.py', '--cfg-path', '/tmp/tmpxggu2mwj']
[2025-04-09T07:22:53.333+0000] {standard_task_runner.py:91} INFO - Job 209: Subtask process_news
[2025-04-09T07:22:53.366+0000] {task_command.py:426} INFO - Running <TaskInstance: RSS.process_news manual__2025-04-09T07:22:37.927872+00:00 [running]> on host 5986bb29e517
[2025-04-09T07:22:53.428+0000] {taskinstance.py:2648} INFO - Exporting env vars: AIRFLOW_CTX_DAG_OWNER='user' AIRFLOW_CTX_DAG_ID='RSS' AIRFLOW_CTX_TASK_ID='process_news' AIRFLOW_CTX_EXECUTION_DATE='2025-04-09T07:22:37.927872+00:00' AIRFLOW_CTX_TRY_NUMBER='1' AIRFLOW_CTX_DAG_RUN_ID='manual__2025-04-09T07:22:37.927872+00:00'
[2025-04-09T07:22:53.429+0000] {taskinstance.py:430} INFO - ::endgroup::
[2025-04-09T07:22:53.443+0000] {base.py:84} INFO - Using connection ID 'mongo_conn' for task execution.
[2025-04-09T07:22:53.444+0000] {RSS_DAG.py:159} INFO - Initializing sentiment analysis model...
[2025-04-09T07:22:53.445+0000] {log.py:232} WARNING - No model was supplied, defaulted to distilbert/distilbert-base-uncased-finetuned-sst-2-english and revision 714eb0f (https://huggingface.co/distilbert/distilbert-base-uncased-finetuned-sst-2-english).
Using a pipeline without specifying a model name and revision in production is not recommended.
[2025-04-09T07:22:53.940+0000] {log.py:232} WARNING - Device set to use cpu
[2025-04-09T07:22:53.941+0000] {RSS_DAG.py:161} INFO - Sentiment analysis model loaded.
[2025-04-09T07:22:53.945+0000] {base.py:84} INFO - Using connection ID 'redis_conn' for task execution.
[2025-04-09T07:22:53.948+0000] {RSS_DAG.py:174} INFO - Expecting 56 messages based on Redis counter.
[2025-04-09T07:22:53.973+0000] {RSS_DAG.py:180} INFO - Connected to MongoDB collection: DB.RSS
[2025-04-09T07:22:53.976+0000] {connection_workflow.py:179} INFO - Pika version 1.3.2 connecting to ('172.28.0.12', 5672)
[2025-04-09T07:22:53.977+0000] {io_services_utils.py:345} INFO - Socket connected: <socket.socket fd=98, family=2, type=1, proto=6, laddr=('172.28.0.16', 41980), raddr=('172.28.0.12', 5672)>
[2025-04-09T07:22:53.978+0000] {connection_workflow.py:428} INFO - Streaming transport linked up: (<pika.adapters.utils.io_services_utils._AsyncPlaintextTransport object at 0x7f737ea49280>, _StreamingProtocolShim: <SelectConnection PROTOCOL transport=<pika.adapters.utils.io_services_utils._AsyncPlaintextTransport object at 0x7f737ea49280> params=<ConnectionParameters host=rabbitmq port=5672 virtual_host=/ ssl=False>>).
[2025-04-09T07:22:53.981+0000] {connection_workflow.py:293} INFO - AMQPConnector - reporting success: <SelectConnection OPEN transport=<pika.adapters.utils.io_services_utils._AsyncPlaintextTransport object at 0x7f737ea49280> params=<ConnectionParameters host=rabbitmq port=5672 virtual_host=/ ssl=False>>
[2025-04-09T07:22:53.982+0000] {connection_workflow.py:725} INFO - AMQPConnectionWorkflow - reporting success: <SelectConnection OPEN transport=<pika.adapters.utils.io_services_utils._AsyncPlaintextTransport object at 0x7f737ea49280> params=<ConnectionParameters host=rabbitmq port=5672 virtual_host=/ ssl=False>>
[2025-04-09T07:22:53.983+0000] {blocking_connection.py:453} INFO - Connection workflow succeeded: <SelectConnection OPEN transport=<pika.adapters.utils.io_services_utils._AsyncPlaintextTransport object at 0x7f737ea49280> params=<ConnectionParameters host=rabbitmq port=5672 virtual_host=/ ssl=False>>
[2025-04-09T07:22:53.983+0000] {blocking_connection.py:1264} INFO - Created channel=1
[2025-04-09T07:22:53.987+0000] {RSS_DAG.py:191} INFO - Starting RabbitMQ consumer on queue 'RSS'. Expecting 56 messages...
[2025-04-09T07:22:54.100+0000] {RSS_DAG.py:98} INFO - Sentiment for message https://cointelegraph.com/news/bitcoin-odds-outlasting-united-states-dollar-tariffs-crypto-analysts: [{'label': 'NEGATIVE', 'score': 0.9908691644668579}]
[2025-04-09T07:22:54.103+0000] {RSS_DAG.py:112} INFO - Message with id https://cointelegraph.com/news/bitcoin-odds-outlasting-united-states-dollar-tariffs-crypto-analysts already exists. Skipping.
[2025-04-09T07:22:54.117+0000] {RSS_DAG.py:98} INFO - Sentiment for message https://cointelegraph.com/news/ethereum-whale-sells-eth-after-900-days-missing-27-m-peak-profit: [{'label': 'NEGATIVE', 'score': 0.9994224309921265}]
[2025-04-09T07:22:54.119+0000] {RSS_DAG.py:112} INFO - Message with id https://cointelegraph.com/news/ethereum-whale-sells-eth-after-900-days-missing-27-m-peak-profit already exists. Skipping.
[2025-04-09T07:22:54.132+0000] {RSS_DAG.py:98} INFO - Sentiment for message https://cointelegraph.com/news/eth-outperforms-btc-just-15-percent-of-time-since-launch: [{'label': 'NEGATIVE', 'score': 0.9894567131996155}]
[2025-04-09T07:22:54.134+0000] {RSS_DAG.py:112} INFO - Message with id https://cointelegraph.com/news/eth-outperforms-btc-just-15-percent-of-time-since-launch already exists. Skipping.
[2025-04-09T07:22:54.147+0000] {RSS_DAG.py:98} INFO - Sentiment for message https://cointelegraph.com/news/eu-markets-regulator-warns-crypto-may-bring-broader-stability-issues: [{'label': 'NEGATIVE', 'score': 0.9892065525054932}]
[2025-04-09T07:22:54.148+0000] {RSS_DAG.py:112} INFO - Message with id https://cointelegraph.com/news/eu-markets-regulator-warns-crypto-may-bring-broader-stability-issues already exists. Skipping.
[2025-04-09T07:22:54.161+0000] {RSS_DAG.py:98} INFO - Sentiment for message https://cointelegraph.com/news/ai-agents-virtual-revenue-plunge-token-price-decline: [{'label': 'NEGATIVE', 'score': 0.9996091723442078}]
[2025-04-09T07:22:54.162+0000] {RSS_DAG.py:112} INFO - Message with id https://cointelegraph.com/news/ai-agents-virtual-revenue-plunge-token-price-decline already exists. Skipping.
[2025-04-09T07:22:54.178+0000] {RSS_DAG.py:98} INFO - Sentiment for message https://cointelegraph.com/news/shaquille-o-neal-gets-ok-11-million-astrals-nft-settlement: [{'label': 'NEGATIVE', 'score': 0.9213362336158752}]
[2025-04-09T07:22:54.180+0000] {RSS_DAG.py:112} INFO - Message with id https://cointelegraph.com/news/shaquille-o-neal-gets-ok-11-million-astrals-nft-settlement already exists. Skipping.
[2025-04-09T07:22:54.193+0000] {RSS_DAG.py:98} INFO - Sentiment for message https://cointelegraph.com/news/melania-trump-memecoin-team-sold-30-million-bubblemaps: [{'label': 'NEGATIVE', 'score': 0.9973917007446289}]
[2025-04-09T07:22:54.194+0000] {RSS_DAG.py:112} INFO - Message with id https://cointelegraph.com/news/melania-trump-memecoin-team-sold-30-million-bubblemaps already exists. Skipping.
[2025-04-09T07:22:54.206+0000] {RSS_DAG.py:98} INFO - Sentiment for message https://cointelegraph.com/news/microsoft-office-extension-packages-hide-malware-replaces-crypto-addresses: [{'label': 'NEGATIVE', 'score': 0.9992042183876038}]
[2025-04-09T07:22:54.208+0000] {RSS_DAG.py:112} INFO - Message with id https://cointelegraph.com/news/microsoft-office-extension-packages-hide-malware-replaces-crypto-addresses already exists. Skipping.
[2025-04-09T07:22:54.219+0000] {RSS_DAG.py:98} INFO - Sentiment for message https://cointelegraph.com/news/trumps-tariffs-lower-bitcoin-miner-price-outside-us: [{'label': 'NEGATIVE', 'score': 0.98020339012146}]
[2025-04-09T07:22:54.220+0000] {RSS_DAG.py:112} INFO - Message with id https://cointelegraph.com/news/trumps-tariffs-lower-bitcoin-miner-price-outside-us already exists. Skipping.
[2025-04-09T07:22:54.230+0000] {RSS_DAG.py:98} INFO - Sentiment for message https://cointelegraph.com/news/what-happened-in-crypto-today: [{'label': 'NEGATIVE', 'score': 0.9978325963020325}]
[2025-04-09T07:22:54.232+0000] {RSS_DAG.py:112} INFO - Message with id https://cointelegraph.com/news/what-happened-in-crypto-today already exists. Skipping.
[2025-04-09T07:22:54.245+0000] {RSS_DAG.py:98} INFO - Sentiment for message https://cointelegraph.com/news/redstone-trading-latency-new-oracle-megaeth: [{'label': 'NEGATIVE', 'score': 0.9858720898628235}]
[2025-04-09T07:22:54.247+0000] {RSS_DAG.py:112} INFO - Message with id https://cointelegraph.com/news/redstone-trading-latency-new-oracle-megaeth already exists. Skipping.
[2025-04-09T07:22:54.259+0000] {RSS_DAG.py:98} INFO - Sentiment for message https://cointelegraph.com/news/bitcoin-price-could-rally-even-as-global-trade-war-rages-on-here-is-why: [{'label': 'NEGATIVE', 'score': 0.9933974742889404}]
[2025-04-09T07:22:54.261+0000] {RSS_DAG.py:112} INFO - Message with id https://cointelegraph.com/news/bitcoin-price-could-rally-even-as-global-trade-war-rages-on-here-is-why already exists. Skipping.
[2025-04-09T07:22:54.273+0000] {RSS_DAG.py:98} INFO - Sentiment for message https://cointelegraph.com/news/cboe-files-to-list-canary-sui-etf: [{'label': 'NEGATIVE', 'score': 0.9947196245193481}]
[2025-04-09T07:22:54.274+0000] {RSS_DAG.py:112} INFO - Message with id https://cointelegraph.com/news/cboe-files-to-list-canary-sui-etf already exists. Skipping.
[2025-04-09T07:22:54.286+0000] {RSS_DAG.py:98} INFO - Sentiment for message https://cointelegraph.com/news/bitcoin-weekly-rsi-hits-bull-market-low-as-trader-sees-70-k-btc-price-bottom: [{'label': 'NEGATIVE', 'score': 0.9997170567512512}]
[2025-04-09T07:22:54.288+0000] {RSS_DAG.py:112} INFO - Message with id https://cointelegraph.com/news/bitcoin-weekly-rsi-hits-bull-market-low-as-trader-sees-70-k-btc-price-bottom already exists. Skipping.
[2025-04-09T07:22:54.303+0000] {RSS_DAG.py:98} INFO - Sentiment for message https://cointelegraph.com/news/china-counters-tariffs-yuan-devaluation-bullish-btc: [{'label': 'NEGATIVE', 'score': 0.9992163181304932}]
[2025-04-09T07:22:54.304+0000] {RSS_DAG.py:112} INFO - Message with id https://cointelegraph.com/news/china-counters-tariffs-yuan-devaluation-bullish-btc already exists. Skipping.
[2025-04-09T07:22:54.317+0000] {RSS_DAG.py:98} INFO - Sentiment for message https://cointelegraph.com/news/aavegotchi-gaming-nfts-votes-to-ditch-polygon-for-base: [{'label': 'NEGATIVE', 'score': 0.9603468775749207}]
[2025-04-09T07:22:54.318+0000] {RSS_DAG.py:112} INFO - Message with id https://cointelegraph.com/news/aavegotchi-gaming-nfts-votes-to-ditch-polygon-for-base already exists. Skipping.
[2025-04-09T07:22:54.329+0000] {RSS_DAG.py:98} INFO - Sentiment for message https://cointelegraph.com/news/ethereum-price-data-highlights-1-000-as-the-final-bottom-for-eth: [{'label': 'NEGATIVE', 'score': 0.9982514977455139}]
[2025-04-09T07:22:54.331+0000] {RSS_DAG.py:112} INFO - Message with id https://cointelegraph.com/news/ethereum-price-data-highlights-1-000-as-the-final-bottom-for-eth already exists. Skipping.
[2025-04-09T07:22:54.342+0000] {RSS_DAG.py:98} INFO - Sentiment for message https://cointelegraph.com/news/blackrock-partners-anchorage-digital-digital-asset-custody: [{'label': 'NEGATIVE', 'score': 0.9212181568145752}]
[2025-04-09T07:22:54.344+0000] {RSS_DAG.py:112} INFO - Message with id https://cointelegraph.com/news/blackrock-partners-anchorage-digital-digital-asset-custody already exists. Skipping.
[2025-04-09T07:22:54.357+0000] {RSS_DAG.py:98} INFO - Sentiment for message https://cointelegraph.com/news/bitcoin-futures-divergences-point-to-transitioning-market-are-btc-bulls-accumulating: [{'label': 'NEGATIVE', 'score': 0.9876751899719238}]
[2025-04-09T07:22:54.358+0000] {RSS_DAG.py:112} INFO - Message with id https://cointelegraph.com/news/bitcoin-futures-divergences-point-to-transitioning-market-are-btc-bulls-accumulating already exists. Skipping.
[2025-04-09T07:22:54.370+0000] {RSS_DAG.py:98} INFO - Sentiment for message https://cointelegraph.com/news/bitcoin-relief-rally-fizzles-as-white-house-confirms-104-china-tariffs-will-btc-fall-to-new-lows: [{'label': 'NEGATIVE', 'score': 0.99795001745224}]
[2025-04-09T07:22:54.372+0000] {RSS_DAG.py:112} INFO - Message with id https://cointelegraph.com/news/bitcoin-relief-rally-fizzles-as-white-house-confirms-104-china-tariffs-will-btc-fall-to-new-lows already exists. Skipping.
[2025-04-09T07:22:54.383+0000] {RSS_DAG.py:98} INFO - Sentiment for message https://cointelegraph.com/news/binance-delists-14-tokens-vote-to-delist-process: [{'label': 'NEGATIVE', 'score': 0.997913658618927}]
[2025-04-09T07:22:54.384+0000] {RSS_DAG.py:112} INFO - Message with id https://cointelegraph.com/news/binance-delists-14-tokens-vote-to-delist-process already exists. Skipping.
[2025-04-09T07:22:54.397+0000] {RSS_DAG.py:98} INFO - Sentiment for message https://cointelegraph.com/news/bitcoin-rebounds-as-traders-spot-china-weaker-yuan-chart-but-us-trade-war-caps-80-k-btc-rally: [{'label': 'NEGATIVE', 'score': 0.996406614780426}]
[2025-04-09T07:22:54.399+0000] {RSS_DAG.py:112} INFO - Message with id https://cointelegraph.com/news/bitcoin-rebounds-as-traders-spot-china-weaker-yuan-chart-but-us-trade-war-caps-80-k-btc-rally already exists. Skipping.
[2025-04-09T07:22:54.412+0000] {RSS_DAG.py:98} INFO - Sentiment for message https://cointelegraph.com/news/ripple-acquisition-hidden-road-xrpl-cto: [{'label': 'POSITIVE', 'score': 0.9945224523544312}]
[2025-04-09T07:22:54.413+0000] {RSS_DAG.py:112} INFO - Message with id https://cointelegraph.com/news/ripple-acquisition-hidden-road-xrpl-cto already exists. Skipping.
[2025-04-09T07:22:54.423+0000] {RSS_DAG.py:98} INFO - Sentiment for message https://cointelegraph.com/news/scaling-the-evm-requires-an-l1: [{'label': 'NEGATIVE', 'score': 0.9887575507164001}]
[2025-04-09T07:22:54.425+0000] {RSS_DAG.py:112} INFO - Message with id https://cointelegraph.com/news/scaling-the-evm-requires-an-l1 already exists. Skipping.
[2025-04-09T07:22:54.437+0000] {RSS_DAG.py:98} INFO - Sentiment for message https://cointelegraph.com/news/crypto-banking-adoption-expected-by-end-of-2025: [{'label': 'NEGATIVE', 'score': 0.9945777654647827}]
[2025-04-09T07:22:54.439+0000] {RSS_DAG.py:112} INFO - Message with id https://cointelegraph.com/news/crypto-banking-adoption-expected-by-end-of-2025 already exists. Skipping.
[2025-04-09T07:22:54.452+0000] {RSS_DAG.py:98} INFO - Sentiment for message https://cointelegraph.com/news/cboe-launches-new-bitcoin-futures-product: [{'label': 'NEGATIVE', 'score': 0.8958930969238281}]
[2025-04-09T07:22:54.454+0000] {RSS_DAG.py:112} INFO - Message with id https://cointelegraph.com/news/cboe-launches-new-bitcoin-futures-product already exists. Skipping.
[2025-04-09T07:22:54.466+0000] {RSS_DAG.py:98} INFO - Sentiment for message https://cointelegraph.com/news/dubai-land-department-vara-agreement-real-estate-tokenization: [{'label': 'NEGATIVE', 'score': 0.9747843146324158}]
[2025-04-09T07:22:54.467+0000] {RSS_DAG.py:112} INFO - Message with id https://cointelegraph.com/news/dubai-land-department-vara-agreement-real-estate-tokenization already exists. Skipping.
[2025-04-09T07:22:54.479+0000] {RSS_DAG.py:98} INFO - Sentiment for message https://cointelegraph.com/news/bitcoin-24-7-liquidity-double-edged-sword-marketturmoil: [{'label': 'POSITIVE', 'score': 0.7518042922019958}]
[2025-04-09T07:22:54.481+0000] {RSS_DAG.py:112} INFO - Message with id https://cointelegraph.com/news/bitcoin-24-7-liquidity-double-edged-sword-marketturmoil already exists. Skipping.
[2025-04-09T07:22:54.491+0000] {RSS_DAG.py:98} INFO - Sentiment for message https://cointelegraph.com/explained/can-pi-network-succeed-without-listing-on-major-exchanges: [{'label': 'NEGATIVE', 'score': 0.998894989490509}]
[2025-04-09T07:22:54.493+0000] {RSS_DAG.py:112} INFO - Message with id https://cointelegraph.com/explained/can-pi-network-succeed-without-listing-on-major-exchanges already exists. Skipping.
[2025-04-09T07:22:54.504+0000] {RSS_DAG.py:98} INFO - Sentiment for message https://cointelegraph.com/news/trump-administration-shutters-doj-crypto-enforcement-team: [{'label': 'NEGATIVE', 'score': 0.9988330006599426}]
[2025-04-09T07:22:54.506+0000] {RSS_DAG.py:112} INFO - Message with id https://cointelegraph.com/news/trump-administration-shutters-doj-crypto-enforcement-team already exists. Skipping.
[2025-04-09T07:22:54.520+0000] {RSS_DAG.py:98} INFO - Sentiment for message https://cointelegraph.com/news/twitter-user-claims-tradingview-has-ignored-a-fibonacci-retracement-bug-for-5-years: [{'label': 'NEGATIVE', 'score': 0.9871950745582581}]
[2025-04-09T07:22:54.521+0000] {RSS_DAG.py:112} INFO - Message with id https://cointelegraph.com/news/twitter-user-claims-tradingview-has-ignored-a-fibonacci-retracement-bug-for-5-years already exists. Skipping.
[2025-04-09T07:22:54.537+0000] {RSS_DAG.py:98} INFO - Sentiment for message 304cf85e-2285-4fca-8949-b2b7d4910979: [{'label': 'NEGATIVE', 'score': 0.9995488524436951}]
[2025-04-09T07:22:54.538+0000] {RSS_DAG.py:112} INFO - Message with id 304cf85e-2285-4fca-8949-b2b7d4910979 already exists. Skipping.
[2025-04-09T07:22:54.550+0000] {RSS_DAG.py:98} INFO - Sentiment for message ffaeaa7c-3f91-46a7-be49-5f9b58bc89db: [{'label': 'NEGATIVE', 'score': 0.9969826340675354}]
[2025-04-09T07:22:54.552+0000] {RSS_DAG.py:112} INFO - Message with id ffaeaa7c-3f91-46a7-be49-5f9b58bc89db already exists. Skipping.
[2025-04-09T07:22:54.566+0000] {RSS_DAG.py:98} INFO - Sentiment for message 89d5f1ef-ad6b-4580-81b7-f6c6c0ca6283: [{'label': 'NEGATIVE', 'score': 0.9941118359565735}]
[2025-04-09T07:22:54.568+0000] {RSS_DAG.py:112} INFO - Message with id 89d5f1ef-ad6b-4580-81b7-f6c6c0ca6283 already exists. Skipping.
[2025-04-09T07:22:54.578+0000] {RSS_DAG.py:98} INFO - Sentiment for message be70a774-74e2-4b2c-8a10-f0664a1d114c: [{'label': 'NEGATIVE', 'score': 0.9969354867935181}]
[2025-04-09T07:22:54.580+0000] {RSS_DAG.py:112} INFO - Message with id be70a774-74e2-4b2c-8a10-f0664a1d114c already exists. Skipping.
[2025-04-09T07:22:54.591+0000] {RSS_DAG.py:98} INFO - Sentiment for message fea68659-a7cc-4550-8f2f-630a4095c751: [{'label': 'NEGATIVE', 'score': 0.9983106851577759}]
[2025-04-09T07:22:54.593+0000] {RSS_DAG.py:112} INFO - Message with id fea68659-a7cc-4550-8f2f-630a4095c751 already exists. Skipping.
[2025-04-09T07:22:54.603+0000] {RSS_DAG.py:98} INFO - Sentiment for message 75910512-0523-4f38-9a67-f38432898a31: [{'label': 'POSITIVE', 'score': 0.9994914531707764}]
[2025-04-09T07:22:54.604+0000] {RSS_DAG.py:112} INFO - Message with id 75910512-0523-4f38-9a67-f38432898a31 already exists. Skipping.
[2025-04-09T07:22:54.617+0000] {RSS_DAG.py:98} INFO - Sentiment for message 5446fd3c-b230-4aa6-be23-d2abb37267bd: [{'label': 'NEGATIVE', 'score': 0.9970327615737915}]
[2025-04-09T07:22:54.619+0000] {RSS_DAG.py:112} INFO - Message with id 5446fd3c-b230-4aa6-be23-d2abb37267bd already exists. Skipping.
[2025-04-09T07:22:54.631+0000] {RSS_DAG.py:98} INFO - Sentiment for message 94ba8ba9-277e-469f-80a0-fea49c6dd29d: [{'label': 'NEGATIVE', 'score': 0.996383786201477}]
[2025-04-09T07:22:54.632+0000] {RSS_DAG.py:112} INFO - Message with id 94ba8ba9-277e-469f-80a0-fea49c6dd29d already exists. Skipping.
[2025-04-09T07:22:54.644+0000] {RSS_DAG.py:98} INFO - Sentiment for message 483f62d4-a116-4d74-b887-b26b7aa5424b: [{'label': 'NEGATIVE', 'score': 0.9995949864387512}]
[2025-04-09T07:22:54.646+0000] {RSS_DAG.py:112} INFO - Message with id 483f62d4-a116-4d74-b887-b26b7aa5424b already exists. Skipping.
[2025-04-09T07:22:54.656+0000] {RSS_DAG.py:98} INFO - Sentiment for message 480ae80d-e3b8-46f1-9730-af77fbd6093d: [{'label': 'NEGATIVE', 'score': 0.9813076257705688}]
[2025-04-09T07:22:54.658+0000] {RSS_DAG.py:112} INFO - Message with id 480ae80d-e3b8-46f1-9730-af77fbd6093d already exists. Skipping.
[2025-04-09T07:22:54.670+0000] {RSS_DAG.py:98} INFO - Sentiment for message e56ec2f8-45af-4afc-a11c-d6c2d65de44f: [{'label': 'NEGATIVE', 'score': 0.9991433620452881}]
[2025-04-09T07:22:54.672+0000] {RSS_DAG.py:112} INFO - Message with id e56ec2f8-45af-4afc-a11c-d6c2d65de44f already exists. Skipping.
[2025-04-09T07:22:54.684+0000] {RSS_DAG.py:98} INFO - Sentiment for message 2c57ee34-cb82-4f62-830d-95386be991de: [{'label': 'POSITIVE', 'score': 0.9915627241134644}]
[2025-04-09T07:22:54.685+0000] {RSS_DAG.py:112} INFO - Message with id 2c57ee34-cb82-4f62-830d-95386be991de already exists. Skipping.
[2025-04-09T07:22:54.695+0000] {RSS_DAG.py:98} INFO - Sentiment for message 63e2d0e5-7cb4-4d38-b27c-ee76f7051694: [{'label': 'POSITIVE', 'score': 0.9786590337753296}]
[2025-04-09T07:22:54.696+0000] {RSS_DAG.py:112} INFO - Message with id 63e2d0e5-7cb4-4d38-b27c-ee76f7051694 already exists. Skipping.
[2025-04-09T07:22:54.707+0000] {RSS_DAG.py:98} INFO - Sentiment for message 2bd77a4b-fce9-402e-93c1-e5151a38039f: [{'label': 'POSITIVE', 'score': 0.9604023098945618}]
[2025-04-09T07:22:54.709+0000] {RSS_DAG.py:112} INFO - Message with id 2bd77a4b-fce9-402e-93c1-e5151a38039f already exists. Skipping.
[2025-04-09T07:22:54.722+0000] {RSS_DAG.py:98} INFO - Sentiment for message 7b66d81d-b119-4542-8c07-2cfa442cc00a: [{'label': 'POSITIVE', 'score': 0.9554480314254761}]
[2025-04-09T07:22:54.724+0000] {RSS_DAG.py:112} INFO - Message with id 7b66d81d-b119-4542-8c07-2cfa442cc00a already exists. Skipping.
[2025-04-09T07:22:54.737+0000] {RSS_DAG.py:98} INFO - Sentiment for message 5c40e5a2-a17f-48ed-8963-3214e076722a: [{'label': 'NEGATIVE', 'score': 0.86713707447052}]
[2025-04-09T07:22:54.739+0000] {RSS_DAG.py:112} INFO - Message with id 5c40e5a2-a17f-48ed-8963-3214e076722a already exists. Skipping.
[2025-04-09T07:22:54.752+0000] {RSS_DAG.py:98} INFO - Sentiment for message fd02ee9e-6b95-4a98-b725-ee111289d1d2: [{'label': 'POSITIVE', 'score': 0.9862430691719055}]
[2025-04-09T07:22:54.754+0000] {RSS_DAG.py:112} INFO - Message with id fd02ee9e-6b95-4a98-b725-ee111289d1d2 already exists. Skipping.
[2025-04-09T07:22:54.766+0000] {RSS_DAG.py:98} INFO - Sentiment for message 77e61cee-c30d-4822-a986-bfc2fccc735d: [{'label': 'NEGATIVE', 'score': 0.9969742298126221}]
[2025-04-09T07:22:54.768+0000] {RSS_DAG.py:112} INFO - Message with id 77e61cee-c30d-4822-a986-bfc2fccc735d already exists. Skipping.
[2025-04-09T07:22:54.780+0000] {RSS_DAG.py:98} INFO - Sentiment for message fee075dd-2263-45b9-b331-1d0fd64996ae: [{'label': 'NEGATIVE', 'score': 0.7731702327728271}]
[2025-04-09T07:22:54.781+0000] {RSS_DAG.py:112} INFO - Message with id fee075dd-2263-45b9-b331-1d0fd64996ae already exists. Skipping.
[2025-04-09T07:22:54.792+0000] {RSS_DAG.py:98} INFO - Sentiment for message e88cd9a6-66ad-4b40-8b4d-230085a32c65: [{'label': 'POSITIVE', 'score': 0.9710950255393982}]
[2025-04-09T07:22:54.794+0000] {RSS_DAG.py:112} INFO - Message with id e88cd9a6-66ad-4b40-8b4d-230085a32c65 already exists. Skipping.
[2025-04-09T07:22:54.806+0000] {RSS_DAG.py:98} INFO - Sentiment for message 76ab933b-9e80-4ee1-b6cb-1d7fd0465b72: [{'label': 'NEGATIVE', 'score': 0.9857639670372009}]
[2025-04-09T07:22:54.808+0000] {RSS_DAG.py:112} INFO - Message with id 76ab933b-9e80-4ee1-b6cb-1d7fd0465b72 already exists. Skipping.
[2025-04-09T07:22:54.825+0000] {RSS_DAG.py:98} INFO - Sentiment for message f4743c6c-b9c8-41bf-80ab-eed41c7da496: [{'label': 'NEGATIVE', 'score': 0.9992996454238892}]
[2025-04-09T07:22:54.827+0000] {RSS_DAG.py:112} INFO - Message with id f4743c6c-b9c8-41bf-80ab-eed41c7da496 already exists. Skipping.
[2025-04-09T07:22:54.842+0000] {RSS_DAG.py:98} INFO - Sentiment for message 0c544354-8019-4b37-8f57-ccc7d902d33d: [{'label': 'NEGATIVE', 'score': 0.9975259900093079}]
[2025-04-09T07:22:54.844+0000] {RSS_DAG.py:112} INFO - Message with id 0c544354-8019-4b37-8f57-ccc7d902d33d already exists. Skipping.
[2025-04-09T07:22:54.855+0000] {RSS_DAG.py:98} INFO - Sentiment for message f9ec94be-d4cb-4b5e-b4b1-d8c713318870: [{'label': 'POSITIVE', 'score': 0.8153679966926575}]
[2025-04-09T07:22:54.857+0000] {RSS_DAG.py:112} INFO - Message with id f9ec94be-d4cb-4b5e-b4b1-d8c713318870 already exists. Skipping.
[2025-04-09T07:22:54.869+0000] {RSS_DAG.py:98} INFO - Sentiment for message b873e8dd-df22-4424-8288-5ee3594c0a54: [{'label': 'NEGATIVE', 'score': 0.980512261390686}]
[2025-04-09T07:22:54.871+0000] {RSS_DAG.py:112} INFO - Message with id b873e8dd-df22-4424-8288-5ee3594c0a54 already exists. Skipping.
[2025-04-09T07:22:54.872+0000] {RSS_DAG.py:126} INFO - All expected messages processed or counter reached zero.
[2025-04-09T07:22:54.872+0000] {RSS_DAG.py:148} INFO - No new messages to insert.
[2025-04-09T07:22:54.873+0000] {RSS_DAG.py:151} INFO - Attempting to stop RabbitMQ consumer...
[2025-04-09T07:22:54.874+0000] {RSS_DAG.py:153} INFO - Stopped consuming RabbitMQ messages.
[2025-04-09T07:22:54.875+0000] {RSS_DAG.py:193} INFO - RabbitMQ consumption completed.
[2025-04-09T07:22:54.875+0000] {blocking_connection.py:802} INFO - Closing connection (200): Normal shutdown
[2025-04-09T07:22:54.876+0000] {channel.py:536} INFO - Closing channel (200): 'Normal shutdown' on <Channel number=1 OPEN conn=<SelectConnection OPEN transport=<pika.adapters.utils.io_services_utils._AsyncPlaintextTransport object at 0x7f737ea49280> params=<ConnectionParameters host=rabbitmq port=5672 virtual_host=/ ssl=False>>>
[2025-04-09T07:22:54.877+0000] {channel.py:1133} INFO - Received <Channel.CloseOk> on <Channel number=1 CLOSING conn=<SelectConnection OPEN transport=<pika.adapters.utils.io_services_utils._AsyncPlaintextTransport object at 0x7f737ea49280> params=<ConnectionParameters host=rabbitmq port=5672 virtual_host=/ ssl=False>>>
[2025-04-09T07:22:54.878+0000] {connection.py:1316} INFO - Closing connection (200): 'Normal shutdown'
[2025-04-09T07:22:54.879+0000] {io_services_utils.py:731} INFO - Aborting transport connection: state=1; <socket.socket fd=98, family=2, type=1, proto=6, laddr=('172.28.0.16', 41980), raddr=('172.28.0.12', 5672)>
[2025-04-09T07:22:54.879+0000] {io_services_utils.py:904} INFO - _AsyncTransportBase._initate_abort(): Initiating abrupt asynchronous transport shutdown: state=1; error=None; <socket.socket fd=98, family=2, type=1, proto=6, laddr=('172.28.0.16', 41980), raddr=('172.28.0.12', 5672)>
[2025-04-09T07:22:54.880+0000] {io_services_utils.py:869} INFO - Deactivating transport: state=1; <socket.socket fd=98, family=2, type=1, proto=6, laddr=('172.28.0.16', 41980), raddr=('172.28.0.12', 5672)>
[2025-04-09T07:22:54.880+0000] {connection.py:2017} INFO - AMQP stack terminated, failed to connect, or aborted: opened=True, error-arg=None; pending-error=ConnectionClosedByClient: (200) 'Normal shutdown'
[2025-04-09T07:22:54.881+0000] {connection.py:2086} INFO - Stack terminated due to ConnectionClosedByClient: (200) 'Normal shutdown'
[2025-04-09T07:22:54.882+0000] {io_services_utils.py:882} INFO - Closing transport socket and unlinking: state=3; <socket.socket fd=98, family=2, type=1, proto=6, laddr=('172.28.0.16', 41980), raddr=('172.28.0.12', 5672)>
[2025-04-09T07:22:54.883+0000] {blocking_connection.py:525} INFO - User-initiated close: result=(<SelectConnection CLOSED transport=None params=<ConnectionParameters host=rabbitmq port=5672 virtual_host=/ ssl=False>>, ConnectionClosedByClient: (200) 'Normal shutdown')
[2025-04-09T07:22:54.893+0000] {python.py:237} INFO - Done. Returned value was: None
[2025-04-09T07:22:54.894+0000] {taskinstance.py:441} INFO - ::group::Post task execution logs
[2025-04-09T07:22:54.901+0000] {taskinstance.py:1206} INFO - Marking task as SUCCESS. dag_id=RSS, task_id=process_news, run_id=manual__2025-04-09T07:22:37.927872+00:00, execution_date=20250409T072237, start_date=20250409T072253, end_date=20250409T072254
[2025-04-09T07:22:54.948+0000] {local_task_job_runner.py:240} INFO - Task exited with return code 0
[2025-04-09T07:22:54.960+0000] {taskinstance.py:3503} INFO - 0 downstream tasks scheduled from follow-on schedule check
[2025-04-09T07:22:54.964+0000] {local_task_job_runner.py:222} INFO - ::endgroup::
