[2025-04-07T11:27:54.719+0000] {local_task_job_runner.py:120} INFO - ::group::Pre task execution logs
[2025-04-07T11:27:54.737+0000] {taskinstance.py:2076} INFO - Dependencies all met for dep_context=non-requeueable deps ti=<TaskInstance: RSS.process_news manual__2025-04-07T11:27:40.340813+00:00 [queued]>
[2025-04-07T11:27:54.744+0000] {taskinstance.py:2076} INFO - Dependencies all met for dep_context=requeueable deps ti=<TaskInstance: RSS.process_news manual__2025-04-07T11:27:40.340813+00:00 [queued]>
[2025-04-07T11:27:54.745+0000] {taskinstance.py:2306} INFO - Starting attempt 1 of 1
[2025-04-07T11:27:54.757+0000] {taskinstance.py:2330} INFO - Executing <Task(PythonOperator): process_news> on 2025-04-07 11:27:40.340813+00:00
[2025-04-07T11:27:54.770+0000] {warnings.py:112} WARNING - /home/***/.local/lib/python3.12/site-packages/***/task/task_runner/standard_task_runner.py:61: DeprecationWarning: This process (pid=78) is multi-threaded, use of fork() may lead to deadlocks in the child.
  pid = os.fork()

[2025-04-07T11:27:54.772+0000] {standard_task_runner.py:63} INFO - Started process 79 to run task
[2025-04-07T11:27:54.772+0000] {standard_task_runner.py:90} INFO - Running: ['***', 'tasks', 'run', 'RSS', 'process_news', 'manual__2025-04-07T11:27:40.340813+00:00', '--job-id', '148', '--raw', '--subdir', 'DAGS_FOLDER/RSS_DAG.py', '--cfg-path', '/tmp/tmpueklj88j']
[2025-04-07T11:27:54.774+0000] {standard_task_runner.py:91} INFO - Job 148: Subtask process_news
[2025-04-07T11:27:54.818+0000] {task_command.py:426} INFO - Running <TaskInstance: RSS.process_news manual__2025-04-07T11:27:40.340813+00:00 [running]> on host a7e6e42441c0
[2025-04-07T11:27:54.892+0000] {taskinstance.py:2648} INFO - Exporting env vars: AIRFLOW_CTX_DAG_OWNER='user' AIRFLOW_CTX_DAG_ID='RSS' AIRFLOW_CTX_TASK_ID='process_news' AIRFLOW_CTX_EXECUTION_DATE='2025-04-07T11:27:40.340813+00:00' AIRFLOW_CTX_TRY_NUMBER='1' AIRFLOW_CTX_DAG_RUN_ID='manual__2025-04-07T11:27:40.340813+00:00'
[2025-04-07T11:27:54.894+0000] {taskinstance.py:430} INFO - ::endgroup::
[2025-04-07T11:27:54.910+0000] {base.py:84} INFO - Using connection ID 'mongo_conn' for task execution.
[2025-04-07T11:27:54.911+0000] {RSS_DAG.py:158} INFO - Инициализация модели анализа тональности...
[2025-04-07T11:27:54.912+0000] {log.py:232} WARNING - No model was supplied, defaulted to distilbert/distilbert-base-uncased-finetuned-sst-2-english and revision 714eb0f (https://huggingface.co/distilbert/distilbert-base-uncased-finetuned-sst-2-english).
Using a pipeline without specifying a model name and revision in production is not recommended.
[2025-04-07T11:27:56.045+0000] {log.py:232} WARNING - Xet Storage is enabled for this repo, but the 'hf_xet' package is not installed. Falling back to regular HTTP download. For better performance, install the package with: `pip install huggingface_hub[hf_xet]` or `pip install hf_xet`
[2025-04-07T11:27:56.045+0000] {file_download.py:1670} WARNING - Xet Storage is enabled for this repo, but the 'hf_xet' package is not installed. Falling back to regular HTTP download. For better performance, install the package with: `pip install huggingface_hub[hf_xet]` or `pip install hf_xet`
[2025-04-07T11:29:48.034+0000] {log.py:232} WARNING - Device set to use cpu
[2025-04-07T11:29:48.036+0000] {RSS_DAG.py:160} INFO - Модель анализа тональности загружена.
[2025-04-07T11:29:48.041+0000] {base.py:84} INFO - Using connection ID 'redis_conn' for task execution.
[2025-04-07T11:29:48.050+0000] {RSS_DAG.py:173} INFO - Ожидается 56 сообщений на основе счетчика Redis.
[2025-04-07T11:29:48.116+0000] {RSS_DAG.py:179} INFO - Подключено к коллекции MongoDB: DB.RSS
[2025-04-07T11:29:48.118+0000] {connection_workflow.py:179} INFO - Pika version 1.3.2 connecting to ('172.28.0.12', 5672)
[2025-04-07T11:29:48.119+0000] {io_services_utils.py:345} INFO - Socket connected: <socket.socket fd=99, family=2, type=1, proto=6, laddr=('172.28.0.17', 40720), raddr=('172.28.0.12', 5672)>
[2025-04-07T11:29:48.121+0000] {connection_workflow.py:428} INFO - Streaming transport linked up: (<pika.adapters.utils.io_services_utils._AsyncPlaintextTransport object at 0x7f3c42e60c80>, _StreamingProtocolShim: <SelectConnection PROTOCOL transport=<pika.adapters.utils.io_services_utils._AsyncPlaintextTransport object at 0x7f3c42e60c80> params=<ConnectionParameters host=rabbitmq port=5672 virtual_host=/ ssl=False>>).
[2025-04-07T11:29:48.128+0000] {connection_workflow.py:293} INFO - AMQPConnector - reporting success: <SelectConnection OPEN transport=<pika.adapters.utils.io_services_utils._AsyncPlaintextTransport object at 0x7f3c42e60c80> params=<ConnectionParameters host=rabbitmq port=5672 virtual_host=/ ssl=False>>
[2025-04-07T11:29:48.128+0000] {connection_workflow.py:725} INFO - AMQPConnectionWorkflow - reporting success: <SelectConnection OPEN transport=<pika.adapters.utils.io_services_utils._AsyncPlaintextTransport object at 0x7f3c42e60c80> params=<ConnectionParameters host=rabbitmq port=5672 virtual_host=/ ssl=False>>
[2025-04-07T11:29:48.129+0000] {blocking_connection.py:453} INFO - Connection workflow succeeded: <SelectConnection OPEN transport=<pika.adapters.utils.io_services_utils._AsyncPlaintextTransport object at 0x7f3c42e60c80> params=<ConnectionParameters host=rabbitmq port=5672 virtual_host=/ ssl=False>>
[2025-04-07T11:29:48.129+0000] {blocking_connection.py:1264} INFO - Created channel=1
[2025-04-07T11:29:48.136+0000] {RSS_DAG.py:190} INFO - Запуск потребителя RabbitMQ в очереди 'RSS'. Ожидание 56 сообщений...
[2025-04-07T11:29:48.137+0000] {RSS_DAG.py:99} WARNING - Не найдено содержимое для анализа тональности в сообщении N/A
[2025-04-07T11:29:48.138+0000] {RSS_DAG.py:113} WARNING - Получено сообщение без GUID. Пропускаем проверку дубликатов и добавляем.
[2025-04-07T11:29:48.138+0000] {RSS_DAG.py:99} WARNING - Не найдено содержимое для анализа тональности в сообщении N/A
[2025-04-07T11:29:48.139+0000] {RSS_DAG.py:113} WARNING - Получено сообщение без GUID. Пропускаем проверку дубликатов и добавляем.
[2025-04-07T11:29:48.139+0000] {RSS_DAG.py:99} WARNING - Не найдено содержимое для анализа тональности в сообщении N/A
[2025-04-07T11:29:48.140+0000] {RSS_DAG.py:113} WARNING - Получено сообщение без GUID. Пропускаем проверку дубликатов и добавляем.
[2025-04-07T11:29:48.140+0000] {RSS_DAG.py:99} WARNING - Не найдено содержимое для анализа тональности в сообщении N/A
[2025-04-07T11:29:48.141+0000] {RSS_DAG.py:113} WARNING - Получено сообщение без GUID. Пропускаем проверку дубликатов и добавляем.
[2025-04-07T11:29:48.141+0000] {RSS_DAG.py:99} WARNING - Не найдено содержимое для анализа тональности в сообщении N/A
[2025-04-07T11:29:48.142+0000] {RSS_DAG.py:113} WARNING - Получено сообщение без GUID. Пропускаем проверку дубликатов и добавляем.
[2025-04-07T11:29:48.142+0000] {RSS_DAG.py:99} WARNING - Не найдено содержимое для анализа тональности в сообщении N/A
[2025-04-07T11:29:48.143+0000] {RSS_DAG.py:113} WARNING - Получено сообщение без GUID. Пропускаем проверку дубликатов и добавляем.
[2025-04-07T11:29:48.143+0000] {RSS_DAG.py:99} WARNING - Не найдено содержимое для анализа тональности в сообщении N/A
[2025-04-07T11:29:48.144+0000] {RSS_DAG.py:113} WARNING - Получено сообщение без GUID. Пропускаем проверку дубликатов и добавляем.
[2025-04-07T11:29:48.144+0000] {RSS_DAG.py:99} WARNING - Не найдено содержимое для анализа тональности в сообщении N/A
[2025-04-07T11:29:48.145+0000] {RSS_DAG.py:113} WARNING - Получено сообщение без GUID. Пропускаем проверку дубликатов и добавляем.
[2025-04-07T11:29:48.145+0000] {RSS_DAG.py:99} WARNING - Не найдено содержимое для анализа тональности в сообщении N/A
[2025-04-07T11:29:48.146+0000] {RSS_DAG.py:113} WARNING - Получено сообщение без GUID. Пропускаем проверку дубликатов и добавляем.
[2025-04-07T11:29:48.146+0000] {RSS_DAG.py:99} WARNING - Не найдено содержимое для анализа тональности в сообщении N/A
[2025-04-07T11:29:48.147+0000] {RSS_DAG.py:113} WARNING - Получено сообщение без GUID. Пропускаем проверку дубликатов и добавляем.
[2025-04-07T11:29:48.147+0000] {RSS_DAG.py:99} WARNING - Не найдено содержимое для анализа тональности в сообщении N/A
[2025-04-07T11:29:48.148+0000] {RSS_DAG.py:113} WARNING - Получено сообщение без GUID. Пропускаем проверку дубликатов и добавляем.
[2025-04-07T11:29:48.148+0000] {RSS_DAG.py:99} WARNING - Не найдено содержимое для анализа тональности в сообщении N/A
[2025-04-07T11:29:48.149+0000] {RSS_DAG.py:113} WARNING - Получено сообщение без GUID. Пропускаем проверку дубликатов и добавляем.
[2025-04-07T11:29:48.149+0000] {RSS_DAG.py:99} WARNING - Не найдено содержимое для анализа тональности в сообщении N/A
[2025-04-07T11:29:48.150+0000] {RSS_DAG.py:113} WARNING - Получено сообщение без GUID. Пропускаем проверку дубликатов и добавляем.
[2025-04-07T11:29:48.150+0000] {RSS_DAG.py:99} WARNING - Не найдено содержимое для анализа тональности в сообщении N/A
[2025-04-07T11:29:48.150+0000] {RSS_DAG.py:113} WARNING - Получено сообщение без GUID. Пропускаем проверку дубликатов и добавляем.
[2025-04-07T11:29:48.151+0000] {RSS_DAG.py:99} WARNING - Не найдено содержимое для анализа тональности в сообщении N/A
[2025-04-07T11:29:48.151+0000] {RSS_DAG.py:113} WARNING - Получено сообщение без GUID. Пропускаем проверку дубликатов и добавляем.
[2025-04-07T11:29:48.152+0000] {RSS_DAG.py:99} WARNING - Не найдено содержимое для анализа тональности в сообщении N/A
[2025-04-07T11:29:48.152+0000] {RSS_DAG.py:113} WARNING - Получено сообщение без GUID. Пропускаем проверку дубликатов и добавляем.
[2025-04-07T11:29:48.153+0000] {RSS_DAG.py:99} WARNING - Не найдено содержимое для анализа тональности в сообщении N/A
[2025-04-07T11:29:48.153+0000] {RSS_DAG.py:113} WARNING - Получено сообщение без GUID. Пропускаем проверку дубликатов и добавляем.
[2025-04-07T11:29:48.154+0000] {RSS_DAG.py:99} WARNING - Не найдено содержимое для анализа тональности в сообщении N/A
[2025-04-07T11:29:48.154+0000] {RSS_DAG.py:113} WARNING - Получено сообщение без GUID. Пропускаем проверку дубликатов и добавляем.
[2025-04-07T11:29:48.154+0000] {RSS_DAG.py:99} WARNING - Не найдено содержимое для анализа тональности в сообщении N/A
[2025-04-07T11:29:48.155+0000] {RSS_DAG.py:113} WARNING - Получено сообщение без GUID. Пропускаем проверку дубликатов и добавляем.
[2025-04-07T11:29:48.155+0000] {RSS_DAG.py:99} WARNING - Не найдено содержимое для анализа тональности в сообщении N/A
[2025-04-07T11:29:48.156+0000] {RSS_DAG.py:113} WARNING - Получено сообщение без GUID. Пропускаем проверку дубликатов и добавляем.
[2025-04-07T11:29:48.156+0000] {RSS_DAG.py:99} WARNING - Не найдено содержимое для анализа тональности в сообщении N/A
[2025-04-07T11:29:48.157+0000] {RSS_DAG.py:113} WARNING - Получено сообщение без GUID. Пропускаем проверку дубликатов и добавляем.
[2025-04-07T11:29:48.157+0000] {RSS_DAG.py:99} WARNING - Не найдено содержимое для анализа тональности в сообщении N/A
[2025-04-07T11:29:48.158+0000] {RSS_DAG.py:113} WARNING - Получено сообщение без GUID. Пропускаем проверку дубликатов и добавляем.
[2025-04-07T11:29:48.158+0000] {RSS_DAG.py:99} WARNING - Не найдено содержимое для анализа тональности в сообщении N/A
[2025-04-07T11:29:48.159+0000] {RSS_DAG.py:113} WARNING - Получено сообщение без GUID. Пропускаем проверку дубликатов и добавляем.
[2025-04-07T11:29:48.159+0000] {RSS_DAG.py:99} WARNING - Не найдено содержимое для анализа тональности в сообщении N/A
[2025-04-07T11:29:48.160+0000] {RSS_DAG.py:113} WARNING - Получено сообщение без GUID. Пропускаем проверку дубликатов и добавляем.
[2025-04-07T11:29:48.163+0000] {RSS_DAG.py:99} WARNING - Не найдено содержимое для анализа тональности в сообщении N/A
[2025-04-07T11:29:48.164+0000] {RSS_DAG.py:113} WARNING - Получено сообщение без GUID. Пропускаем проверку дубликатов и добавляем.
[2025-04-07T11:29:48.165+0000] {RSS_DAG.py:99} WARNING - Не найдено содержимое для анализа тональности в сообщении N/A
[2025-04-07T11:29:48.165+0000] {RSS_DAG.py:113} WARNING - Получено сообщение без GUID. Пропускаем проверку дубликатов и добавляем.
[2025-04-07T11:29:48.165+0000] {RSS_DAG.py:99} WARNING - Не найдено содержимое для анализа тональности в сообщении N/A
[2025-04-07T11:29:48.166+0000] {RSS_DAG.py:113} WARNING - Получено сообщение без GUID. Пропускаем проверку дубликатов и добавляем.
[2025-04-07T11:29:48.166+0000] {RSS_DAG.py:99} WARNING - Не найдено содержимое для анализа тональности в сообщении N/A
[2025-04-07T11:29:48.167+0000] {RSS_DAG.py:113} WARNING - Получено сообщение без GUID. Пропускаем проверку дубликатов и добавляем.
[2025-04-07T11:29:48.167+0000] {RSS_DAG.py:99} WARNING - Не найдено содержимое для анализа тональности в сообщении N/A
[2025-04-07T11:29:48.168+0000] {RSS_DAG.py:113} WARNING - Получено сообщение без GUID. Пропускаем проверку дубликатов и добавляем.
[2025-04-07T11:29:48.169+0000] {RSS_DAG.py:99} WARNING - Не найдено содержимое для анализа тональности в сообщении N/A
[2025-04-07T11:29:48.169+0000] {RSS_DAG.py:113} WARNING - Получено сообщение без GUID. Пропускаем проверку дубликатов и добавляем.
[2025-04-07T11:29:48.170+0000] {RSS_DAG.py:99} WARNING - Не найдено содержимое для анализа тональности в сообщении N/A
[2025-04-07T11:29:48.171+0000] {RSS_DAG.py:113} WARNING - Получено сообщение без GUID. Пропускаем проверку дубликатов и добавляем.
[2025-04-07T11:29:48.303+0000] {RSS_DAG.py:113} WARNING - Получено сообщение без GUID. Пропускаем проверку дубликатов и добавляем.
[2025-04-07T11:29:48.321+0000] {RSS_DAG.py:113} WARNING - Получено сообщение без GUID. Пропускаем проверку дубликатов и добавляем.
[2025-04-07T11:29:48.346+0000] {RSS_DAG.py:113} WARNING - Получено сообщение без GUID. Пропускаем проверку дубликатов и добавляем.
[2025-04-07T11:29:48.364+0000] {RSS_DAG.py:113} WARNING - Получено сообщение без GUID. Пропускаем проверку дубликатов и добавляем.
[2025-04-07T11:29:48.378+0000] {RSS_DAG.py:113} WARNING - Получено сообщение без GUID. Пропускаем проверку дубликатов и добавляем.
[2025-04-07T11:29:48.394+0000] {RSS_DAG.py:113} WARNING - Получено сообщение без GUID. Пропускаем проверку дубликатов и добавляем.
[2025-04-07T11:29:48.411+0000] {RSS_DAG.py:113} WARNING - Получено сообщение без GUID. Пропускаем проверку дубликатов и добавляем.
[2025-04-07T11:29:48.432+0000] {RSS_DAG.py:113} WARNING - Получено сообщение без GUID. Пропускаем проверку дубликатов и добавляем.
[2025-04-07T11:29:48.450+0000] {RSS_DAG.py:113} WARNING - Получено сообщение без GUID. Пропускаем проверку дубликатов и добавляем.
[2025-04-07T11:29:48.467+0000] {RSS_DAG.py:113} WARNING - Получено сообщение без GUID. Пропускаем проверку дубликатов и добавляем.
[2025-04-07T11:29:48.486+0000] {RSS_DAG.py:113} WARNING - Получено сообщение без GUID. Пропускаем проверку дубликатов и добавляем.
[2025-04-07T11:29:48.500+0000] {RSS_DAG.py:113} WARNING - Получено сообщение без GUID. Пропускаем проверку дубликатов и добавляем.
[2025-04-07T11:29:48.517+0000] {RSS_DAG.py:113} WARNING - Получено сообщение без GUID. Пропускаем проверку дубликатов и добавляем.
[2025-04-07T11:29:48.534+0000] {RSS_DAG.py:113} WARNING - Получено сообщение без GUID. Пропускаем проверку дубликатов и добавляем.
[2025-04-07T11:29:48.548+0000] {RSS_DAG.py:113} WARNING - Получено сообщение без GUID. Пропускаем проверку дубликатов и добавляем.
[2025-04-07T11:29:48.566+0000] {RSS_DAG.py:113} WARNING - Получено сообщение без GUID. Пропускаем проверку дубликатов и добавляем.
[2025-04-07T11:29:48.583+0000] {RSS_DAG.py:113} WARNING - Получено сообщение без GUID. Пропускаем проверку дубликатов и добавляем.
[2025-04-07T11:29:48.598+0000] {RSS_DAG.py:113} WARNING - Получено сообщение без GUID. Пропускаем проверку дубликатов и добавляем.
[2025-04-07T11:29:48.617+0000] {RSS_DAG.py:113} WARNING - Получено сообщение без GUID. Пропускаем проверку дубликатов и добавляем.
[2025-04-07T11:29:48.631+0000] {RSS_DAG.py:113} WARNING - Получено сообщение без GUID. Пропускаем проверку дубликатов и добавляем.
[2025-04-07T11:29:48.645+0000] {RSS_DAG.py:113} WARNING - Получено сообщение без GUID. Пропускаем проверку дубликатов и добавляем.
[2025-04-07T11:29:48.661+0000] {RSS_DAG.py:113} WARNING - Получено сообщение без GUID. Пропускаем проверку дубликатов и добавляем.
[2025-04-07T11:29:48.678+0000] {RSS_DAG.py:113} WARNING - Получено сообщение без GUID. Пропускаем проверку дубликатов и добавляем.
[2025-04-07T11:29:48.690+0000] {RSS_DAG.py:113} WARNING - Получено сообщение без GUID. Пропускаем проверку дубликатов и добавляем.
[2025-04-07T11:29:48.706+0000] {RSS_DAG.py:113} WARNING - Получено сообщение без GUID. Пропускаем проверку дубликатов и добавляем.
[2025-04-07T11:29:48.706+0000] {RSS_DAG.py:125} INFO - Обработаны все ожидаемые сообщения или счетчик достиг нуля.
[2025-04-07T11:29:48.707+0000] {RSS_DAG.py:128} INFO - Вставка 56 новых сообщений в MongoDB.
[2025-04-07T11:29:48.788+0000] {RSS_DAG.py:150} INFO - Попытка остановить потребителя RabbitMQ...
[2025-04-07T11:29:48.790+0000] {RSS_DAG.py:152} INFO - Остановлено потребление сообщений RabbitMQ.
[2025-04-07T11:29:48.790+0000] {RSS_DAG.py:192} INFO - Потребление RabbitMQ завершено.
[2025-04-07T11:29:48.791+0000] {blocking_connection.py:802} INFO - Closing connection (200): Normal shutdown
[2025-04-07T11:29:48.792+0000] {channel.py:536} INFO - Closing channel (200): 'Normal shutdown' on <Channel number=1 OPEN conn=<SelectConnection OPEN transport=<pika.adapters.utils.io_services_utils._AsyncPlaintextTransport object at 0x7f3c42e60c80> params=<ConnectionParameters host=rabbitmq port=5672 virtual_host=/ ssl=False>>>
[2025-04-07T11:29:48.793+0000] {channel.py:1133} INFO - Received <Channel.CloseOk> on <Channel number=1 CLOSING conn=<SelectConnection OPEN transport=<pika.adapters.utils.io_services_utils._AsyncPlaintextTransport object at 0x7f3c42e60c80> params=<ConnectionParameters host=rabbitmq port=5672 virtual_host=/ ssl=False>>>
[2025-04-07T11:29:48.793+0000] {connection.py:1316} INFO - Closing connection (200): 'Normal shutdown'
[2025-04-07T11:29:48.794+0000] {io_services_utils.py:731} INFO - Aborting transport connection: state=1; <socket.socket fd=99, family=2, type=1, proto=6, laddr=('172.28.0.17', 40720), raddr=('172.28.0.12', 5672)>
[2025-04-07T11:29:48.795+0000] {io_services_utils.py:904} INFO - _AsyncTransportBase._initate_abort(): Initiating abrupt asynchronous transport shutdown: state=1; error=None; <socket.socket fd=99, family=2, type=1, proto=6, laddr=('172.28.0.17', 40720), raddr=('172.28.0.12', 5672)>
[2025-04-07T11:29:48.795+0000] {io_services_utils.py:869} INFO - Deactivating transport: state=1; <socket.socket fd=99, family=2, type=1, proto=6, laddr=('172.28.0.17', 40720), raddr=('172.28.0.12', 5672)>
[2025-04-07T11:29:48.795+0000] {connection.py:2017} INFO - AMQP stack terminated, failed to connect, or aborted: opened=True, error-arg=None; pending-error=ConnectionClosedByClient: (200) 'Normal shutdown'
[2025-04-07T11:29:48.796+0000] {connection.py:2086} INFO - Stack terminated due to ConnectionClosedByClient: (200) 'Normal shutdown'
[2025-04-07T11:29:48.797+0000] {io_services_utils.py:882} INFO - Closing transport socket and unlinking: state=3; <socket.socket fd=99, family=2, type=1, proto=6, laddr=('172.28.0.17', 40720), raddr=('172.28.0.12', 5672)>
[2025-04-07T11:29:48.797+0000] {blocking_connection.py:525} INFO - User-initiated close: result=(<SelectConnection CLOSED transport=None params=<ConnectionParameters host=rabbitmq port=5672 virtual_host=/ ssl=False>>, ConnectionClosedByClient: (200) 'Normal shutdown')
[2025-04-07T11:29:48.809+0000] {python.py:237} INFO - Done. Returned value was: None
[2025-04-07T11:29:48.809+0000] {taskinstance.py:441} INFO - ::group::Post task execution logs
[2025-04-07T11:29:48.817+0000] {taskinstance.py:1206} INFO - Marking task as SUCCESS. dag_id=RSS, task_id=process_news, run_id=manual__2025-04-07T11:27:40.340813+00:00, execution_date=20250407T112740, start_date=20250407T112754, end_date=20250407T112948
[2025-04-07T11:29:48.846+0000] {local_task_job_runner.py:240} INFO - Task exited with return code 0
[2025-04-07T11:29:48.858+0000] {taskinstance.py:3503} INFO - 0 downstream tasks scheduled from follow-on schedule check
[2025-04-07T11:29:48.863+0000] {local_task_job_runner.py:222} INFO - ::endgroup::
