[2025-04-07T14:13:57.326+0000] {local_task_job_runner.py:120} INFO - ::group::Pre task execution logs
[2025-04-07T14:13:57.345+0000] {taskinstance.py:2076} INFO - Dependencies all met for dep_context=non-requeueable deps ti=<TaskInstance: RSS.process_news manual__2025-04-07T14:13:42.781808+00:00 [queued]>
[2025-04-07T14:13:57.352+0000] {taskinstance.py:2076} INFO - Dependencies all met for dep_context=requeueable deps ti=<TaskInstance: RSS.process_news manual__2025-04-07T14:13:42.781808+00:00 [queued]>
[2025-04-07T14:13:57.353+0000] {taskinstance.py:2306} INFO - Starting attempt 1 of 1
[2025-04-07T14:13:57.366+0000] {taskinstance.py:2330} INFO - Executing <Task(PythonOperator): process_news> on 2025-04-07 14:13:42.781808+00:00
[2025-04-07T14:13:57.380+0000] {warnings.py:112} WARNING - /home/***/.local/lib/python3.12/site-packages/***/task/task_runner/standard_task_runner.py:61: DeprecationWarning: This process (pid=207) is multi-threaded, use of fork() may lead to deadlocks in the child.
  pid = os.fork()

[2025-04-07T14:13:57.382+0000] {standard_task_runner.py:63} INFO - Started process 208 to run task
[2025-04-07T14:13:57.382+0000] {standard_task_runner.py:90} INFO - Running: ['***', 'tasks', 'run', 'RSS', 'process_news', 'manual__2025-04-07T14:13:42.781808+00:00', '--job-id', '164', '--raw', '--subdir', 'DAGS_FOLDER/RSS_DAG.py', '--cfg-path', '/tmp/tmpc6pi6cgf']
[2025-04-07T14:13:57.384+0000] {standard_task_runner.py:91} INFO - Job 164: Subtask process_news
[2025-04-07T14:13:57.422+0000] {task_command.py:426} INFO - Running <TaskInstance: RSS.process_news manual__2025-04-07T14:13:42.781808+00:00 [running]> on host 5986bb29e517
[2025-04-07T14:13:57.491+0000] {taskinstance.py:2648} INFO - Exporting env vars: AIRFLOW_CTX_DAG_OWNER='user' AIRFLOW_CTX_DAG_ID='RSS' AIRFLOW_CTX_TASK_ID='process_news' AIRFLOW_CTX_EXECUTION_DATE='2025-04-07T14:13:42.781808+00:00' AIRFLOW_CTX_TRY_NUMBER='1' AIRFLOW_CTX_DAG_RUN_ID='manual__2025-04-07T14:13:42.781808+00:00'
[2025-04-07T14:13:57.492+0000] {taskinstance.py:430} INFO - ::endgroup::
[2025-04-07T14:13:57.508+0000] {base.py:84} INFO - Using connection ID 'mongo_conn' for task execution.
[2025-04-07T14:13:57.509+0000] {RSS_DAG.py:159} INFO - Инициализация модели анализа тональности...
[2025-04-07T14:13:57.510+0000] {log.py:232} WARNING - No model was supplied, defaulted to distilbert/distilbert-base-uncased-finetuned-sst-2-english and revision 714eb0f (https://huggingface.co/distilbert/distilbert-base-uncased-finetuned-sst-2-english).
Using a pipeline without specifying a model name and revision in production is not recommended.
[2025-04-07T14:13:58.107+0000] {log.py:232} WARNING - Device set to use cpu
[2025-04-07T14:13:58.107+0000] {RSS_DAG.py:161} INFO - Модель анализа тональности загружена.
[2025-04-07T14:13:58.113+0000] {base.py:84} INFO - Using connection ID 'redis_conn' for task execution.
[2025-04-07T14:13:58.115+0000] {RSS_DAG.py:174} INFO - Ожидается 56 сообщений на основе счетчика Redis.
[2025-04-07T14:13:58.173+0000] {RSS_DAG.py:180} INFO - Подключено к коллекции MongoDB: DB.RSS
[2025-04-07T14:13:58.175+0000] {connection_workflow.py:179} INFO - Pika version 1.3.2 connecting to ('172.28.0.11', 5672)
[2025-04-07T14:13:58.176+0000] {io_services_utils.py:345} INFO - Socket connected: <socket.socket fd=98, family=2, type=1, proto=6, laddr=('172.28.0.18', 36090), raddr=('172.28.0.11', 5672)>
[2025-04-07T14:13:58.177+0000] {connection_workflow.py:428} INFO - Streaming transport linked up: (<pika.adapters.utils.io_services_utils._AsyncPlaintextTransport object at 0x7ff01bfe2000>, _StreamingProtocolShim: <SelectConnection PROTOCOL transport=<pika.adapters.utils.io_services_utils._AsyncPlaintextTransport object at 0x7ff01bfe2000> params=<ConnectionParameters host=rabbitmq port=5672 virtual_host=/ ssl=False>>).
[2025-04-07T14:13:58.180+0000] {connection_workflow.py:293} INFO - AMQPConnector - reporting success: <SelectConnection OPEN transport=<pika.adapters.utils.io_services_utils._AsyncPlaintextTransport object at 0x7ff01bfe2000> params=<ConnectionParameters host=rabbitmq port=5672 virtual_host=/ ssl=False>>
[2025-04-07T14:13:58.181+0000] {connection_workflow.py:725} INFO - AMQPConnectionWorkflow - reporting success: <SelectConnection OPEN transport=<pika.adapters.utils.io_services_utils._AsyncPlaintextTransport object at 0x7ff01bfe2000> params=<ConnectionParameters host=rabbitmq port=5672 virtual_host=/ ssl=False>>
[2025-04-07T14:13:58.182+0000] {blocking_connection.py:453} INFO - Connection workflow succeeded: <SelectConnection OPEN transport=<pika.adapters.utils.io_services_utils._AsyncPlaintextTransport object at 0x7ff01bfe2000> params=<ConnectionParameters host=rabbitmq port=5672 virtual_host=/ ssl=False>>
[2025-04-07T14:13:58.182+0000] {blocking_connection.py:1264} INFO - Created channel=1
[2025-04-07T14:13:58.188+0000] {RSS_DAG.py:191} INFO - Запуск потребителя RabbitMQ в очереди 'RSS'. Ожидание 56 сообщений...
[2025-04-07T14:13:58.188+0000] {RSS_DAG.py:99} WARNING - Не найдено содержимое для анализа тональности в сообщении N/A
[2025-04-07T14:13:58.189+0000] {RSS_DAG.py:107} INFO - Сообщение с guid None.
[2025-04-07T14:13:58.189+0000] {RSS_DAG.py:114} WARNING - Получено сообщение без GUID. Пропускаем проверку дубликатов и добавляем.
[2025-04-07T14:13:58.189+0000] {RSS_DAG.py:99} WARNING - Не найдено содержимое для анализа тональности в сообщении N/A
[2025-04-07T14:13:58.190+0000] {RSS_DAG.py:107} INFO - Сообщение с guid None.
[2025-04-07T14:13:58.190+0000] {RSS_DAG.py:114} WARNING - Получено сообщение без GUID. Пропускаем проверку дубликатов и добавляем.
[2025-04-07T14:13:58.190+0000] {RSS_DAG.py:99} WARNING - Не найдено содержимое для анализа тональности в сообщении N/A
[2025-04-07T14:13:58.191+0000] {RSS_DAG.py:107} INFO - Сообщение с guid None.
[2025-04-07T14:13:58.191+0000] {RSS_DAG.py:114} WARNING - Получено сообщение без GUID. Пропускаем проверку дубликатов и добавляем.
[2025-04-07T14:13:58.191+0000] {RSS_DAG.py:99} WARNING - Не найдено содержимое для анализа тональности в сообщении N/A
[2025-04-07T14:13:58.192+0000] {RSS_DAG.py:107} INFO - Сообщение с guid None.
[2025-04-07T14:13:58.192+0000] {RSS_DAG.py:114} WARNING - Получено сообщение без GUID. Пропускаем проверку дубликатов и добавляем.
[2025-04-07T14:13:58.192+0000] {RSS_DAG.py:99} WARNING - Не найдено содержимое для анализа тональности в сообщении N/A
[2025-04-07T14:13:58.192+0000] {RSS_DAG.py:107} INFO - Сообщение с guid None.
[2025-04-07T14:13:58.193+0000] {RSS_DAG.py:114} WARNING - Получено сообщение без GUID. Пропускаем проверку дубликатов и добавляем.
[2025-04-07T14:13:58.193+0000] {RSS_DAG.py:99} WARNING - Не найдено содержимое для анализа тональности в сообщении N/A
[2025-04-07T14:13:58.193+0000] {RSS_DAG.py:107} INFO - Сообщение с guid None.
[2025-04-07T14:13:58.194+0000] {RSS_DAG.py:114} WARNING - Получено сообщение без GUID. Пропускаем проверку дубликатов и добавляем.
[2025-04-07T14:13:58.194+0000] {RSS_DAG.py:99} WARNING - Не найдено содержимое для анализа тональности в сообщении N/A
[2025-04-07T14:13:58.194+0000] {RSS_DAG.py:107} INFO - Сообщение с guid None.
[2025-04-07T14:13:58.195+0000] {RSS_DAG.py:114} WARNING - Получено сообщение без GUID. Пропускаем проверку дубликатов и добавляем.
[2025-04-07T14:13:58.196+0000] {RSS_DAG.py:99} WARNING - Не найдено содержимое для анализа тональности в сообщении N/A
[2025-04-07T14:13:58.196+0000] {RSS_DAG.py:107} INFO - Сообщение с guid None.
[2025-04-07T14:13:58.196+0000] {RSS_DAG.py:114} WARNING - Получено сообщение без GUID. Пропускаем проверку дубликатов и добавляем.
[2025-04-07T14:13:58.197+0000] {RSS_DAG.py:99} WARNING - Не найдено содержимое для анализа тональности в сообщении N/A
[2025-04-07T14:13:58.198+0000] {RSS_DAG.py:107} INFO - Сообщение с guid None.
[2025-04-07T14:13:58.198+0000] {RSS_DAG.py:114} WARNING - Получено сообщение без GUID. Пропускаем проверку дубликатов и добавляем.
[2025-04-07T14:13:58.199+0000] {RSS_DAG.py:99} WARNING - Не найдено содержимое для анализа тональности в сообщении N/A
[2025-04-07T14:13:58.199+0000] {RSS_DAG.py:107} INFO - Сообщение с guid None.
[2025-04-07T14:13:58.199+0000] {RSS_DAG.py:114} WARNING - Получено сообщение без GUID. Пропускаем проверку дубликатов и добавляем.
[2025-04-07T14:13:58.200+0000] {RSS_DAG.py:99} WARNING - Не найдено содержимое для анализа тональности в сообщении N/A
[2025-04-07T14:13:58.201+0000] {RSS_DAG.py:107} INFO - Сообщение с guid None.
[2025-04-07T14:13:58.201+0000] {RSS_DAG.py:114} WARNING - Получено сообщение без GUID. Пропускаем проверку дубликатов и добавляем.
[2025-04-07T14:13:58.201+0000] {RSS_DAG.py:99} WARNING - Не найдено содержимое для анализа тональности в сообщении N/A
[2025-04-07T14:13:58.202+0000] {RSS_DAG.py:107} INFO - Сообщение с guid None.
[2025-04-07T14:13:58.202+0000] {RSS_DAG.py:114} WARNING - Получено сообщение без GUID. Пропускаем проверку дубликатов и добавляем.
[2025-04-07T14:13:58.202+0000] {RSS_DAG.py:99} WARNING - Не найдено содержимое для анализа тональности в сообщении N/A
[2025-04-07T14:13:58.203+0000] {RSS_DAG.py:107} INFO - Сообщение с guid None.
[2025-04-07T14:13:58.203+0000] {RSS_DAG.py:114} WARNING - Получено сообщение без GUID. Пропускаем проверку дубликатов и добавляем.
[2025-04-07T14:13:58.203+0000] {RSS_DAG.py:99} WARNING - Не найдено содержимое для анализа тональности в сообщении N/A
[2025-04-07T14:13:58.204+0000] {RSS_DAG.py:107} INFO - Сообщение с guid None.
[2025-04-07T14:13:58.204+0000] {RSS_DAG.py:114} WARNING - Получено сообщение без GUID. Пропускаем проверку дубликатов и добавляем.
[2025-04-07T14:13:58.204+0000] {RSS_DAG.py:99} WARNING - Не найдено содержимое для анализа тональности в сообщении N/A
[2025-04-07T14:13:58.204+0000] {RSS_DAG.py:107} INFO - Сообщение с guid None.
[2025-04-07T14:13:58.205+0000] {RSS_DAG.py:114} WARNING - Получено сообщение без GUID. Пропускаем проверку дубликатов и добавляем.
[2025-04-07T14:13:58.205+0000] {RSS_DAG.py:99} WARNING - Не найдено содержимое для анализа тональности в сообщении N/A
[2025-04-07T14:13:58.205+0000] {RSS_DAG.py:107} INFO - Сообщение с guid None.
[2025-04-07T14:13:58.206+0000] {RSS_DAG.py:114} WARNING - Получено сообщение без GUID. Пропускаем проверку дубликатов и добавляем.
[2025-04-07T14:13:58.206+0000] {RSS_DAG.py:99} WARNING - Не найдено содержимое для анализа тональности в сообщении N/A
[2025-04-07T14:13:58.207+0000] {RSS_DAG.py:107} INFO - Сообщение с guid None.
[2025-04-07T14:13:58.207+0000] {RSS_DAG.py:114} WARNING - Получено сообщение без GUID. Пропускаем проверку дубликатов и добавляем.
[2025-04-07T14:13:58.207+0000] {RSS_DAG.py:99} WARNING - Не найдено содержимое для анализа тональности в сообщении N/A
[2025-04-07T14:13:58.208+0000] {RSS_DAG.py:107} INFO - Сообщение с guid None.
[2025-04-07T14:13:58.208+0000] {RSS_DAG.py:114} WARNING - Получено сообщение без GUID. Пропускаем проверку дубликатов и добавляем.
[2025-04-07T14:13:58.209+0000] {RSS_DAG.py:99} WARNING - Не найдено содержимое для анализа тональности в сообщении N/A
[2025-04-07T14:13:58.209+0000] {RSS_DAG.py:107} INFO - Сообщение с guid None.
[2025-04-07T14:13:58.209+0000] {RSS_DAG.py:114} WARNING - Получено сообщение без GUID. Пропускаем проверку дубликатов и добавляем.
[2025-04-07T14:13:58.209+0000] {RSS_DAG.py:99} WARNING - Не найдено содержимое для анализа тональности в сообщении N/A
[2025-04-07T14:13:58.210+0000] {RSS_DAG.py:107} INFO - Сообщение с guid None.
[2025-04-07T14:13:58.210+0000] {RSS_DAG.py:114} WARNING - Получено сообщение без GUID. Пропускаем проверку дубликатов и добавляем.
[2025-04-07T14:13:58.211+0000] {RSS_DAG.py:99} WARNING - Не найдено содержимое для анализа тональности в сообщении N/A
[2025-04-07T14:13:58.213+0000] {RSS_DAG.py:107} INFO - Сообщение с guid None.
[2025-04-07T14:13:58.214+0000] {RSS_DAG.py:114} WARNING - Получено сообщение без GUID. Пропускаем проверку дубликатов и добавляем.
[2025-04-07T14:13:58.215+0000] {RSS_DAG.py:99} WARNING - Не найдено содержимое для анализа тональности в сообщении N/A
[2025-04-07T14:13:58.215+0000] {RSS_DAG.py:107} INFO - Сообщение с guid None.
[2025-04-07T14:13:58.215+0000] {RSS_DAG.py:114} WARNING - Получено сообщение без GUID. Пропускаем проверку дубликатов и добавляем.
[2025-04-07T14:13:58.216+0000] {RSS_DAG.py:99} WARNING - Не найдено содержимое для анализа тональности в сообщении N/A
[2025-04-07T14:13:58.216+0000] {RSS_DAG.py:107} INFO - Сообщение с guid None.
[2025-04-07T14:13:58.217+0000] {RSS_DAG.py:114} WARNING - Получено сообщение без GUID. Пропускаем проверку дубликатов и добавляем.
[2025-04-07T14:13:58.218+0000] {RSS_DAG.py:99} WARNING - Не найдено содержимое для анализа тональности в сообщении N/A
[2025-04-07T14:13:58.218+0000] {RSS_DAG.py:107} INFO - Сообщение с guid None.
[2025-04-07T14:13:58.218+0000] {RSS_DAG.py:114} WARNING - Получено сообщение без GUID. Пропускаем проверку дубликатов и добавляем.
[2025-04-07T14:13:58.219+0000] {RSS_DAG.py:99} WARNING - Не найдено содержимое для анализа тональности в сообщении N/A
[2025-04-07T14:13:58.219+0000] {RSS_DAG.py:107} INFO - Сообщение с guid None.
[2025-04-07T14:13:58.220+0000] {RSS_DAG.py:114} WARNING - Получено сообщение без GUID. Пропускаем проверку дубликатов и добавляем.
[2025-04-07T14:13:58.220+0000] {RSS_DAG.py:99} WARNING - Не найдено содержимое для анализа тональности в сообщении N/A
[2025-04-07T14:13:58.220+0000] {RSS_DAG.py:107} INFO - Сообщение с guid None.
[2025-04-07T14:13:58.221+0000] {RSS_DAG.py:114} WARNING - Получено сообщение без GUID. Пропускаем проверку дубликатов и добавляем.
[2025-04-07T14:13:58.221+0000] {RSS_DAG.py:99} WARNING - Не найдено содержимое для анализа тональности в сообщении N/A
[2025-04-07T14:13:58.221+0000] {RSS_DAG.py:107} INFO - Сообщение с guid None.
[2025-04-07T14:13:58.222+0000] {RSS_DAG.py:114} WARNING - Получено сообщение без GUID. Пропускаем проверку дубликатов и добавляем.
[2025-04-07T14:13:58.222+0000] {RSS_DAG.py:99} WARNING - Не найдено содержимое для анализа тональности в сообщении N/A
[2025-04-07T14:13:58.223+0000] {RSS_DAG.py:107} INFO - Сообщение с guid None.
[2025-04-07T14:13:58.224+0000] {RSS_DAG.py:114} WARNING - Получено сообщение без GUID. Пропускаем проверку дубликатов и добавляем.
[2025-04-07T14:13:58.228+0000] {RSS_DAG.py:99} WARNING - Не найдено содержимое для анализа тональности в сообщении N/A
[2025-04-07T14:13:58.228+0000] {RSS_DAG.py:107} INFO - Сообщение с guid None.
[2025-04-07T14:13:58.230+0000] {RSS_DAG.py:114} WARNING - Получено сообщение без GUID. Пропускаем проверку дубликатов и добавляем.
[2025-04-07T14:13:58.231+0000] {RSS_DAG.py:99} WARNING - Не найдено содержимое для анализа тональности в сообщении N/A
[2025-04-07T14:13:58.231+0000] {RSS_DAG.py:107} INFO - Сообщение с guid None.
[2025-04-07T14:13:58.231+0000] {RSS_DAG.py:114} WARNING - Получено сообщение без GUID. Пропускаем проверку дубликатов и добавляем.
[2025-04-07T14:13:58.232+0000] {RSS_DAG.py:99} WARNING - Не найдено содержимое для анализа тональности в сообщении N/A
[2025-04-07T14:13:58.232+0000] {RSS_DAG.py:107} INFO - Сообщение с guid None.
[2025-04-07T14:13:58.233+0000] {RSS_DAG.py:114} WARNING - Получено сообщение без GUID. Пропускаем проверку дубликатов и добавляем.
[2025-04-07T14:13:58.350+0000] {RSS_DAG.py:107} INFO - Сообщение с guid None.
[2025-04-07T14:13:58.350+0000] {RSS_DAG.py:114} WARNING - Получено сообщение без GUID. Пропускаем проверку дубликатов и добавляем.
[2025-04-07T14:13:58.372+0000] {RSS_DAG.py:107} INFO - Сообщение с guid None.
[2025-04-07T14:13:58.372+0000] {RSS_DAG.py:114} WARNING - Получено сообщение без GUID. Пропускаем проверку дубликатов и добавляем.
[2025-04-07T14:13:58.393+0000] {RSS_DAG.py:107} INFO - Сообщение с guid None.
[2025-04-07T14:13:58.394+0000] {RSS_DAG.py:114} WARNING - Получено сообщение без GUID. Пропускаем проверку дубликатов и добавляем.
[2025-04-07T14:13:58.410+0000] {RSS_DAG.py:107} INFO - Сообщение с guid None.
[2025-04-07T14:13:58.411+0000] {RSS_DAG.py:114} WARNING - Получено сообщение без GUID. Пропускаем проверку дубликатов и добавляем.
[2025-04-07T14:13:58.426+0000] {RSS_DAG.py:107} INFO - Сообщение с guid None.
[2025-04-07T14:13:58.427+0000] {RSS_DAG.py:114} WARNING - Получено сообщение без GUID. Пропускаем проверку дубликатов и добавляем.
[2025-04-07T14:13:58.443+0000] {RSS_DAG.py:107} INFO - Сообщение с guid None.
[2025-04-07T14:13:58.444+0000] {RSS_DAG.py:114} WARNING - Получено сообщение без GUID. Пропускаем проверку дубликатов и добавляем.
[2025-04-07T14:13:58.455+0000] {RSS_DAG.py:107} INFO - Сообщение с guid None.
[2025-04-07T14:13:58.456+0000] {RSS_DAG.py:114} WARNING - Получено сообщение без GUID. Пропускаем проверку дубликатов и добавляем.
[2025-04-07T14:13:58.471+0000] {RSS_DAG.py:107} INFO - Сообщение с guid None.
[2025-04-07T14:13:58.472+0000] {RSS_DAG.py:114} WARNING - Получено сообщение без GUID. Пропускаем проверку дубликатов и добавляем.
[2025-04-07T14:13:58.494+0000] {RSS_DAG.py:107} INFO - Сообщение с guid None.
[2025-04-07T14:13:58.494+0000] {RSS_DAG.py:114} WARNING - Получено сообщение без GUID. Пропускаем проверку дубликатов и добавляем.
[2025-04-07T14:13:58.510+0000] {RSS_DAG.py:107} INFO - Сообщение с guid None.
[2025-04-07T14:13:58.511+0000] {RSS_DAG.py:114} WARNING - Получено сообщение без GUID. Пропускаем проверку дубликатов и добавляем.
[2025-04-07T14:13:58.527+0000] {RSS_DAG.py:107} INFO - Сообщение с guid None.
[2025-04-07T14:13:58.528+0000] {RSS_DAG.py:114} WARNING - Получено сообщение без GUID. Пропускаем проверку дубликатов и добавляем.
[2025-04-07T14:13:58.543+0000] {RSS_DAG.py:107} INFO - Сообщение с guid None.
[2025-04-07T14:13:58.544+0000] {RSS_DAG.py:114} WARNING - Получено сообщение без GUID. Пропускаем проверку дубликатов и добавляем.
[2025-04-07T14:13:58.559+0000] {RSS_DAG.py:107} INFO - Сообщение с guid None.
[2025-04-07T14:13:58.560+0000] {RSS_DAG.py:114} WARNING - Получено сообщение без GUID. Пропускаем проверку дубликатов и добавляем.
[2025-04-07T14:13:58.580+0000] {RSS_DAG.py:107} INFO - Сообщение с guid None.
[2025-04-07T14:13:58.581+0000] {RSS_DAG.py:114} WARNING - Получено сообщение без GUID. Пропускаем проверку дубликатов и добавляем.
[2025-04-07T14:13:58.601+0000] {RSS_DAG.py:107} INFO - Сообщение с guid None.
[2025-04-07T14:13:58.601+0000] {RSS_DAG.py:114} WARNING - Получено сообщение без GUID. Пропускаем проверку дубликатов и добавляем.
[2025-04-07T14:13:58.619+0000] {RSS_DAG.py:107} INFO - Сообщение с guid None.
[2025-04-07T14:13:58.620+0000] {RSS_DAG.py:114} WARNING - Получено сообщение без GUID. Пропускаем проверку дубликатов и добавляем.
[2025-04-07T14:13:58.636+0000] {RSS_DAG.py:107} INFO - Сообщение с guid None.
[2025-04-07T14:13:58.637+0000] {RSS_DAG.py:114} WARNING - Получено сообщение без GUID. Пропускаем проверку дубликатов и добавляем.
[2025-04-07T14:13:58.652+0000] {RSS_DAG.py:107} INFO - Сообщение с guid None.
[2025-04-07T14:13:58.652+0000] {RSS_DAG.py:114} WARNING - Получено сообщение без GUID. Пропускаем проверку дубликатов и добавляем.
[2025-04-07T14:13:58.670+0000] {RSS_DAG.py:107} INFO - Сообщение с guid None.
[2025-04-07T14:13:58.671+0000] {RSS_DAG.py:114} WARNING - Получено сообщение без GUID. Пропускаем проверку дубликатов и добавляем.
[2025-04-07T14:13:58.685+0000] {RSS_DAG.py:107} INFO - Сообщение с guid None.
[2025-04-07T14:13:58.686+0000] {RSS_DAG.py:114} WARNING - Получено сообщение без GUID. Пропускаем проверку дубликатов и добавляем.
[2025-04-07T14:13:58.701+0000] {RSS_DAG.py:107} INFO - Сообщение с guid None.
[2025-04-07T14:13:58.702+0000] {RSS_DAG.py:114} WARNING - Получено сообщение без GUID. Пропускаем проверку дубликатов и добавляем.
[2025-04-07T14:13:58.718+0000] {RSS_DAG.py:107} INFO - Сообщение с guid None.
[2025-04-07T14:13:58.719+0000] {RSS_DAG.py:114} WARNING - Получено сообщение без GUID. Пропускаем проверку дубликатов и добавляем.
[2025-04-07T14:13:58.735+0000] {RSS_DAG.py:107} INFO - Сообщение с guid None.
[2025-04-07T14:13:58.736+0000] {RSS_DAG.py:114} WARNING - Получено сообщение без GUID. Пропускаем проверку дубликатов и добавляем.
[2025-04-07T14:13:58.749+0000] {RSS_DAG.py:107} INFO - Сообщение с guid None.
[2025-04-07T14:13:58.750+0000] {RSS_DAG.py:114} WARNING - Получено сообщение без GUID. Пропускаем проверку дубликатов и добавляем.
[2025-04-07T14:13:58.766+0000] {RSS_DAG.py:107} INFO - Сообщение с guid None.
[2025-04-07T14:13:58.767+0000] {RSS_DAG.py:114} WARNING - Получено сообщение без GUID. Пропускаем проверку дубликатов и добавляем.
[2025-04-07T14:13:58.767+0000] {RSS_DAG.py:126} INFO - Обработаны все ожидаемые сообщения или счетчик достиг нуля.
[2025-04-07T14:13:58.767+0000] {RSS_DAG.py:129} INFO - Вставка 56 новых сообщений в MongoDB.
[2025-04-07T14:13:58.825+0000] {RSS_DAG.py:151} INFO - Попытка остановить потребителя RabbitMQ...
[2025-04-07T14:13:58.826+0000] {RSS_DAG.py:153} INFO - Остановлено потребление сообщений RabbitMQ.
[2025-04-07T14:13:58.827+0000] {RSS_DAG.py:193} INFO - Потребление RabbitMQ завершено.
[2025-04-07T14:13:58.828+0000] {blocking_connection.py:802} INFO - Closing connection (200): Normal shutdown
[2025-04-07T14:13:58.828+0000] {channel.py:536} INFO - Closing channel (200): 'Normal shutdown' on <Channel number=1 OPEN conn=<SelectConnection OPEN transport=<pika.adapters.utils.io_services_utils._AsyncPlaintextTransport object at 0x7ff01bfe2000> params=<ConnectionParameters host=rabbitmq port=5672 virtual_host=/ ssl=False>>>
[2025-04-07T14:13:58.830+0000] {channel.py:1133} INFO - Received <Channel.CloseOk> on <Channel number=1 CLOSING conn=<SelectConnection OPEN transport=<pika.adapters.utils.io_services_utils._AsyncPlaintextTransport object at 0x7ff01bfe2000> params=<ConnectionParameters host=rabbitmq port=5672 virtual_host=/ ssl=False>>>
[2025-04-07T14:13:58.830+0000] {connection.py:1316} INFO - Closing connection (200): 'Normal shutdown'
[2025-04-07T14:13:58.831+0000] {io_services_utils.py:731} INFO - Aborting transport connection: state=1; <socket.socket fd=98, family=2, type=1, proto=6, laddr=('172.28.0.18', 36090), raddr=('172.28.0.11', 5672)>
[2025-04-07T14:13:58.832+0000] {io_services_utils.py:904} INFO - _AsyncTransportBase._initate_abort(): Initiating abrupt asynchronous transport shutdown: state=1; error=None; <socket.socket fd=98, family=2, type=1, proto=6, laddr=('172.28.0.18', 36090), raddr=('172.28.0.11', 5672)>
[2025-04-07T14:13:58.832+0000] {io_services_utils.py:869} INFO - Deactivating transport: state=1; <socket.socket fd=98, family=2, type=1, proto=6, laddr=('172.28.0.18', 36090), raddr=('172.28.0.11', 5672)>
[2025-04-07T14:13:58.833+0000] {connection.py:2017} INFO - AMQP stack terminated, failed to connect, or aborted: opened=True, error-arg=None; pending-error=ConnectionClosedByClient: (200) 'Normal shutdown'
[2025-04-07T14:13:58.834+0000] {connection.py:2086} INFO - Stack terminated due to ConnectionClosedByClient: (200) 'Normal shutdown'
[2025-04-07T14:13:58.834+0000] {io_services_utils.py:882} INFO - Closing transport socket and unlinking: state=3; <socket.socket fd=98, family=2, type=1, proto=6, laddr=('172.28.0.18', 36090), raddr=('172.28.0.11', 5672)>
[2025-04-07T14:13:58.835+0000] {blocking_connection.py:525} INFO - User-initiated close: result=(<SelectConnection CLOSED transport=None params=<ConnectionParameters host=rabbitmq port=5672 virtual_host=/ ssl=False>>, ConnectionClosedByClient: (200) 'Normal shutdown')
[2025-04-07T14:13:58.845+0000] {python.py:237} INFO - Done. Returned value was: None
[2025-04-07T14:13:58.846+0000] {taskinstance.py:441} INFO - ::group::Post task execution logs
[2025-04-07T14:13:58.853+0000] {taskinstance.py:1206} INFO - Marking task as SUCCESS. dag_id=RSS, task_id=process_news, run_id=manual__2025-04-07T14:13:42.781808+00:00, execution_date=20250407T141342, start_date=20250407T141357, end_date=20250407T141358
[2025-04-07T14:13:58.878+0000] {local_task_job_runner.py:240} INFO - Task exited with return code 0
[2025-04-07T14:13:58.892+0000] {taskinstance.py:3503} INFO - 0 downstream tasks scheduled from follow-on schedule check
[2025-04-07T14:13:58.895+0000] {local_task_job_runner.py:222} INFO - ::endgroup::
