[2025-04-07T14:13:48.126+0000] {local_task_job_runner.py:120} INFO - ::group::Pre task execution logs
[2025-04-07T14:13:48.146+0000] {taskinstance.py:2076} INFO - Dependencies all met for dep_context=non-requeueable deps ti=<TaskInstance: RSS.init.set_variables manual__2025-04-07T14:13:42.781808+00:00 [queued]>
[2025-04-07T14:13:48.152+0000] {taskinstance.py:2076} INFO - Dependencies all met for dep_context=requeueable deps ti=<TaskInstance: RSS.init.set_variables manual__2025-04-07T14:13:42.781808+00:00 [queued]>
[2025-04-07T14:13:48.153+0000] {taskinstance.py:2306} INFO - Starting attempt 1 of 1
[2025-04-07T14:13:48.165+0000] {taskinstance.py:2330} INFO - Executing <Task(BashOperator): init.set_variables> on 2025-04-07 14:13:42.781808+00:00
[2025-04-07T14:13:48.177+0000] {warnings.py:112} WARNING - /home/***/.local/lib/python3.12/site-packages/***/task/task_runner/standard_task_runner.py:61: DeprecationWarning: This process (pid=199) is multi-threaded, use of fork() may lead to deadlocks in the child.
  pid = os.fork()

[2025-04-07T14:13:48.179+0000] {standard_task_runner.py:63} INFO - Started process 201 to run task
[2025-04-07T14:13:48.179+0000] {standard_task_runner.py:90} INFO - Running: ['***', 'tasks', 'run', 'RSS', 'init.set_variables', 'manual__2025-04-07T14:13:42.781808+00:00', '--job-id', '162', '--raw', '--subdir', 'DAGS_FOLDER/RSS_DAG.py', '--cfg-path', '/tmp/tmp2ihi63dw']
[2025-04-07T14:13:48.181+0000] {standard_task_runner.py:91} INFO - Job 162: Subtask init.set_variables
[2025-04-07T14:13:48.219+0000] {task_command.py:426} INFO - Running <TaskInstance: RSS.init.set_variables manual__2025-04-07T14:13:42.781808+00:00 [running]> on host 5986bb29e517
[2025-04-07T14:13:48.289+0000] {taskinstance.py:2648} INFO - Exporting env vars: AIRFLOW_CTX_DAG_OWNER='user' AIRFLOW_CTX_DAG_ID='RSS' AIRFLOW_CTX_TASK_ID='init.set_variables' AIRFLOW_CTX_EXECUTION_DATE='2025-04-07T14:13:42.781808+00:00' AIRFLOW_CTX_TRY_NUMBER='1' AIRFLOW_CTX_DAG_RUN_ID='manual__2025-04-07T14:13:42.781808+00:00'
[2025-04-07T14:13:48.290+0000] {taskinstance.py:430} INFO - ::endgroup::
[2025-04-07T14:13:48.310+0000] {subprocess.py:63} INFO - Tmp dir root location: /tmp
[2025-04-07T14:13:48.311+0000] {subprocess.py:75} INFO - Running command: ['/usr/bin/bash', '-c', '*** variables import /opt/***/variables.json']
[2025-04-07T14:13:48.337+0000] {subprocess.py:86} INFO - Output:
[2025-04-07T14:13:51.181+0000] {subprocess.py:93} INFO - [[34m2025-04-07T14:13:51.180+0000[0m] {[34mcrypto.py:[0m82} WARNING[0m - empty cryptography key - values will not be stored encrypted.[0m
[2025-04-07T14:13:51.235+0000] {subprocess.py:93} INFO - 11 of 11 variables successfully updated.
[2025-04-07T14:13:51.591+0000] {subprocess.py:97} INFO - Command exited with return code 0
[2025-04-07T14:13:51.592+0000] {taskinstance.py:441} INFO - ::group::Post task execution logs
[2025-04-07T14:13:51.612+0000] {taskinstance.py:1206} INFO - Marking task as SUCCESS. dag_id=RSS, task_id=init.set_variables, run_id=manual__2025-04-07T14:13:42.781808+00:00, execution_date=20250407T141342, start_date=20250407T141348, end_date=20250407T141351
[2025-04-07T14:13:51.641+0000] {local_task_job_runner.py:240} INFO - Task exited with return code 0
[2025-04-07T14:13:51.652+0000] {taskinstance.py:3503} INFO - 0 downstream tasks scheduled from follow-on schedule check
[2025-04-07T14:13:51.656+0000] {local_task_job_runner.py:222} INFO - ::endgroup::
