[2025-04-09T08:21:39.556+0000] {local_task_job_runner.py:120} INFO - ::group::Pre task execution logs
[2025-04-09T08:21:39.591+0000] {taskinstance.py:2076} INFO - Dependencies all met for dep_context=non-requeueable deps ti=<TaskInstance: Telegram.init.set_variables manual__2025-04-09T08:21:33.701005+00:00 [queued]>
[2025-04-09T08:21:39.598+0000] {taskinstance.py:2076} INFO - Dependencies all met for dep_context=requeueable deps ti=<TaskInstance: Telegram.init.set_variables manual__2025-04-09T08:21:33.701005+00:00 [queued]>
[2025-04-09T08:21:39.599+0000] {taskinstance.py:2306} INFO - Starting attempt 1 of 1
[2025-04-09T08:21:39.619+0000] {taskinstance.py:2330} INFO - Executing <Task(BashOperator): init.set_variables> on 2025-04-09 08:21:33.701005+00:00
[2025-04-09T08:21:39.631+0000] {warnings.py:112} WARNING - /home/***/.local/lib/python3.12/site-packages/***/task/task_runner/standard_task_runner.py:61: DeprecationWarning: This process (pid=90) is multi-threaded, use of fork() may lead to deadlocks in the child.
  pid = os.fork()

[2025-04-09T08:21:39.633+0000] {standard_task_runner.py:63} INFO - Started process 93 to run task
[2025-04-09T08:21:39.633+0000] {standard_task_runner.py:90} INFO - Running: ['***', 'tasks', 'run', 'Telegram', 'init.set_variables', 'manual__2025-04-09T08:21:33.701005+00:00', '--job-id', '221', '--raw', '--subdir', 'DAGS_FOLDER/TG_MSG_DAG.py', '--cfg-path', '/tmp/tmpjkwy6fww']
[2025-04-09T08:21:39.636+0000] {standard_task_runner.py:91} INFO - Job 221: Subtask init.set_variables
[2025-04-09T08:21:39.678+0000] {task_command.py:426} INFO - Running <TaskInstance: Telegram.init.set_variables manual__2025-04-09T08:21:33.701005+00:00 [running]> on host fc960ba5f8ab
[2025-04-09T08:21:39.741+0000] {taskinstance.py:2648} INFO - Exporting env vars: AIRFLOW_CTX_DAG_OWNER='user' AIRFLOW_CTX_DAG_ID='Telegram' AIRFLOW_CTX_TASK_ID='init.set_variables' AIRFLOW_CTX_EXECUTION_DATE='2025-04-09T08:21:33.701005+00:00' AIRFLOW_CTX_TRY_NUMBER='1' AIRFLOW_CTX_DAG_RUN_ID='manual__2025-04-09T08:21:33.701005+00:00'
[2025-04-09T08:21:39.742+0000] {taskinstance.py:430} INFO - ::endgroup::
[2025-04-09T08:21:39.767+0000] {subprocess.py:63} INFO - Tmp dir root location: /tmp
[2025-04-09T08:21:39.768+0000] {subprocess.py:75} INFO - Running command: ['/usr/bin/bash', '-c', '*** variables import /opt/***/variables.json']
[2025-04-09T08:21:39.786+0000] {subprocess.py:86} INFO - Output:
[2025-04-09T08:21:41.992+0000] {subprocess.py:93} INFO - [[34m2025-04-09T08:21:41.991+0000[0m] {[34mcrypto.py:[0m82} WARNING[0m - empty cryptography key - values will not be stored encrypted.[0m
[2025-04-09T08:21:42.047+0000] {subprocess.py:93} INFO - 11 of 11 variables successfully updated.
[2025-04-09T08:21:42.403+0000] {subprocess.py:97} INFO - Command exited with return code 0
[2025-04-09T08:21:42.404+0000] {taskinstance.py:441} INFO - ::group::Post task execution logs
[2025-04-09T08:21:42.423+0000] {taskinstance.py:1206} INFO - Marking task as SUCCESS. dag_id=Telegram, task_id=init.set_variables, run_id=manual__2025-04-09T08:21:33.701005+00:00, execution_date=20250409T082133, start_date=20250409T082139, end_date=20250409T082142
[2025-04-09T08:21:42.452+0000] {local_task_job_runner.py:240} INFO - Task exited with return code 0
[2025-04-09T08:21:42.469+0000] {taskinstance.py:3503} INFO - 1 downstream tasks scheduled from follow-on schedule check
[2025-04-09T08:21:42.473+0000] {local_task_job_runner.py:222} INFO - ::endgroup::
